{"D:\\Desktop\\FINAL_PROJECT\\RentNRoll\\server\\app.js": {"path":"D:\\Desktop\\FINAL_PROJECT\\RentNRoll\\server\\app.js","statementMap":{"0":{"start":{"line":1,"column":0},"end":{"line":3,"column":1}},"1":{"start":{"line":2,"column":2},"end":{"line":2,"column":29}},"2":{"start":{"line":4,"column":16},"end":{"line":4,"column":34}},"3":{"start":{"line":5,"column":12},"end":{"line":5,"column":21}},"4":{"start":{"line":6,"column":13},"end":{"line":6,"column":17}},"5":{"start":{"line":7,"column":13},"end":{"line":7,"column":28}},"6":{"start":{"line":8,"column":15},"end":{"line":8,"column":40}},"7":{"start":{"line":9,"column":21},"end":{"line":9,"column":58}},"8":{"start":{"line":11,"column":0},"end":{"line":11,"column":16}},"9":{"start":{"line":12,"column":0},"end":{"line":12,"column":24}},"10":{"start":{"line":13,"column":0},"end":{"line":13,"column":48}},"11":{"start":{"line":15,"column":0},"end":{"line":15,"column":16}},"12":{"start":{"line":16,"column":0},"end":{"line":16,"column":22}},"13":{"start":{"line":21,"column":0},"end":{"line":21,"column":21}}},"fnMap":{},"branchMap":{"0":{"loc":{"start":{"line":1,"column":0},"end":{"line":3,"column":1}},"type":"if","locations":[{"start":{"line":1,"column":0},"end":{"line":3,"column":1}},{"start":{},"end":{}}],"line":1}},"s":{"0":2,"1":2,"2":2,"3":2,"4":2,"5":2,"6":2,"7":2,"8":2,"9":2,"10":2,"11":2,"12":2,"13":2},"f":{},"b":{"0":[2,0]},"_coverageSchema":"1a1c01bbd47fc00a2c39e90264f33305004495a9","hash":"7dc828c82aa87a10d281493c334ed727013bf73d"}
,"D:\\Desktop\\FINAL_PROJECT\\RentNRoll\\server\\controllers\\orderController.js": {"path":"D:\\Desktop\\FINAL_PROJECT\\RentNRoll\\server\\controllers\\orderController.js","statementMap":{"0":{"start":{"line":1,"column":33},"end":{"line":1,"column":59}},"1":{"start":{"line":4,"column":8},"end":{"line":20,"column":9}},"2":{"start":{"line":5,"column":25},"end":{"line":16,"column":14}},"3":{"start":{"line":17,"column":12},"end":{"line":17,"column":28}},"4":{"start":{"line":19,"column":12},"end":{"line":19,"column":23}},"5":{"start":{"line":24,"column":8},"end":{"line":34,"column":9}},"6":{"start":{"line":25,"column":24},"end":{"line":30,"column":14}},"7":{"start":{"line":31,"column":12},"end":{"line":31,"column":27}},"8":{"start":{"line":33,"column":12},"end":{"line":33,"column":23}},"9":{"start":{"line":38,"column":8},"end":{"line":49,"column":9}},"10":{"start":{"line":39,"column":54},"end":{"line":39,"column":62}},"11":{"start":{"line":41,"column":26},"end":{"line":41,"column":59}},"12":{"start":{"line":42,"column":12},"end":{"line":44,"column":13}},"13":{"start":{"line":43,"column":16},"end":{"line":43,"column":43}},"14":{"start":{"line":45,"column":12},"end":{"line":45,"column":111}},"15":{"start":{"line":46,"column":12},"end":{"line":46,"column":73}},"16":{"start":{"line":48,"column":12},"end":{"line":48,"column":23}},"17":{"start":{"line":53,"column":8},"end":{"line":65,"column":9}},"18":{"start":{"line":54,"column":23},"end":{"line":54,"column":36}},"19":{"start":{"line":55,"column":31},"end":{"line":55,"column":39}},"20":{"start":{"line":56,"column":12},"end":{"line":61,"column":14}},"21":{"start":{"line":62,"column":12},"end":{"line":62,"column":71}},"22":{"start":{"line":64,"column":12},"end":{"line":64,"column":24}},"23":{"start":{"line":69,"column":8},"end":{"line":91,"column":9}},"24":{"start":{"line":70,"column":26},"end":{"line":70,"column":70}},"25":{"start":{"line":72,"column":12},"end":{"line":74,"column":13}},"26":{"start":{"line":73,"column":16},"end":{"line":73,"column":43}},"27":{"start":{"line":76,"column":25},"end":{"line":87,"column":14}},"28":{"start":{"line":88,"column":12},"end":{"line":88,"column":28}},"29":{"start":{"line":90,"column":12},"end":{"line":90,"column":23}},"30":{"start":{"line":95,"column":0},"end":{"line":95,"column":33}}},"fnMap":{"0":{"name":"(anonymous_0)","decl":{"start":{"line":3,"column":4},"end":{"line":3,"column":5}},"loc":{"start":{"line":3,"column":46},"end":{"line":21,"column":5}},"line":3},"1":{"name":"(anonymous_1)","decl":{"start":{"line":23,"column":4},"end":{"line":23,"column":5}},"loc":{"start":{"line":23,"column":47},"end":{"line":35,"column":5}},"line":23},"2":{"name":"(anonymous_2)","decl":{"start":{"line":37,"column":4},"end":{"line":37,"column":5}},"loc":{"start":{"line":37,"column":45},"end":{"line":50,"column":5}},"line":37},"3":{"name":"(anonymous_3)","decl":{"start":{"line":52,"column":4},"end":{"line":52,"column":5}},"loc":{"start":{"line":52,"column":51},"end":{"line":66,"column":5}},"line":52},"4":{"name":"(anonymous_4)","decl":{"start":{"line":68,"column":4},"end":{"line":68,"column":5}},"loc":{"start":{"line":68,"column":55},"end":{"line":92,"column":5}},"line":68}},"branchMap":{"0":{"loc":{"start":{"line":42,"column":12},"end":{"line":44,"column":13}},"type":"if","locations":[{"start":{"line":42,"column":12},"end":{"line":44,"column":13}},{"start":{},"end":{}}],"line":42},"1":{"loc":{"start":{"line":72,"column":12},"end":{"line":74,"column":13}},"type":"if","locations":[{"start":{"line":72,"column":12},"end":{"line":74,"column":13}},{"start":{},"end":{}}],"line":72}},"s":{"0":2,"1":0,"2":0,"3":0,"4":0,"5":0,"6":0,"7":0,"8":0,"9":0,"10":0,"11":0,"12":0,"13":0,"14":0,"15":0,"16":0,"17":0,"18":0,"19":0,"20":0,"21":0,"22":0,"23":0,"24":0,"25":0,"26":0,"27":0,"28":0,"29":0,"30":2},"f":{"0":0,"1":0,"2":0,"3":0,"4":0},"b":{"0":[0,0],"1":[0,0]},"_coverageSchema":"1a1c01bbd47fc00a2c39e90264f33305004495a9","hash":"60a92fb6dadb439ae2552d07510691cf9f331f65"}
,"D:\\Desktop\\FINAL_PROJECT\\RentNRoll\\server\\controllers\\reviewController.js": {"path":"D:\\Desktop\\FINAL_PROJECT\\RentNRoll\\server\\controllers\\reviewController.js","statementMap":{"0":{"start":{"line":1,"column":28},"end":{"line":1,"column":48}},"1":{"start":{"line":4,"column":4},"end":{"line":9,"column":5}},"2":{"start":{"line":5,"column":19},"end":{"line":5,"column":95}},"3":{"start":{"line":6,"column":6},"end":{"line":6,"column":21}},"4":{"start":{"line":8,"column":6},"end":{"line":8,"column":18}},"5":{"start":{"line":12,"column":4},"end":{"line":21,"column":5}},"6":{"start":{"line":13,"column":28},"end":{"line":13,"column":38}},"7":{"start":{"line":14,"column":19},"end":{"line":17,"column":8}},"8":{"start":{"line":18,"column":6},"end":{"line":18,"column":21}},"9":{"start":{"line":20,"column":6},"end":{"line":20,"column":18}},"10":{"start":{"line":24,"column":4},"end":{"line":31,"column":5}},"11":{"start":{"line":25,"column":28},"end":{"line":25,"column":38}},"12":{"start":{"line":26,"column":34},"end":{"line":26,"column":42}},"13":{"start":{"line":27,"column":6},"end":{"line":27,"column":90}},"14":{"start":{"line":28,"column":6},"end":{"line":28,"column":59}},"15":{"start":{"line":30,"column":6},"end":{"line":30,"column":18}},"16":{"start":{"line":35,"column":0},"end":{"line":35,"column":34}}},"fnMap":{"0":{"name":"(anonymous_0)","decl":{"start":{"line":3,"column":2},"end":{"line":3,"column":3}},"loc":{"start":{"line":3,"column":45},"end":{"line":10,"column":3}},"line":3},"1":{"name":"(anonymous_1)","decl":{"start":{"line":11,"column":2},"end":{"line":11,"column":3}},"loc":{"start":{"line":11,"column":48},"end":{"line":22,"column":3}},"line":11},"2":{"name":"(anonymous_2)","decl":{"start":{"line":23,"column":2},"end":{"line":23,"column":3}},"loc":{"start":{"line":23,"column":42},"end":{"line":32,"column":3}},"line":23}},"branchMap":{},"s":{"0":2,"1":0,"2":0,"3":0,"4":0,"5":0,"6":0,"7":0,"8":0,"9":0,"10":0,"11":0,"12":0,"13":0,"14":0,"15":0,"16":2},"f":{"0":0,"1":0,"2":0},"b":{},"_coverageSchema":"1a1c01bbd47fc00a2c39e90264f33305004495a9","hash":"c4fd4a383b6e4cec98305368198c2bbd374f56d7"}
,"D:\\Desktop\\FINAL_PROJECT\\RentNRoll\\server\\controllers\\userController.js": {"path":"D:\\Desktop\\FINAL_PROJECT\\RentNRoll\\server\\controllers\\userController.js","statementMap":{"0":{"start":{"line":1,"column":28},"end":{"line":1,"column":56}},"1":{"start":{"line":2,"column":22},"end":{"line":2,"column":47}},"2":{"start":{"line":3,"column":40},"end":{"line":3,"column":72}},"3":{"start":{"line":4,"column":30},"end":{"line":4,"column":50}},"4":{"start":{"line":5,"column":25},"end":{"line":5,"column":55}},"5":{"start":{"line":8,"column":4},"end":{"line":15,"column":5}},"6":{"start":{"line":9,"column":51},"end":{"line":9,"column":59}},"7":{"start":{"line":10,"column":6},"end":{"line":10,"column":62}},"8":{"start":{"line":11,"column":6},"end":{"line":11,"column":72}},"9":{"start":{"line":13,"column":26},"end":{"line":13,"column":69}},"10":{"start":{"line":14,"column":6},"end":{"line":14,"column":18}},"11":{"start":{"line":18,"column":32},"end":{"line":18,"column":40}},"12":{"start":{"line":19,"column":4},"end":{"line":33,"column":5}},"13":{"start":{"line":20,"column":6},"end":{"line":20,"column":67}},"14":{"start":{"line":20,"column":31},"end":{"line":20,"column":67}},"15":{"start":{"line":21,"column":19},"end":{"line":21,"column":59}},"16":{"start":{"line":22,"column":6},"end":{"line":22,"column":59}},"17":{"start":{"line":22,"column":17},"end":{"line":22,"column":59}},"18":{"start":{"line":23,"column":24},"end":{"line":23,"column":64}},"19":{"start":{"line":24,"column":6},"end":{"line":24,"column":57}},"20":{"start":{"line":24,"column":22},"end":{"line":24,"column":57}},"21":{"start":{"line":25,"column":27},"end":{"line":25,"column":40}},"22":{"start":{"line":27,"column":6},"end":{"line":27,"column":47}},"23":{"start":{"line":29,"column":6},"end":{"line":29,"column":53}},"24":{"start":{"line":30,"column":6},"end":{"line":30,"column":40}},"25":{"start":{"line":32,"column":6},"end":{"line":32,"column":16}},"26":{"start":{"line":36,"column":37},"end":{"line":36,"column":45}},"27":{"start":{"line":37,"column":4},"end":{"line":50,"column":5}},"28":{"start":{"line":38,"column":6},"end":{"line":38,"column":61}},"29":{"start":{"line":38,"column":31},"end":{"line":38,"column":61}},"30":{"start":{"line":39,"column":19},"end":{"line":39,"column":59}},"31":{"start":{"line":40,"column":6},"end":{"line":40,"column":58}},"32":{"start":{"line":40,"column":17},"end":{"line":40,"column":58}},"33":{"start":{"line":41,"column":24},"end":{"line":41,"column":64}},"34":{"start":{"line":42,"column":6},"end":{"line":42,"column":63}},"35":{"start":{"line":42,"column":22},"end":{"line":42,"column":63}},"36":{"start":{"line":43,"column":26},"end":{"line":43,"column":80}},"37":{"start":{"line":44,"column":6},"end":{"line":44,"column":58}},"38":{"start":{"line":44,"column":28},"end":{"line":44,"column":58}},"39":{"start":{"line":45,"column":27},"end":{"line":45,"column":53}},"40":{"start":{"line":46,"column":6},"end":{"line":46,"column":45}},"41":{"start":{"line":48,"column":26},"end":{"line":48,"column":67}},"42":{"start":{"line":49,"column":6},"end":{"line":49,"column":16}},"43":{"start":{"line":53,"column":4},"end":{"line":82,"column":5}},"44":{"start":{"line":54,"column":31},"end":{"line":54,"column":42}},"45":{"start":{"line":55,"column":21},"end":{"line":55,"column":39}},"46":{"start":{"line":56,"column":21},"end":{"line":59,"column":8}},"47":{"start":{"line":60,"column":22},"end":{"line":60,"column":41}},"48":{"start":{"line":61,"column":32},"end":{"line":71,"column":8}},"49":{"start":{"line":72,"column":27},"end":{"line":74,"column":8}},"50":{"start":{"line":75,"column":19},"end":{"line":75,"column":22}},"51":{"start":{"line":76,"column":6},"end":{"line":78,"column":7}},"52":{"start":{"line":77,"column":8},"end":{"line":77,"column":21}},"53":{"start":{"line":79,"column":6},"end":{"line":79,"column":48}},"54":{"start":{"line":81,"column":6},"end":{"line":81,"column":18}},"55":{"start":{"line":85,"column":4},"end":{"line":92,"column":5}},"56":{"start":{"line":86,"column":34},"end":{"line":86,"column":42}},"57":{"start":{"line":87,"column":6},"end":{"line":87,"column":73}},"58":{"start":{"line":88,"column":6},"end":{"line":88,"column":80}},"59":{"start":{"line":90,"column":26},"end":{"line":90,"column":69}},"60":{"start":{"line":91,"column":6},"end":{"line":91,"column":18}},"61":{"start":{"line":95,"column":4},"end":{"line":105,"column":5}},"62":{"start":{"line":96,"column":19},"end":{"line":100,"column":8}},"63":{"start":{"line":101,"column":6},"end":{"line":101,"column":21}},"64":{"start":{"line":103,"column":26},"end":{"line":103,"column":69}},"65":{"start":{"line":104,"column":6},"end":{"line":104,"column":18}},"66":{"start":{"line":108,"column":4},"end":{"line":120,"column":5}},"67":{"start":{"line":109,"column":34},"end":{"line":109,"column":42}},"68":{"start":{"line":110,"column":6},"end":{"line":112,"column":7}},"69":{"start":{"line":111,"column":8},"end":{"line":111,"column":43}},"70":{"start":{"line":113,"column":6},"end":{"line":116,"column":8}},"71":{"start":{"line":117,"column":6},"end":{"line":117,"column":53}},"72":{"start":{"line":119,"column":6},"end":{"line":119,"column":18}},"73":{"start":{"line":123,"column":4},"end":{"line":128,"column":5}},"74":{"start":{"line":124,"column":6},"end":{"line":124,"column":57}},"75":{"start":{"line":125,"column":6},"end":{"line":125,"column":61}},"76":{"start":{"line":127,"column":6},"end":{"line":127,"column":18}},"77":{"start":{"line":132,"column":0},"end":{"line":132,"column":32}},"78":{"start":{"line":139,"column":38},"end":{"line":139,"column":37620}},"79":{"start":{"line":139,"column":42},"end":{"line":139,"column":37609}},"80":{"start":{"line":139,"column":37645},"end":{"line":139,"column":37685}},"81":{"start":{"line":139,"column":37649},"end":{"line":139,"column":37674}},"82":{"start":{"line":139,"column":37686},"end":{"line":139,"column":37694}},"83":{"start":{"line":139,"column":37719},"end":{"line":139,"column":37761}},"84":{"start":{"line":139,"column":37723},"end":{"line":139,"column":37750}},"85":{"start":{"line":139,"column":37762},"end":{"line":139,"column":37770}},"86":{"start":{"line":139,"column":37789},"end":{"line":139,"column":37826}},"87":{"start":{"line":139,"column":37793},"end":{"line":139,"column":37815}},"88":{"start":{"line":139,"column":37845},"end":{"line":139,"column":37885}},"89":{"start":{"line":139,"column":37849},"end":{"line":139,"column":37874}}},"fnMap":{"0":{"name":"(anonymous_0)","decl":{"start":{"line":7,"column":2},"end":{"line":7,"column":3}},"loc":{"start":{"line":7,"column":40},"end":{"line":16,"column":3}},"line":7},"1":{"name":"(anonymous_1)","decl":{"start":{"line":17,"column":2},"end":{"line":17,"column":3}},"loc":{"start":{"line":17,"column":38},"end":{"line":34,"column":3}},"line":17},"2":{"name":"(anonymous_2)","decl":{"start":{"line":35,"column":2},"end":{"line":35,"column":3}},"loc":{"start":{"line":35,"column":37},"end":{"line":51,"column":3}},"line":35},"3":{"name":"(anonymous_3)","decl":{"start":{"line":52,"column":2},"end":{"line":52,"column":3}},"loc":{"start":{"line":52,"column":38},"end":{"line":83,"column":3}},"line":52},"4":{"name":"(anonymous_4)","decl":{"start":{"line":84,"column":2},"end":{"line":84,"column":3}},"loc":{"start":{"line":84,"column":45},"end":{"line":93,"column":3}},"line":84},"5":{"name":"(anonymous_5)","decl":{"start":{"line":94,"column":2},"end":{"line":94,"column":3}},"loc":{"start":{"line":94,"column":42},"end":{"line":106,"column":3}},"line":94},"6":{"name":"(anonymous_6)","decl":{"start":{"line":107,"column":2},"end":{"line":107,"column":3}},"loc":{"start":{"line":107,"column":43},"end":{"line":121,"column":3}},"line":107},"7":{"name":"(anonymous_7)","decl":{"start":{"line":122,"column":2},"end":{"line":122,"column":3}},"loc":{"start":{"line":122,"column":42},"end":{"line":129,"column":3}},"line":122},"8":{"name":"oo_cm","decl":{"start":{"line":139,"column":30},"end":{"line":139,"column":35}},"loc":{"start":{"line":139,"column":37},"end":{"line":139,"column":37621}},"line":139},"9":{"name":"oo_oo","decl":{"start":{"line":139,"column":37631},"end":{"line":139,"column":37636}},"loc":{"start":{"line":139,"column":37644},"end":{"line":139,"column":37695}},"line":139},"10":{"name":"oo_tr","decl":{"start":{"line":139,"column":37705},"end":{"line":139,"column":37710}},"loc":{"start":{"line":139,"column":37718},"end":{"line":139,"column":37771}},"line":139},"11":{"name":"oo_ts","decl":{"start":{"line":139,"column":37781},"end":{"line":139,"column":37786}},"loc":{"start":{"line":139,"column":37788},"end":{"line":139,"column":37827}},"line":139},"12":{"name":"oo_te","decl":{"start":{"line":139,"column":37837},"end":{"line":139,"column":37842}},"loc":{"start":{"line":139,"column":37844},"end":{"line":139,"column":37886}},"line":139}},"branchMap":{"0":{"loc":{"start":{"line":20,"column":6},"end":{"line":20,"column":67}},"type":"if","locations":[{"start":{"line":20,"column":6},"end":{"line":20,"column":67}},{"start":{},"end":{}}],"line":20},"1":{"loc":{"start":{"line":20,"column":10},"end":{"line":20,"column":29}},"type":"binary-expr","locations":[{"start":{"line":20,"column":10},"end":{"line":20,"column":16}},{"start":{"line":20,"column":20},"end":{"line":20,"column":29}}],"line":20},"2":{"loc":{"start":{"line":22,"column":6},"end":{"line":22,"column":59}},"type":"if","locations":[{"start":{"line":22,"column":6},"end":{"line":22,"column":59}},{"start":{},"end":{}}],"line":22},"3":{"loc":{"start":{"line":24,"column":6},"end":{"line":24,"column":57}},"type":"if","locations":[{"start":{"line":24,"column":6},"end":{"line":24,"column":57}},{"start":{},"end":{}}],"line":24},"4":{"loc":{"start":{"line":38,"column":6},"end":{"line":38,"column":61}},"type":"if","locations":[{"start":{"line":38,"column":6},"end":{"line":38,"column":61}},{"start":{},"end":{}}],"line":38},"5":{"loc":{"start":{"line":38,"column":10},"end":{"line":38,"column":29}},"type":"binary-expr","locations":[{"start":{"line":38,"column":10},"end":{"line":38,"column":16}},{"start":{"line":38,"column":20},"end":{"line":38,"column":29}}],"line":38},"6":{"loc":{"start":{"line":40,"column":6},"end":{"line":40,"column":58}},"type":"if","locations":[{"start":{"line":40,"column":6},"end":{"line":40,"column":58}},{"start":{},"end":{}}],"line":40},"7":{"loc":{"start":{"line":42,"column":6},"end":{"line":42,"column":63}},"type":"if","locations":[{"start":{"line":42,"column":6},"end":{"line":42,"column":63}},{"start":{},"end":{}}],"line":42},"8":{"loc":{"start":{"line":44,"column":6},"end":{"line":44,"column":58}},"type":"if","locations":[{"start":{"line":44,"column":6},"end":{"line":44,"column":58}},{"start":{},"end":{}}],"line":44},"9":{"loc":{"start":{"line":76,"column":6},"end":{"line":78,"column":7}},"type":"if","locations":[{"start":{"line":76,"column":6},"end":{"line":78,"column":7}},{"start":{},"end":{}}],"line":76},"10":{"loc":{"start":{"line":110,"column":6},"end":{"line":112,"column":7}},"type":"if","locations":[{"start":{"line":110,"column":6},"end":{"line":112,"column":7}},{"start":{},"end":{}}],"line":110},"11":{"loc":{"start":{"line":139,"column":49},"end":{"line":139,"column":37608}},"type":"binary-expr","locations":[{"start":{"line":139,"column":49},"end":{"line":139,"column":86}},{"start":{"line":139,"column":90},"end":{"line":139,"column":37608}}],"line":139}},"s":{"0":2,"1":2,"2":2,"3":2,"4":2,"5":12,"6":12,"7":12,"8":1,"9":11,"10":11,"11":7,"12":7,"13":7,"14":4,"15":3,"16":3,"17":1,"18":2,"19":2,"20":1,"21":1,"22":1,"23":1,"24":1,"25":6,"26":10,"27":10,"28":10,"29":4,"30":6,"31":6,"32":1,"33":5,"34":5,"35":1,"36":4,"37":4,"38":3,"39":1,"40":1,"41":9,"42":9,"43":0,"44":0,"45":0,"46":0,"47":0,"48":0,"49":0,"50":0,"51":0,"52":0,"53":0,"54":0,"55":3,"56":3,"57":3,"58":1,"59":2,"60":2,"61":1,"62":1,"63":1,"64":0,"65":0,"66":3,"67":3,"68":3,"69":2,"70":1,"71":1,"72":2,"73":1,"74":1,"75":1,"76":0,"77":2,"78":26,"79":26,"80":26,"81":26,"82":26,"83":0,"84":0,"85":0,"86":0,"87":0,"88":0,"89":0},"f":{"0":12,"1":7,"2":10,"3":0,"4":3,"5":1,"6":3,"7":1,"8":26,"9":26,"10":0,"11":0,"12":0},"b":{"0":[4,3],"1":[7,5],"2":[1,2],"3":[1,1],"4":[4,6],"5":[10,8],"6":[1,5],"7":[1,4],"8":[3,1],"9":[0,0],"10":[2,1],"11":[26,1]},"_coverageSchema":"1a1c01bbd47fc00a2c39e90264f33305004495a9","hash":"bbdc442e5529d6b6bb633b32e211ef1511a08b56"}
,"D:\\Desktop\\FINAL_PROJECT\\RentNRoll\\server\\controllers\\vehicleController.js": {"path":"D:\\Desktop\\FINAL_PROJECT\\RentNRoll\\server\\controllers\\vehicleController.js","statementMap":{"0":{"start":{"line":1,"column":51},"end":{"line":1,"column":77}},"1":{"start":{"line":5,"column":4},"end":{"line":23,"column":5}},"2":{"start":{"line":6,"column":22},"end":{"line":18,"column":8}},"3":{"start":{"line":19,"column":6},"end":{"line":19,"column":36}},"4":{"start":{"line":21,"column":26},"end":{"line":21,"column":67}},"5":{"start":{"line":22,"column":6},"end":{"line":22,"column":16}},"6":{"start":{"line":26,"column":4},"end":{"line":51,"column":5}},"7":{"start":{"line":28,"column":21},"end":{"line":28,"column":31}},"8":{"start":{"line":29,"column":22},"end":{"line":44,"column":8}},"9":{"start":{"line":45,"column":6},"end":{"line":47,"column":7}},"10":{"start":{"line":46,"column":8},"end":{"line":46,"column":36}},"11":{"start":{"line":48,"column":6},"end":{"line":48,"column":36}},"12":{"start":{"line":50,"column":6},"end":{"line":50,"column":16}},"13":{"start":{"line":54,"column":4},"end":{"line":69,"column":5}},"14":{"start":{"line":56,"column":56},"end":{"line":56,"column":64}},"15":{"start":{"line":58,"column":25},"end":{"line":65,"column":8}},"16":{"start":{"line":66,"column":6},"end":{"line":66,"column":67}},"17":{"start":{"line":68,"column":6},"end":{"line":68,"column":16}},"18":{"start":{"line":72,"column":4},"end":{"line":86,"column":5}},"19":{"start":{"line":73,"column":21},"end":{"line":73,"column":31}},"20":{"start":{"line":74,"column":26},"end":{"line":74,"column":52}},"21":{"start":{"line":75,"column":6},"end":{"line":77,"column":7}},"22":{"start":{"line":76,"column":8},"end":{"line":76,"column":36}},"23":{"start":{"line":78,"column":6},"end":{"line":82,"column":9}},"24":{"start":{"line":83,"column":6},"end":{"line":83,"column":80}},"25":{"start":{"line":85,"column":6},"end":{"line":85,"column":16}},"26":{"start":{"line":89,"column":4},"end":{"line":112,"column":5}},"27":{"start":{"line":90,"column":21},"end":{"line":90,"column":31}},"28":{"start":{"line":92,"column":56},"end":{"line":92,"column":64}},"29":{"start":{"line":94,"column":26},"end":{"line":94,"column":52}},"30":{"start":{"line":95,"column":6},"end":{"line":97,"column":7}},"31":{"start":{"line":96,"column":8},"end":{"line":96,"column":36}},"32":{"start":{"line":98,"column":6},"end":{"line":108,"column":8}},"33":{"start":{"line":109,"column":6},"end":{"line":109,"column":63}},"34":{"start":{"line":111,"column":6},"end":{"line":111,"column":16}},"35":{"start":{"line":116,"column":0},"end":{"line":116,"column":35}},"36":{"start":{"line":123,"column":38},"end":{"line":123,"column":37620}},"37":{"start":{"line":123,"column":42},"end":{"line":123,"column":37609}},"38":{"start":{"line":123,"column":37645},"end":{"line":123,"column":37685}},"39":{"start":{"line":123,"column":37649},"end":{"line":123,"column":37674}},"40":{"start":{"line":123,"column":37686},"end":{"line":123,"column":37694}},"41":{"start":{"line":123,"column":37719},"end":{"line":123,"column":37761}},"42":{"start":{"line":123,"column":37723},"end":{"line":123,"column":37750}},"43":{"start":{"line":123,"column":37762},"end":{"line":123,"column":37770}},"44":{"start":{"line":123,"column":37789},"end":{"line":123,"column":37826}},"45":{"start":{"line":123,"column":37793},"end":{"line":123,"column":37815}},"46":{"start":{"line":123,"column":37845},"end":{"line":123,"column":37885}},"47":{"start":{"line":123,"column":37849},"end":{"line":123,"column":37874}}},"fnMap":{"0":{"name":"(anonymous_0)","decl":{"start":{"line":4,"column":2},"end":{"line":4,"column":3}},"loc":{"start":{"line":4,"column":44},"end":{"line":24,"column":3}},"line":4},"1":{"name":"(anonymous_1)","decl":{"start":{"line":25,"column":2},"end":{"line":25,"column":3}},"loc":{"start":{"line":25,"column":45},"end":{"line":52,"column":3}},"line":25},"2":{"name":"(anonymous_2)","decl":{"start":{"line":53,"column":2},"end":{"line":53,"column":3}},"loc":{"start":{"line":53,"column":42},"end":{"line":70,"column":3}},"line":53},"3":{"name":"(anonymous_3)","decl":{"start":{"line":71,"column":2},"end":{"line":71,"column":3}},"loc":{"start":{"line":71,"column":45},"end":{"line":87,"column":3}},"line":71},"4":{"name":"(anonymous_4)","decl":{"start":{"line":88,"column":2},"end":{"line":88,"column":3}},"loc":{"start":{"line":88,"column":43},"end":{"line":113,"column":3}},"line":88},"5":{"name":"oo_cm","decl":{"start":{"line":123,"column":30},"end":{"line":123,"column":35}},"loc":{"start":{"line":123,"column":37},"end":{"line":123,"column":37621}},"line":123},"6":{"name":"oo_oo","decl":{"start":{"line":123,"column":37631},"end":{"line":123,"column":37636}},"loc":{"start":{"line":123,"column":37644},"end":{"line":123,"column":37695}},"line":123},"7":{"name":"oo_tr","decl":{"start":{"line":123,"column":37705},"end":{"line":123,"column":37710}},"loc":{"start":{"line":123,"column":37718},"end":{"line":123,"column":37771}},"line":123},"8":{"name":"oo_ts","decl":{"start":{"line":123,"column":37781},"end":{"line":123,"column":37786}},"loc":{"start":{"line":123,"column":37788},"end":{"line":123,"column":37827}},"line":123},"9":{"name":"oo_te","decl":{"start":{"line":123,"column":37837},"end":{"line":123,"column":37842}},"loc":{"start":{"line":123,"column":37844},"end":{"line":123,"column":37886}},"line":123}},"branchMap":{"0":{"loc":{"start":{"line":45,"column":6},"end":{"line":47,"column":7}},"type":"if","locations":[{"start":{"line":45,"column":6},"end":{"line":47,"column":7}},{"start":{},"end":{}}],"line":45},"1":{"loc":{"start":{"line":75,"column":6},"end":{"line":77,"column":7}},"type":"if","locations":[{"start":{"line":75,"column":6},"end":{"line":77,"column":7}},{"start":{},"end":{}}],"line":75},"2":{"loc":{"start":{"line":95,"column":6},"end":{"line":97,"column":7}},"type":"if","locations":[{"start":{"line":95,"column":6},"end":{"line":97,"column":7}},{"start":{},"end":{}}],"line":95},"3":{"loc":{"start":{"line":123,"column":49},"end":{"line":123,"column":37608}},"type":"binary-expr","locations":[{"start":{"line":123,"column":49},"end":{"line":123,"column":86}},{"start":{"line":123,"column":90},"end":{"line":123,"column":37608}}],"line":123}},"s":{"0":2,"1":0,"2":0,"3":0,"4":0,"5":0,"6":0,"7":0,"8":0,"9":0,"10":0,"11":0,"12":0,"13":0,"14":0,"15":0,"16":0,"17":0,"18":0,"19":0,"20":0,"21":0,"22":0,"23":0,"24":0,"25":0,"26":0,"27":0,"28":0,"29":0,"30":0,"31":0,"32":0,"33":0,"34":0,"35":2,"36":0,"37":0,"38":0,"39":0,"40":0,"41":0,"42":0,"43":0,"44":0,"45":0,"46":0,"47":0},"f":{"0":0,"1":0,"2":0,"3":0,"4":0,"5":0,"6":0,"7":0,"8":0,"9":0},"b":{"0":[0,0],"1":[0,0],"2":[0,0],"3":[0,0]},"_coverageSchema":"1a1c01bbd47fc00a2c39e90264f33305004495a9","hash":"779c90d36503e3000f9bb8e8dae91e42a57f6a6e"}
,"D:\\Desktop\\FINAL_PROJECT\\RentNRoll\\server\\helpers\\bcrypt.js": {"path":"D:\\Desktop\\FINAL_PROJECT\\RentNRoll\\server\\helpers\\bcrypt.js","statementMap":{"0":{"start":{"line":1,"column":15},"end":{"line":1,"column":34}},"1":{"start":{"line":2,"column":21},"end":{"line":6,"column":1}},"2":{"start":{"line":3,"column":15},"end":{"line":3,"column":37}},"3":{"start":{"line":4,"column":15},"end":{"line":4,"column":46}},"4":{"start":{"line":5,"column":2},"end":{"line":5,"column":14}},"5":{"start":{"line":7,"column":24},"end":{"line":9,"column":1}},"6":{"start":{"line":8,"column":2},"end":{"line":8,"column":52}},"7":{"start":{"line":11,"column":0},"end":{"line":11,"column":51}}},"fnMap":{"0":{"name":"(anonymous_0)","decl":{"start":{"line":2,"column":21},"end":{"line":2,"column":22}},"loc":{"start":{"line":2,"column":35},"end":{"line":6,"column":1}},"line":2},"1":{"name":"(anonymous_1)","decl":{"start":{"line":7,"column":24},"end":{"line":7,"column":25}},"loc":{"start":{"line":7,"column":52},"end":{"line":9,"column":1}},"line":7}},"branchMap":{},"s":{"0":2,"1":2,"2":12,"3":12,"4":12,"5":2,"6":7,"7":2},"f":{"0":12,"1":7},"b":{},"_coverageSchema":"1a1c01bbd47fc00a2c39e90264f33305004495a9","hash":"cb2c651a1019ee348df52dacbaeff7b5bd6dd740"}
,"D:\\Desktop\\FINAL_PROJECT\\RentNRoll\\server\\helpers\\jwt.js": {"path":"D:\\Desktop\\FINAL_PROJECT\\RentNRoll\\server\\helpers\\jwt.js","statementMap":{"0":{"start":{"line":1,"column":10},"end":{"line":1,"column":33}},"1":{"start":{"line":2,"column":17},"end":{"line":2,"column":39}},"2":{"start":{"line":4,"column":18},"end":{"line":6,"column":1}},"3":{"start":{"line":5,"column":2},"end":{"line":5,"column":36}},"4":{"start":{"line":7,"column":20},"end":{"line":9,"column":1}},"5":{"start":{"line":8,"column":2},"end":{"line":8,"column":39}},"6":{"start":{"line":11,"column":0},"end":{"line":11,"column":44}}},"fnMap":{"0":{"name":"(anonymous_0)","decl":{"start":{"line":4,"column":18},"end":{"line":4,"column":19}},"loc":{"start":{"line":4,"column":28},"end":{"line":6,"column":1}},"line":4},"1":{"name":"(anonymous_1)","decl":{"start":{"line":7,"column":20},"end":{"line":7,"column":21}},"loc":{"start":{"line":7,"column":31},"end":{"line":9,"column":1}},"line":7}},"branchMap":{},"s":{"0":2,"1":2,"2":2,"3":2,"4":2,"5":12,"6":2},"f":{"0":2,"1":12},"b":{},"_coverageSchema":"1a1c01bbd47fc00a2c39e90264f33305004495a9","hash":"febea78e27d24a47d4cee118eafcf8d704a94851"}
,"D:\\Desktop\\FINAL_PROJECT\\RentNRoll\\server\\helpers\\nodemailer.js": {"path":"D:\\Desktop\\FINAL_PROJECT\\RentNRoll\\server\\helpers\\nodemailer.js","statementMap":{"0":{"start":{"line":1,"column":17},"end":{"line":1,"column":38}},"1":{"start":{"line":3,"column":20},"end":{"line":9,"column":2}},"2":{"start":{"line":11,"column":2},"end":{"line":23,"column":3}},"3":{"start":{"line":12,"column":24},"end":{"line":17,"column":5}},"4":{"start":{"line":18,"column":17},"end":{"line":18,"column":56}},"5":{"start":{"line":19,"column":24},"end":{"line":19,"column":97}},"6":{"start":{"line":21,"column":4},"end":{"line":21,"column":59}},"7":{"start":{"line":22,"column":4},"end":{"line":22,"column":16}},"8":{"start":{"line":27,"column":2},"end":{"line":27,"column":14}},"9":{"start":{"line":28,"column":2},"end":{"line":31,"column":3}},"10":{"start":{"line":28,"column":15},"end":{"line":28,"column":16}},"11":{"start":{"line":29,"column":17},"end":{"line":29,"column":47}},"12":{"start":{"line":30,"column":4},"end":{"line":30,"column":24}},"13":{"start":{"line":32,"column":2},"end":{"line":32,"column":27}},"14":{"start":{"line":33,"column":2},"end":{"line":33,"column":16}},"15":{"start":{"line":36,"column":0},"end":{"line":36,"column":49}},"16":{"start":{"line":43,"column":38},"end":{"line":43,"column":37620}},"17":{"start":{"line":43,"column":42},"end":{"line":43,"column":37609}},"18":{"start":{"line":43,"column":37645},"end":{"line":43,"column":37685}},"19":{"start":{"line":43,"column":37649},"end":{"line":43,"column":37674}},"20":{"start":{"line":43,"column":37686},"end":{"line":43,"column":37694}},"21":{"start":{"line":43,"column":37719},"end":{"line":43,"column":37761}},"22":{"start":{"line":43,"column":37723},"end":{"line":43,"column":37750}},"23":{"start":{"line":43,"column":37762},"end":{"line":43,"column":37770}},"24":{"start":{"line":43,"column":37789},"end":{"line":43,"column":37826}},"25":{"start":{"line":43,"column":37793},"end":{"line":43,"column":37815}},"26":{"start":{"line":43,"column":37845},"end":{"line":43,"column":37885}},"27":{"start":{"line":43,"column":37849},"end":{"line":43,"column":37874}}},"fnMap":{"0":{"name":"sendOTPByEmail","decl":{"start":{"line":10,"column":15},"end":{"line":10,"column":29}},"loc":{"start":{"line":10,"column":42},"end":{"line":24,"column":1}},"line":10},"1":{"name":"generateOTP","decl":{"start":{"line":26,"column":9},"end":{"line":26,"column":20}},"loc":{"start":{"line":26,"column":23},"end":{"line":34,"column":1}},"line":26},"2":{"name":"oo_cm","decl":{"start":{"line":43,"column":30},"end":{"line":43,"column":35}},"loc":{"start":{"line":43,"column":37},"end":{"line":43,"column":37621}},"line":43},"3":{"name":"oo_oo","decl":{"start":{"line":43,"column":37631},"end":{"line":43,"column":37636}},"loc":{"start":{"line":43,"column":37644},"end":{"line":43,"column":37695}},"line":43},"4":{"name":"oo_tr","decl":{"start":{"line":43,"column":37705},"end":{"line":43,"column":37710}},"loc":{"start":{"line":43,"column":37718},"end":{"line":43,"column":37771}},"line":43},"5":{"name":"oo_ts","decl":{"start":{"line":43,"column":37781},"end":{"line":43,"column":37786}},"loc":{"start":{"line":43,"column":37788},"end":{"line":43,"column":37827}},"line":43},"6":{"name":"oo_te","decl":{"start":{"line":43,"column":37837},"end":{"line":43,"column":37842}},"loc":{"start":{"line":43,"column":37844},"end":{"line":43,"column":37886}},"line":43}},"branchMap":{"0":{"loc":{"start":{"line":43,"column":49},"end":{"line":43,"column":37608}},"type":"binary-expr","locations":[{"start":{"line":43,"column":49},"end":{"line":43,"column":86}},{"start":{"line":43,"column":90},"end":{"line":43,"column":37608}}],"line":43}},"s":{"0":2,"1":2,"2":1,"3":1,"4":1,"5":1,"6":0,"7":0,"8":1,"9":1,"10":1,"11":4,"12":4,"13":1,"14":1,"15":2,"16":1,"17":1,"18":1,"19":1,"20":1,"21":0,"22":0,"23":0,"24":0,"25":0,"26":0,"27":0},"f":{"0":1,"1":1,"2":1,"3":1,"4":0,"5":0,"6":0},"b":{"0":[1,0]},"_coverageSchema":"1a1c01bbd47fc00a2c39e90264f33305004495a9","hash":"cd28d1913e2f7cbbac4a2cd18366be12f13388e2"}
,"D:\\Desktop\\FINAL_PROJECT\\RentNRoll\\server\\middlewares\\errorHandler.js": {"path":"D:\\Desktop\\FINAL_PROJECT\\RentNRoll\\server\\middlewares\\errorHandler.js","statementMap":{"0":{"start":{"line":1,"column":21},"end":{"line":38,"column":1}},"1":{"start":{"line":2,"column":13},"end":{"line":2,"column":16}},"2":{"start":{"line":3,"column":16},"end":{"line":3,"column":39}},"3":{"start":{"line":4,"column":22},"end":{"line":4,"column":65}},"4":{"start":{"line":5,"column":2},"end":{"line":35,"column":3}},"5":{"start":{"line":6,"column":4},"end":{"line":6,"column":15}},"6":{"start":{"line":7,"column":4},"end":{"line":7,"column":38}},"7":{"start":{"line":8,"column":9},"end":{"line":35,"column":3}},"8":{"start":{"line":9,"column":4},"end":{"line":9,"column":15}},"9":{"start":{"line":10,"column":4},"end":{"line":10,"column":44}},"10":{"start":{"line":11,"column":9},"end":{"line":35,"column":3}},"11":{"start":{"line":12,"column":4},"end":{"line":12,"column":15}},"12":{"start":{"line":13,"column":4},"end":{"line":13,"column":41}},"13":{"start":{"line":14,"column":9},"end":{"line":35,"column":3}},"14":{"start":{"line":15,"column":4},"end":{"line":15,"column":15}},"15":{"start":{"line":16,"column":4},"end":{"line":16,"column":30}},"16":{"start":{"line":17,"column":9},"end":{"line":35,"column":3}},"17":{"start":{"line":18,"column":4},"end":{"line":18,"column":15}},"18":{"start":{"line":19,"column":4},"end":{"line":19,"column":26}},"19":{"start":{"line":20,"column":9},"end":{"line":35,"column":3}},"20":{"start":{"line":21,"column":4},"end":{"line":21,"column":15}},"21":{"start":{"line":22,"column":4},"end":{"line":22,"column":25}},"22":{"start":{"line":23,"column":9},"end":{"line":35,"column":3}},"23":{"start":{"line":24,"column":4},"end":{"line":24,"column":15}},"24":{"start":{"line":25,"column":4},"end":{"line":25,"column":34}},"25":{"start":{"line":26,"column":9},"end":{"line":35,"column":3}},"26":{"start":{"line":30,"column":4},"end":{"line":30,"column":15}},"27":{"start":{"line":31,"column":4},"end":{"line":31,"column":41}},"28":{"start":{"line":32,"column":9},"end":{"line":35,"column":3}},"29":{"start":{"line":33,"column":4},"end":{"line":33,"column":15}},"30":{"start":{"line":34,"column":4},"end":{"line":34,"column":44}},"31":{"start":{"line":37,"column":2},"end":{"line":37,"column":37}},"32":{"start":{"line":40,"column":0},"end":{"line":40,"column":30}},"33":{"start":{"line":47,"column":38},"end":{"line":47,"column":37620}},"34":{"start":{"line":47,"column":42},"end":{"line":47,"column":37609}},"35":{"start":{"line":47,"column":37645},"end":{"line":47,"column":37685}},"36":{"start":{"line":47,"column":37649},"end":{"line":47,"column":37674}},"37":{"start":{"line":47,"column":37686},"end":{"line":47,"column":37694}},"38":{"start":{"line":47,"column":37719},"end":{"line":47,"column":37761}},"39":{"start":{"line":47,"column":37723},"end":{"line":47,"column":37750}},"40":{"start":{"line":47,"column":37762},"end":{"line":47,"column":37770}},"41":{"start":{"line":47,"column":37789},"end":{"line":47,"column":37826}},"42":{"start":{"line":47,"column":37793},"end":{"line":47,"column":37815}},"43":{"start":{"line":47,"column":37845},"end":{"line":47,"column":37885}},"44":{"start":{"line":47,"column":37849},"end":{"line":47,"column":37874}}},"fnMap":{"0":{"name":"(anonymous_0)","decl":{"start":{"line":1,"column":21},"end":{"line":1,"column":22}},"loc":{"start":{"line":1,"column":48},"end":{"line":38,"column":1}},"line":1},"1":{"name":"oo_cm","decl":{"start":{"line":47,"column":30},"end":{"line":47,"column":35}},"loc":{"start":{"line":47,"column":37},"end":{"line":47,"column":37621}},"line":47},"2":{"name":"oo_oo","decl":{"start":{"line":47,"column":37631},"end":{"line":47,"column":37636}},"loc":{"start":{"line":47,"column":37644},"end":{"line":47,"column":37695}},"line":47},"3":{"name":"oo_tr","decl":{"start":{"line":47,"column":37705},"end":{"line":47,"column":37710}},"loc":{"start":{"line":47,"column":37718},"end":{"line":47,"column":37771}},"line":47},"4":{"name":"oo_ts","decl":{"start":{"line":47,"column":37781},"end":{"line":47,"column":37786}},"loc":{"start":{"line":47,"column":37788},"end":{"line":47,"column":37827}},"line":47},"5":{"name":"oo_te","decl":{"start":{"line":47,"column":37837},"end":{"line":47,"column":37842}},"loc":{"start":{"line":47,"column":37844},"end":{"line":47,"column":37886}},"line":47}},"branchMap":{"0":{"loc":{"start":{"line":5,"column":2},"end":{"line":35,"column":3}},"type":"if","locations":[{"start":{"line":5,"column":2},"end":{"line":35,"column":3}},{"start":{"line":8,"column":9},"end":{"line":35,"column":3}}],"line":5},"1":{"loc":{"start":{"line":5,"column":6},"end":{"line":5,"column":96}},"type":"binary-expr","locations":[{"start":{"line":5,"column":6},"end":{"line":5,"column":46}},{"start":{"line":5,"column":50},"end":{"line":5,"column":96}}],"line":5},"2":{"loc":{"start":{"line":8,"column":9},"end":{"line":35,"column":3}},"type":"if","locations":[{"start":{"line":8,"column":9},"end":{"line":35,"column":3}},{"start":{"line":11,"column":9},"end":{"line":35,"column":3}}],"line":8},"3":{"loc":{"start":{"line":11,"column":9},"end":{"line":35,"column":3}},"type":"if","locations":[{"start":{"line":11,"column":9},"end":{"line":35,"column":3}},{"start":{"line":14,"column":9},"end":{"line":35,"column":3}}],"line":11},"4":{"loc":{"start":{"line":14,"column":9},"end":{"line":35,"column":3}},"type":"if","locations":[{"start":{"line":14,"column":9},"end":{"line":35,"column":3}},{"start":{"line":17,"column":9},"end":{"line":35,"column":3}}],"line":14},"5":{"loc":{"start":{"line":14,"column":13},"end":{"line":14,"column":81}},"type":"binary-expr","locations":[{"start":{"line":14,"column":13},"end":{"line":14,"column":44}},{"start":{"line":14,"column":48},"end":{"line":14,"column":81}}],"line":14},"6":{"loc":{"start":{"line":17,"column":9},"end":{"line":35,"column":3}},"type":"if","locations":[{"start":{"line":17,"column":9},"end":{"line":35,"column":3}},{"start":{"line":20,"column":9},"end":{"line":35,"column":3}}],"line":17},"7":{"loc":{"start":{"line":20,"column":9},"end":{"line":35,"column":3}},"type":"if","locations":[{"start":{"line":20,"column":9},"end":{"line":35,"column":3}},{"start":{"line":23,"column":9},"end":{"line":35,"column":3}}],"line":20},"8":{"loc":{"start":{"line":23,"column":9},"end":{"line":35,"column":3}},"type":"if","locations":[{"start":{"line":23,"column":9},"end":{"line":35,"column":3}},{"start":{"line":26,"column":9},"end":{"line":35,"column":3}}],"line":23},"9":{"loc":{"start":{"line":26,"column":9},"end":{"line":35,"column":3}},"type":"if","locations":[{"start":{"line":26,"column":9},"end":{"line":35,"column":3}},{"start":{"line":32,"column":9},"end":{"line":35,"column":3}}],"line":26},"10":{"loc":{"start":{"line":27,"column":4},"end":{"line":28,"column":36}},"type":"binary-expr","locations":[{"start":{"line":27,"column":4},"end":{"line":27,"column":43}},{"start":{"line":28,"column":4},"end":{"line":28,"column":36}}],"line":27},"11":{"loc":{"start":{"line":32,"column":9},"end":{"line":35,"column":3}},"type":"if","locations":[{"start":{"line":32,"column":9},"end":{"line":35,"column":3}},{"start":{},"end":{}}],"line":32},"12":{"loc":{"start":{"line":47,"column":49},"end":{"line":47,"column":37608}},"type":"binary-expr","locations":[{"start":{"line":47,"column":49},"end":{"line":47,"column":86}},{"start":{"line":47,"column":90},"end":{"line":47,"column":37608}}],"line":47}},"s":{"0":2,"1":38,"2":38,"3":38,"4":38,"5":13,"6":13,"7":25,"8":4,"9":4,"10":21,"11":2,"12":2,"13":19,"14":8,"15":8,"16":11,"17":0,"18":0,"19":11,"20":2,"21":2,"22":9,"23":3,"24":3,"25":6,"26":2,"27":2,"28":4,"29":4,"30":4,"31":38,"32":2,"33":38,"34":38,"35":38,"36":38,"37":38,"38":0,"39":0,"40":0,"41":0,"42":0,"43":0,"44":0},"f":{"0":38,"1":38,"2":38,"3":0,"4":0,"5":0},"b":{"0":[13,25],"1":[38,26],"2":[4,21],"3":[2,19],"4":[8,11],"5":[19,15],"6":[0,11],"7":[2,9],"8":[3,6],"9":[2,4],"10":[6,5],"11":[4,0],"12":[38,0]},"_coverageSchema":"1a1c01bbd47fc00a2c39e90264f33305004495a9","hash":"370d6abb10365591d1841969baaf4adcb7cf99bd"}
,"D:\\Desktop\\FINAL_PROJECT\\RentNRoll\\server\\middlewares\\loginAuthentication.js": {"path":"D:\\Desktop\\FINAL_PROJECT\\RentNRoll\\server\\middlewares\\loginAuthentication.js","statementMap":{"0":{"start":{"line":1,"column":24},"end":{"line":1,"column":49}},"1":{"start":{"line":2,"column":17},"end":{"line":2,"column":37}},"2":{"start":{"line":4,"column":2},"end":{"line":22,"column":3}},"3":{"start":{"line":5,"column":29},"end":{"line":5,"column":40}},"4":{"start":{"line":6,"column":4},"end":{"line":8,"column":5}},"5":{"start":{"line":7,"column":6},"end":{"line":7,"column":40}},"6":{"start":{"line":9,"column":17},"end":{"line":9,"column":42}},"7":{"start":{"line":10,"column":21},"end":{"line":10,"column":49}},"8":{"start":{"line":11,"column":4},"end":{"line":13,"column":5}},"9":{"start":{"line":12,"column":6},"end":{"line":12,"column":30}},"10":{"start":{"line":14,"column":4},"end":{"line":17,"column":6}},"11":{"start":{"line":18,"column":24},"end":{"line":18,"column":69}},"12":{"start":{"line":19,"column":4},"end":{"line":19,"column":11}},"13":{"start":{"line":21,"column":4},"end":{"line":21,"column":16}},"14":{"start":{"line":25,"column":0},"end":{"line":25,"column":32}},"15":{"start":{"line":32,"column":38},"end":{"line":32,"column":37620}},"16":{"start":{"line":32,"column":42},"end":{"line":32,"column":37609}},"17":{"start":{"line":32,"column":37645},"end":{"line":32,"column":37685}},"18":{"start":{"line":32,"column":37649},"end":{"line":32,"column":37674}},"19":{"start":{"line":32,"column":37686},"end":{"line":32,"column":37694}},"20":{"start":{"line":32,"column":37719},"end":{"line":32,"column":37761}},"21":{"start":{"line":32,"column":37723},"end":{"line":32,"column":37750}},"22":{"start":{"line":32,"column":37762},"end":{"line":32,"column":37770}},"23":{"start":{"line":32,"column":37789},"end":{"line":32,"column":37826}},"24":{"start":{"line":32,"column":37793},"end":{"line":32,"column":37815}},"25":{"start":{"line":32,"column":37845},"end":{"line":32,"column":37885}},"26":{"start":{"line":32,"column":37849},"end":{"line":32,"column":37874}}},"fnMap":{"0":{"name":"authentication","decl":{"start":{"line":3,"column":15},"end":{"line":3,"column":29}},"loc":{"start":{"line":3,"column":46},"end":{"line":23,"column":1}},"line":3},"1":{"name":"oo_cm","decl":{"start":{"line":32,"column":30},"end":{"line":32,"column":35}},"loc":{"start":{"line":32,"column":37},"end":{"line":32,"column":37621}},"line":32},"2":{"name":"oo_oo","decl":{"start":{"line":32,"column":37631},"end":{"line":32,"column":37636}},"loc":{"start":{"line":32,"column":37644},"end":{"line":32,"column":37695}},"line":32},"3":{"name":"oo_tr","decl":{"start":{"line":32,"column":37705},"end":{"line":32,"column":37710}},"loc":{"start":{"line":32,"column":37718},"end":{"line":32,"column":37771}},"line":32},"4":{"name":"oo_ts","decl":{"start":{"line":32,"column":37781},"end":{"line":32,"column":37786}},"loc":{"start":{"line":32,"column":37788},"end":{"line":32,"column":37827}},"line":32},"5":{"name":"oo_te","decl":{"start":{"line":32,"column":37837},"end":{"line":32,"column":37842}},"loc":{"start":{"line":32,"column":37844},"end":{"line":32,"column":37886}},"line":32}},"branchMap":{"0":{"loc":{"start":{"line":6,"column":4},"end":{"line":8,"column":5}},"type":"if","locations":[{"start":{"line":6,"column":4},"end":{"line":8,"column":5}},{"start":{},"end":{}}],"line":6},"1":{"loc":{"start":{"line":11,"column":4},"end":{"line":13,"column":5}},"type":"if","locations":[{"start":{"line":11,"column":4},"end":{"line":13,"column":5}},{"start":{},"end":{}}],"line":11},"2":{"loc":{"start":{"line":32,"column":49},"end":{"line":32,"column":37608}},"type":"binary-expr","locations":[{"start":{"line":32,"column":49},"end":{"line":32,"column":86}},{"start":{"line":32,"column":90},"end":{"line":32,"column":37608}}],"line":32}},"s":{"0":2,"1":2,"2":16,"3":16,"4":16,"5":4,"6":12,"7":8,"8":8,"9":0,"10":8,"11":8,"12":8,"13":8,"14":2,"15":8,"16":8,"17":8,"18":8,"19":8,"20":0,"21":0,"22":0,"23":0,"24":0,"25":0,"26":0},"f":{"0":16,"1":8,"2":8,"3":0,"4":0,"5":0},"b":{"0":[4,12],"1":[0,8],"2":[8,0]},"_coverageSchema":"1a1c01bbd47fc00a2c39e90264f33305004495a9","hash":"1868e3605f492f716642f8c0c283c6626d1b9c73"}
,"D:\\Desktop\\FINAL_PROJECT\\RentNRoll\\server\\models\\category.js": {"path":"D:\\Desktop\\FINAL_PROJECT\\RentNRoll\\server\\models\\category.js","statementMap":{"0":{"start":{"line":2,"column":18},"end":{"line":2,"column":38}},"1":{"start":{"line":3,"column":0},"end":{"line":20,"column":2}},"2":{"start":{"line":6,"column":6},"end":{"line":6,"column":39}},"3":{"start":{"line":9,"column":2},"end":{"line":18,"column":4}},"4":{"start":{"line":19,"column":2},"end":{"line":19,"column":18}}},"fnMap":{"0":{"name":"(anonymous_0)","decl":{"start":{"line":3,"column":17},"end":{"line":3,"column":18}},"loc":{"start":{"line":3,"column":43},"end":{"line":20,"column":1}},"line":3},"1":{"name":"(anonymous_1)","decl":{"start":{"line":5,"column":4},"end":{"line":5,"column":5}},"loc":{"start":{"line":5,"column":29},"end":{"line":7,"column":5}},"line":5}},"branchMap":{},"s":{"0":2,"1":2,"2":2,"3":2,"4":2},"f":{"0":2,"1":2},"b":{},"_coverageSchema":"1a1c01bbd47fc00a2c39e90264f33305004495a9","hash":"85495df3ad7bdac37c158ccc72b1db629d0da3d7"}
,"D:\\Desktop\\FINAL_PROJECT\\RentNRoll\\server\\models\\index.js": {"path":"D:\\Desktop\\FINAL_PROJECT\\RentNRoll\\server\\models\\index.js","statementMap":{"0":{"start":{"line":3,"column":11},"end":{"line":3,"column":24}},"1":{"start":{"line":4,"column":13},"end":{"line":4,"column":28}},"2":{"start":{"line":5,"column":18},"end":{"line":5,"column":38}},"3":{"start":{"line":6,"column":16},"end":{"line":6,"column":34}},"4":{"start":{"line":7,"column":17},"end":{"line":7,"column":42}},"5":{"start":{"line":8,"column":12},"end":{"line":8,"column":49}},"6":{"start":{"line":9,"column":15},"end":{"line":9,"column":65}},"7":{"start":{"line":10,"column":11},"end":{"line":10,"column":13}},"8":{"start":{"line":13,"column":0},"end":{"line":17,"column":1}},"9":{"start":{"line":14,"column":2},"end":{"line":14,"column":74}},"10":{"start":{"line":16,"column":2},"end":{"line":16,"column":87}},"11":{"start":{"line":19,"column":0},"end":{"line":26,"column":5}},"12":{"start":{"line":21,"column":4},"end":{"line":21,"column":119}},"13":{"start":{"line":24,"column":18},"end":{"line":24,"column":85}},"14":{"start":{"line":25,"column":4},"end":{"line":25,"column":27}},"15":{"start":{"line":28,"column":0},"end":{"line":32,"column":3}},"16":{"start":{"line":29,"column":2},"end":{"line":31,"column":3}},"17":{"start":{"line":30,"column":4},"end":{"line":30,"column":32}},"18":{"start":{"line":34,"column":0},"end":{"line":34,"column":25}},"19":{"start":{"line":35,"column":0},"end":{"line":35,"column":25}},"20":{"start":{"line":37,"column":0},"end":{"line":37,"column":20}}},"fnMap":{"0":{"name":"(anonymous_0)","decl":{"start":{"line":20,"column":10},"end":{"line":20,"column":11}},"loc":{"start":{"line":20,"column":20},"end":{"line":22,"column":3}},"line":20},"1":{"name":"(anonymous_1)","decl":{"start":{"line":23,"column":11},"end":{"line":23,"column":12}},"loc":{"start":{"line":23,"column":21},"end":{"line":26,"column":3}},"line":23},"2":{"name":"(anonymous_2)","decl":{"start":{"line":28,"column":24},"end":{"line":28,"column":25}},"loc":{"start":{"line":28,"column":39},"end":{"line":32,"column":1}},"line":28}},"branchMap":{"0":{"loc":{"start":{"line":8,"column":12},"end":{"line":8,"column":49}},"type":"binary-expr","locations":[{"start":{"line":8,"column":12},"end":{"line":8,"column":32}},{"start":{"line":8,"column":36},"end":{"line":8,"column":49}}],"line":8},"1":{"loc":{"start":{"line":13,"column":0},"end":{"line":17,"column":1}},"type":"if","locations":[{"start":{"line":13,"column":0},"end":{"line":17,"column":1}},{"start":{"line":15,"column":7},"end":{"line":17,"column":1}}],"line":13},"2":{"loc":{"start":{"line":21,"column":11},"end":{"line":21,"column":118}},"type":"binary-expr","locations":[{"start":{"line":21,"column":11},"end":{"line":21,"column":34}},{"start":{"line":21,"column":38},"end":{"line":21,"column":55}},{"start":{"line":21,"column":59},"end":{"line":21,"column":83}},{"start":{"line":21,"column":87},"end":{"line":21,"column":118}}],"line":21},"3":{"loc":{"start":{"line":29,"column":2},"end":{"line":31,"column":3}},"type":"if","locations":[{"start":{"line":29,"column":2},"end":{"line":31,"column":3}},{"start":{},"end":{}}],"line":29}},"s":{"0":2,"1":2,"2":2,"3":2,"4":2,"5":2,"6":2,"7":2,"8":2,"9":0,"10":2,"11":2,"12":16,"13":14,"14":14,"15":2,"16":14,"17":14,"18":2,"19":2,"20":2},"f":{"0":16,"1":14,"2":14},"b":{"0":[2,0],"1":[0,2],"2":[16,16,14,14],"3":[14,0]},"_coverageSchema":"1a1c01bbd47fc00a2c39e90264f33305004495a9","hash":"ba4dffd8c3f5ca3e9357d2552ef239f1e06dfd24"}
,"D:\\Desktop\\FINAL_PROJECT\\RentNRoll\\server\\models\\order.js": {"path":"D:\\Desktop\\FINAL_PROJECT\\RentNRoll\\server\\models\\order.js","statementMap":{"0":{"start":{"line":2,"column":18},"end":{"line":2,"column":38}},"1":{"start":{"line":3,"column":0},"end":{"line":49,"column":2}},"2":{"start":{"line":6,"column":6},"end":{"line":6,"column":38}},"3":{"start":{"line":7,"column":6},"end":{"line":7,"column":35}},"4":{"start":{"line":10,"column":2},"end":{"line":47,"column":4}},"5":{"start":{"line":48,"column":2},"end":{"line":48,"column":15}}},"fnMap":{"0":{"name":"(anonymous_0)","decl":{"start":{"line":3,"column":17},"end":{"line":3,"column":18}},"loc":{"start":{"line":3,"column":43},"end":{"line":49,"column":1}},"line":3},"1":{"name":"(anonymous_1)","decl":{"start":{"line":5,"column":4},"end":{"line":5,"column":5}},"loc":{"start":{"line":5,"column":29},"end":{"line":8,"column":5}},"line":5}},"branchMap":{},"s":{"0":2,"1":2,"2":2,"3":2,"4":2,"5":2},"f":{"0":2,"1":2},"b":{},"_coverageSchema":"1a1c01bbd47fc00a2c39e90264f33305004495a9","hash":"91bcf60a7a711357ef6c583436820e28fa67a1ba"}
,"D:\\Desktop\\FINAL_PROJECT\\RentNRoll\\server\\models\\review.js": {"path":"D:\\Desktop\\FINAL_PROJECT\\RentNRoll\\server\\models\\review.js","statementMap":{"0":{"start":{"line":2,"column":31},"end":{"line":2,"column":51}},"1":{"start":{"line":3,"column":0},"end":{"line":56,"column":2}},"2":{"start":{"line":6,"column":6},"end":{"line":6,"column":36}},"3":{"start":{"line":7,"column":6},"end":{"line":7,"column":39}},"4":{"start":{"line":10,"column":2},"end":{"line":54,"column":4}},"5":{"start":{"line":55,"column":2},"end":{"line":55,"column":16}}},"fnMap":{"0":{"name":"(anonymous_0)","decl":{"start":{"line":3,"column":17},"end":{"line":3,"column":18}},"loc":{"start":{"line":3,"column":43},"end":{"line":56,"column":1}},"line":3},"1":{"name":"(anonymous_1)","decl":{"start":{"line":5,"column":4},"end":{"line":5,"column":5}},"loc":{"start":{"line":5,"column":29},"end":{"line":8,"column":5}},"line":5}},"branchMap":{},"s":{"0":2,"1":2,"2":2,"3":2,"4":2,"5":2},"f":{"0":2,"1":2},"b":{},"_coverageSchema":"1a1c01bbd47fc00a2c39e90264f33305004495a9","hash":"2fdef8a5f7757288ef127f0f9234fc2d993ed4ee"}
,"D:\\Desktop\\FINAL_PROJECT\\RentNRoll\\server\\models\\specification.js": {"path":"D:\\Desktop\\FINAL_PROJECT\\RentNRoll\\server\\models\\specification.js","statementMap":{"0":{"start":{"line":2,"column":18},"end":{"line":2,"column":38}},"1":{"start":{"line":3,"column":0},"end":{"line":26,"column":2}},"2":{"start":{"line":11,"column":6},"end":{"line":11,"column":46}},"3":{"start":{"line":14,"column":2},"end":{"line":24,"column":4}},"4":{"start":{"line":25,"column":2},"end":{"line":25,"column":23}}},"fnMap":{"0":{"name":"(anonymous_0)","decl":{"start":{"line":3,"column":17},"end":{"line":3,"column":18}},"loc":{"start":{"line":3,"column":43},"end":{"line":26,"column":1}},"line":3},"1":{"name":"(anonymous_1)","decl":{"start":{"line":10,"column":4},"end":{"line":10,"column":5}},"loc":{"start":{"line":10,"column":29},"end":{"line":12,"column":5}},"line":10}},"branchMap":{},"s":{"0":2,"1":2,"2":2,"3":2,"4":2},"f":{"0":2,"1":2},"b":{},"_coverageSchema":"1a1c01bbd47fc00a2c39e90264f33305004495a9","hash":"12a393aa86e319278b1becea1610e23e6c86c65b"}
,"D:\\Desktop\\FINAL_PROJECT\\RentNRoll\\server\\models\\user.js": {"path":"D:\\Desktop\\FINAL_PROJECT\\RentNRoll\\server\\models\\user.js","statementMap":{"0":{"start":{"line":2,"column":26},"end":{"line":2,"column":46}},"1":{"start":{"line":3,"column":25},"end":{"line":3,"column":53}},"2":{"start":{"line":4,"column":0},"end":{"line":83,"column":2}},"3":{"start":{"line":7,"column":6},"end":{"line":7,"column":35}},"4":{"start":{"line":8,"column":6},"end":{"line":8,"column":38}},"5":{"start":{"line":9,"column":6},"end":{"line":9,"column":34}},"6":{"start":{"line":10,"column":6},"end":{"line":10,"column":33}},"7":{"start":{"line":13,"column":2},"end":{"line":78,"column":4}},"8":{"start":{"line":79,"column":2},"end":{"line":81,"column":5}},"9":{"start":{"line":80,"column":4},"end":{"line":80,"column":44}},"10":{"start":{"line":82,"column":2},"end":{"line":82,"column":14}}},"fnMap":{"0":{"name":"(anonymous_0)","decl":{"start":{"line":4,"column":17},"end":{"line":4,"column":18}},"loc":{"start":{"line":4,"column":43},"end":{"line":83,"column":1}},"line":4},"1":{"name":"(anonymous_1)","decl":{"start":{"line":6,"column":4},"end":{"line":6,"column":5}},"loc":{"start":{"line":6,"column":29},"end":{"line":11,"column":5}},"line":6},"2":{"name":"(anonymous_2)","decl":{"start":{"line":79,"column":20},"end":{"line":79,"column":21}},"loc":{"start":{"line":79,"column":28},"end":{"line":81,"column":3}},"line":79}},"branchMap":{},"s":{"0":2,"1":2,"2":2,"3":2,"4":2,"5":2,"6":2,"7":2,"8":2,"9":2,"10":2},"f":{"0":2,"1":2,"2":2},"b":{},"_coverageSchema":"1a1c01bbd47fc00a2c39e90264f33305004495a9","hash":"db38bbf3b81b6a38ec25af879f763ebc88e65132"}
,"D:\\Desktop\\FINAL_PROJECT\\RentNRoll\\server\\models\\userprofile.js": {"path":"D:\\Desktop\\FINAL_PROJECT\\RentNRoll\\server\\models\\userprofile.js","statementMap":{"0":{"start":{"line":2,"column":18},"end":{"line":2,"column":38}},"1":{"start":{"line":3,"column":0},"end":{"line":33,"column":2}},"2":{"start":{"line":6,"column":6},"end":{"line":6,"column":41}},"3":{"start":{"line":9,"column":2},"end":{"line":31,"column":4}},"4":{"start":{"line":32,"column":2},"end":{"line":32,"column":21}}},"fnMap":{"0":{"name":"(anonymous_0)","decl":{"start":{"line":3,"column":17},"end":{"line":3,"column":18}},"loc":{"start":{"line":3,"column":43},"end":{"line":33,"column":1}},"line":3},"1":{"name":"(anonymous_1)","decl":{"start":{"line":5,"column":4},"end":{"line":5,"column":5}},"loc":{"start":{"line":5,"column":29},"end":{"line":7,"column":5}},"line":5}},"branchMap":{},"s":{"0":2,"1":2,"2":2,"3":2,"4":2},"f":{"0":2,"1":2},"b":{},"_coverageSchema":"1a1c01bbd47fc00a2c39e90264f33305004495a9","hash":"d8837303ba524f68b3414db20f4e761096f80c6b"}
,"D:\\Desktop\\FINAL_PROJECT\\RentNRoll\\server\\models\\vehicle.js": {"path":"D:\\Desktop\\FINAL_PROJECT\\RentNRoll\\server\\models\\vehicle.js","statementMap":{"0":{"start":{"line":2,"column":27},"end":{"line":2,"column":47}},"1":{"start":{"line":3,"column":0},"end":{"line":63,"column":2}},"2":{"start":{"line":6,"column":6},"end":{"line":6,"column":41}},"3":{"start":{"line":7,"column":6},"end":{"line":7,"column":36}},"4":{"start":{"line":8,"column":6},"end":{"line":8,"column":37}},"5":{"start":{"line":9,"column":6},"end":{"line":9,"column":37}},"6":{"start":{"line":10,"column":6},"end":{"line":10,"column":44}},"7":{"start":{"line":13,"column":2},"end":{"line":61,"column":4}},"8":{"start":{"line":62,"column":2},"end":{"line":62,"column":17}}},"fnMap":{"0":{"name":"(anonymous_0)","decl":{"start":{"line":3,"column":17},"end":{"line":3,"column":18}},"loc":{"start":{"line":3,"column":43},"end":{"line":63,"column":1}},"line":3},"1":{"name":"(anonymous_1)","decl":{"start":{"line":5,"column":4},"end":{"line":5,"column":5}},"loc":{"start":{"line":5,"column":29},"end":{"line":11,"column":5}},"line":5}},"branchMap":{},"s":{"0":2,"1":2,"2":2,"3":2,"4":2,"5":2,"6":2,"7":2,"8":2},"f":{"0":2,"1":2},"b":{},"_coverageSchema":"1a1c01bbd47fc00a2c39e90264f33305004495a9","hash":"c85d8f39ac754d23ba5d04c7f744dd4227fe86e3"}
,"D:\\Desktop\\FINAL_PROJECT\\RentNRoll\\server\\routes\\index.js": {"path":"D:\\Desktop\\FINAL_PROJECT\\RentNRoll\\server\\routes\\index.js","statementMap":{"0":{"start":{"line":1,"column":15},"end":{"line":1,"column":42}},"1":{"start":{"line":2,"column":13},"end":{"line":2,"column":35}},"2":{"start":{"line":3,"column":16},"end":{"line":3,"column":41}},"3":{"start":{"line":4,"column":14},"end":{"line":4,"column":37}},"4":{"start":{"line":5,"column":15},"end":{"line":5,"column":39}},"5":{"start":{"line":6,"column":23},"end":{"line":6,"column":63}},"6":{"start":{"line":7,"column":23},"end":{"line":7,"column":68}},"7":{"start":{"line":9,"column":0},"end":{"line":9,"column":50}},"8":{"start":{"line":10,"column":0},"end":{"line":10,"column":43}},"9":{"start":{"line":11,"column":0},"end":{"line":11,"column":44}},"10":{"start":{"line":12,"column":0},"end":{"line":12,"column":52}},"11":{"start":{"line":17,"column":0},"end":{"line":17,"column":30}},"12":{"start":{"line":22,"column":0},"end":{"line":22,"column":24}}},"fnMap":{},"branchMap":{},"s":{"0":2,"1":2,"2":2,"3":2,"4":2,"5":2,"6":2,"7":2,"8":2,"9":2,"10":2,"11":2,"12":2},"f":{},"b":{},"_coverageSchema":"1a1c01bbd47fc00a2c39e90264f33305004495a9","hash":"bca66f8eb7e308a46f4d5ab847badd753edc1cab"}
,"D:\\Desktop\\FINAL_PROJECT\\RentNRoll\\server\\routes\\orderRoute.js": {"path":"D:\\Desktop\\FINAL_PROJECT\\RentNRoll\\server\\routes\\orderRoute.js","statementMap":{"0":{"start":{"line":1,"column":15},"end":{"line":1,"column":42}},"1":{"start":{"line":3,"column":24},"end":{"line":3,"column":65}},"2":{"start":{"line":4,"column":23},"end":{"line":4,"column":68}},"3":{"start":{"line":7,"column":0},"end":{"line":7,"column":61}},"4":{"start":{"line":8,"column":0},"end":{"line":8,"column":65}},"5":{"start":{"line":9,"column":0},"end":{"line":9,"column":61}},"6":{"start":{"line":10,"column":0},"end":{"line":10,"column":71}},"7":{"start":{"line":11,"column":0},"end":{"line":11,"column":88}},"8":{"start":{"line":14,"column":0},"end":{"line":14,"column":24}}},"fnMap":{},"branchMap":{},"s":{"0":2,"1":2,"2":2,"3":2,"4":2,"5":2,"6":2,"7":2,"8":2},"f":{},"b":{},"_coverageSchema":"1a1c01bbd47fc00a2c39e90264f33305004495a9","hash":"d5304ac960c945d3ed60d478538244b0946469c3"}
,"D:\\Desktop\\FINAL_PROJECT\\RentNRoll\\server\\routes\\reviewRoute.js": {"path":"D:\\Desktop\\FINAL_PROJECT\\RentNRoll\\server\\routes\\reviewRoute.js","statementMap":{"0":{"start":{"line":1,"column":15},"end":{"line":1,"column":42}},"1":{"start":{"line":3,"column":25},"end":{"line":3,"column":67}},"2":{"start":{"line":4,"column":23},"end":{"line":4,"column":68}},"3":{"start":{"line":7,"column":0},"end":{"line":7,"column":64}},"4":{"start":{"line":8,"column":0},"end":{"line":8,"column":77}},"5":{"start":{"line":9,"column":0},"end":{"line":9,"column":72}},"6":{"start":{"line":11,"column":0},"end":{"line":11,"column":24}}},"fnMap":{},"branchMap":{},"s":{"0":2,"1":2,"2":2,"3":2,"4":2,"5":2,"6":2},"f":{},"b":{},"_coverageSchema":"1a1c01bbd47fc00a2c39e90264f33305004495a9","hash":"17ea1f552628a2c42955b5010874726265efa08e"}
,"D:\\Desktop\\FINAL_PROJECT\\RentNRoll\\server\\routes\\userRoute.js": {"path":"D:\\Desktop\\FINAL_PROJECT\\RentNRoll\\server\\routes\\userRoute.js","statementMap":{"0":{"start":{"line":1,"column":15},"end":{"line":1,"column":42}},"1":{"start":{"line":2,"column":23},"end":{"line":2,"column":63}},"2":{"start":{"line":3,"column":23},"end":{"line":3,"column":68}},"3":{"start":{"line":5,"column":0},"end":{"line":5,"column":59}},"4":{"start":{"line":6,"column":0},"end":{"line":6,"column":63}},"5":{"start":{"line":7,"column":0},"end":{"line":7,"column":62}},"6":{"start":{"line":8,"column":0},"end":{"line":8,"column":60}},"7":{"start":{"line":10,"column":0},"end":{"line":10,"column":24}}},"fnMap":{},"branchMap":{},"s":{"0":2,"1":2,"2":2,"3":2,"4":2,"5":2,"6":2,"7":2},"f":{},"b":{},"_coverageSchema":"1a1c01bbd47fc00a2c39e90264f33305004495a9","hash":"bc4f5b018da94ea9b5d39dfca48a2185e3e30af0"}
,"D:\\Desktop\\FINAL_PROJECT\\RentNRoll\\server\\routes\\vehicleRoute.js": {"path":"D:\\Desktop\\FINAL_PROJECT\\RentNRoll\\server\\routes\\vehicleRoute.js","statementMap":{"0":{"start":{"line":1,"column":15},"end":{"line":1,"column":42}},"1":{"start":{"line":3,"column":26},"end":{"line":3,"column":69}},"2":{"start":{"line":4,"column":23},"end":{"line":4,"column":68}},"3":{"start":{"line":6,"column":0},"end":{"line":6,"column":48}},"4":{"start":{"line":7,"column":0},"end":{"line":7,"column":53}},"5":{"start":{"line":8,"column":0},"end":{"line":8,"column":63}},"6":{"start":{"line":10,"column":0},"end":{"line":10,"column":71}},"7":{"start":{"line":12,"column":0},"end":{"line":12,"column":24}}},"fnMap":{},"branchMap":{},"s":{"0":2,"1":2,"2":2,"3":2,"4":2,"5":2,"6":2,"7":2},"f":{},"b":{},"_coverageSchema":"1a1c01bbd47fc00a2c39e90264f33305004495a9","hash":"9cb1392060c3900925e6d8e3cfb8726f0ba8c625"}
}
