{"total": {"lines":{"total":435,"covered":256,"skipped":0,"pct":58.85},"statements":{"total":509,"covered":275,"skipped":0,"pct":54.02},"functions":{"total":85,"covered":35,"skipped":0,"pct":41.17},"branches":{"total":102,"covered":58,"skipped":0,"pct":56.86},"branchesTrue":{"total":0,"covered":0,"skipped":0,"pct":100}}
,"D:\\Desktop\\FINAL_PROJECT\\RentNRoll\\server\\app.js": {"lines":{"total":14,"covered":14,"skipped":0,"pct":100},"functions":{"total":0,"covered":0,"skipped":0,"pct":100},"statements":{"total":14,"covered":14,"skipped":0,"pct":100},"branches":{"total":2,"covered":1,"skipped":0,"pct":50}}
,"D:\\Desktop\\FINAL_PROJECT\\RentNRoll\\server\\controllers\\orderController.js": {"lines":{"total":57,"covered":4,"skipped":0,"pct":7.01},"functions":{"total":13,"covered":0,"skipped":0,"pct":0},"statements":{"total":68,"covered":4,"skipped":0,"pct":5.88},"branches":{"total":14,"covered":0,"skipped":0,"pct":0}}
,"D:\\Desktop\\FINAL_PROJECT\\RentNRoll\\server\\controllers\\reviewController.js": {"lines":{"total":17,"covered":2,"skipped":0,"pct":11.76},"functions":{"total":3,"covered":0,"skipped":0,"pct":0},"statements":{"total":17,"covered":2,"skipped":0,"pct":11.76},"branches":{"total":0,"covered":0,"skipped":0,"pct":100}}
,"D:\\Desktop\\FINAL_PROJECT\\RentNRoll\\server\\controllers\\userController.js": {"lines":{"total":72,"covered":32,"skipped":0,"pct":44.44},"functions":{"total":13,"covered":5,"skipped":0,"pct":38.46},"statements":{"total":90,"covered":43,"skipped":0,"pct":47.77},"branches":{"total":24,"covered":18,"skipped":0,"pct":75}}
,"D:\\Desktop\\FINAL_PROJECT\\RentNRoll\\server\\controllers\\vehicleController.js": {"lines":{"total":43,"covered":14,"skipped":0,"pct":32.55},"functions":{"total":11,"covered":4,"skipped":0,"pct":36.36},"statements":{"total":54,"covered":18,"skipped":0,"pct":33.33},"branches":{"total":8,"covered":3,"skipped":0,"pct":37.5}}
,"D:\\Desktop\\FINAL_PROJECT\\RentNRoll\\server\\helpers\\bcrypt.js": {"lines":{"total":8,"covered":8,"skipped":0,"pct":100},"functions":{"total":2,"covered":2,"skipped":0,"pct":100},"statements":{"total":8,"covered":8,"skipped":0,"pct":100},"branches":{"total":0,"covered":0,"skipped":0,"pct":100}}
,"D:\\Desktop\\FINAL_PROJECT\\RentNRoll\\server\\helpers\\jwt.js": {"lines":{"total":7,"covered":7,"skipped":0,"pct":100},"functions":{"total":2,"covered":2,"skipped":0,"pct":100},"statements":{"total":7,"covered":7,"skipped":0,"pct":100},"branches":{"total":0,"covered":0,"skipped":0,"pct":100}}
,"D:\\Desktop\\FINAL_PROJECT\\RentNRoll\\server\\helpers\\nodemailer.js": {"lines":{"total":16,"covered":3,"skipped":0,"pct":18.75},"functions":{"total":7,"covered":0,"skipped":0,"pct":0},"statements":{"total":28,"covered":3,"skipped":0,"pct":10.71},"branches":{"total":2,"covered":0,"skipped":0,"pct":0}}
,"D:\\Desktop\\FINAL_PROJECT\\RentNRoll\\server\\middlewares\\errorHandler.js": {"lines":{"total":40,"covered":34,"skipped":0,"pct":85},"functions":{"total":6,"covered":3,"skipped":0,"pct":50},"statements":{"total":51,"covered":38,"skipped":0,"pct":74.5},"branches":{"total":30,"covered":26,"skipped":0,"pct":86.66}}
,"D:\\Desktop\\FINAL_PROJECT\\RentNRoll\\server\\middlewares\\loginAuthentication.js": {"lines":{"total":16,"covered":12,"skipped":0,"pct":75},"functions":{"total":6,"covered":1,"skipped":0,"pct":16.66},"statements":{"total":27,"covered":12,"skipped":0,"pct":44.44},"branches":{"total":6,"covered":3,"skipped":0,"pct":50}}
,"D:\\Desktop\\FINAL_PROJECT\\RentNRoll\\server\\middlewares\\uploadImage.js": {"lines":{"total":23,"covered":5,"skipped":0,"pct":21.73},"functions":{"total":4,"covered":0,"skipped":0,"pct":0},"statements":{"total":23,"covered":5,"skipped":0,"pct":21.73},"branches":{"total":6,"covered":0,"skipped":0,"pct":0}}
,"D:\\Desktop\\FINAL_PROJECT\\RentNRoll\\server\\models\\category.js": {"lines":{"total":5,"covered":5,"skipped":0,"pct":100},"functions":{"total":2,"covered":2,"skipped":0,"pct":100},"statements":{"total":5,"covered":5,"skipped":0,"pct":100},"branches":{"total":0,"covered":0,"skipped":0,"pct":100}}
,"D:\\Desktop\\FINAL_PROJECT\\RentNRoll\\server\\models\\index.js": {"lines":{"total":21,"covered":20,"skipped":0,"pct":95.23},"functions":{"total":3,"covered":3,"skipped":0,"pct":100},"statements":{"total":21,"covered":20,"skipped":0,"pct":95.23},"branches":{"total":10,"covered":7,"skipped":0,"pct":70}}
,"D:\\Desktop\\FINAL_PROJECT\\RentNRoll\\server\\models\\order.js": {"lines":{"total":6,"covered":6,"skipped":0,"pct":100},"functions":{"total":2,"covered":2,"skipped":0,"pct":100},"statements":{"total":6,"covered":6,"skipped":0,"pct":100},"branches":{"total":0,"covered":0,"skipped":0,"pct":100}}
,"D:\\Desktop\\FINAL_PROJECT\\RentNRoll\\server\\models\\review.js": {"lines":{"total":6,"covered":6,"skipped":0,"pct":100},"functions":{"total":2,"covered":2,"skipped":0,"pct":100},"statements":{"total":6,"covered":6,"skipped":0,"pct":100},"branches":{"total":0,"covered":0,"skipped":0,"pct":100}}
,"D:\\Desktop\\FINAL_PROJECT\\RentNRoll\\server\\models\\specification.js": {"lines":{"total":5,"covered":5,"skipped":0,"pct":100},"functions":{"total":2,"covered":2,"skipped":0,"pct":100},"statements":{"total":5,"covered":5,"skipped":0,"pct":100},"branches":{"total":0,"covered":0,"skipped":0,"pct":100}}
,"D:\\Desktop\\FINAL_PROJECT\\RentNRoll\\server\\models\\user.js": {"lines":{"total":11,"covered":11,"skipped":0,"pct":100},"functions":{"total":3,"covered":3,"skipped":0,"pct":100},"statements":{"total":11,"covered":11,"skipped":0,"pct":100},"branches":{"total":0,"covered":0,"skipped":0,"pct":100}}
,"D:\\Desktop\\FINAL_PROJECT\\RentNRoll\\server\\models\\userprofile.js": {"lines":{"total":5,"covered":5,"skipped":0,"pct":100},"functions":{"total":2,"covered":2,"skipped":0,"pct":100},"statements":{"total":5,"covered":5,"skipped":0,"pct":100},"branches":{"total":0,"covered":0,"skipped":0,"pct":100}}
,"D:\\Desktop\\FINAL_PROJECT\\RentNRoll\\server\\models\\vehicle.js": {"lines":{"total":9,"covered":9,"skipped":0,"pct":100},"functions":{"total":2,"covered":2,"skipped":0,"pct":100},"statements":{"total":9,"covered":9,"skipped":0,"pct":100},"branches":{"total":0,"covered":0,"skipped":0,"pct":100}}
,"D:\\Desktop\\FINAL_PROJECT\\RentNRoll\\server\\routes\\index.js": {"lines":{"total":21,"covered":21,"skipped":0,"pct":100},"functions":{"total":0,"covered":0,"skipped":0,"pct":100},"statements":{"total":21,"covered":21,"skipped":0,"pct":100},"branches":{"total":0,"covered":0,"skipped":0,"pct":100}}
,"D:\\Desktop\\FINAL_PROJECT\\RentNRoll\\server\\routes\\orderRoute.js": {"lines":{"total":9,"covered":9,"skipped":0,"pct":100},"functions":{"total":0,"covered":0,"skipped":0,"pct":100},"statements":{"total":9,"covered":9,"skipped":0,"pct":100},"branches":{"total":0,"covered":0,"skipped":0,"pct":100}}
,"D:\\Desktop\\FINAL_PROJECT\\RentNRoll\\server\\routes\\reviewRoute.js": {"lines":{"total":7,"covered":7,"skipped":0,"pct":100},"functions":{"total":0,"covered":0,"skipped":0,"pct":100},"statements":{"total":7,"covered":7,"skipped":0,"pct":100},"branches":{"total":0,"covered":0,"skipped":0,"pct":100}}
,"D:\\Desktop\\FINAL_PROJECT\\RentNRoll\\server\\routes\\userRoute.js": {"lines":{"total":8,"covered":8,"skipped":0,"pct":100},"functions":{"total":0,"covered":0,"skipped":0,"pct":100},"statements":{"total":8,"covered":8,"skipped":0,"pct":100},"branches":{"total":0,"covered":0,"skipped":0,"pct":100}}
,"D:\\Desktop\\FINAL_PROJECT\\RentNRoll\\server\\routes\\vehicleRoute.js": {"lines":{"total":9,"covered":9,"skipped":0,"pct":100},"functions":{"total":0,"covered":0,"skipped":0,"pct":100},"statements":{"total":9,"covered":9,"skipped":0,"pct":100},"branches":{"total":0,"covered":0,"skipped":0,"pct":100}}
}
