{"D:\\Desktop\\FINAL_PROJECT\\RentNRoll\\server\\app.js": {"path":"D:\\Desktop\\FINAL_PROJECT\\RentNRoll\\server\\app.js","statementMap":{"0":{"start":{"line":1,"column":0},"end":{"line":3,"column":1}},"1":{"start":{"line":2,"column":2},"end":{"line":2,"column":29}},"2":{"start":{"line":5,"column":16},"end":{"line":5,"column":34}},"3":{"start":{"line":6,"column":12},"end":{"line":6,"column":21}},"4":{"start":{"line":7,"column":13},"end":{"line":7,"column":28}},"5":{"start":{"line":8,"column":15},"end":{"line":8,"column":40}},"6":{"start":{"line":9,"column":21},"end":{"line":9,"column":58}},"7":{"start":{"line":11,"column":0},"end":{"line":11,"column":16}},"8":{"start":{"line":12,"column":0},"end":{"line":12,"column":24}},"9":{"start":{"line":13,"column":0},"end":{"line":13,"column":48}},"10":{"start":{"line":15,"column":0},"end":{"line":15,"column":16}},"11":{"start":{"line":16,"column":0},"end":{"line":16,"column":22}},"12":{"start":{"line":19,"column":0},"end":{"line":19,"column":21}}},"fnMap":{},"branchMap":{"0":{"loc":{"start":{"line":1,"column":0},"end":{"line":3,"column":1}},"type":"if","locations":[{"start":{"line":1,"column":0},"end":{"line":3,"column":1}},{"start":{},"end":{}}],"line":1}},"s":{"0":4,"1":4,"2":4,"3":4,"4":4,"5":4,"6":4,"7":4,"8":4,"9":4,"10":4,"11":4,"12":4},"f":{},"b":{"0":[4,0]},"_coverageSchema":"1a1c01bbd47fc00a2c39e90264f33305004495a9","hash":"74680eac83485d9f50163ced800caa897fc8f50c"}
,"D:\\Desktop\\FINAL_PROJECT\\RentNRoll\\server\\controllers\\orderController.js": {"path":"D:\\Desktop\\FINAL_PROJECT\\RentNRoll\\server\\controllers\\orderController.js","statementMap":{"0":{"start":{"line":1,"column":63},"end":{"line":1,"column":89}},"1":{"start":{"line":2,"column":23},"end":{"line":2,"column":49}},"2":{"start":{"line":3,"column":22},"end":{"line":3,"column":42}},"3":{"start":{"line":4,"column":14},"end":{"line":4,"column":41}},"4":{"start":{"line":5,"column":26},"end":{"line":5,"column":65}},"5":{"start":{"line":9,"column":8},"end":{"line":43,"column":9}},"6":{"start":{"line":12,"column":25},"end":{"line":31,"column":14}},"7":{"start":{"line":32,"column":12},"end":{"line":34,"column":13}},"8":{"start":{"line":33,"column":16},"end":{"line":33,"column":43}},"9":{"start":{"line":40,"column":12},"end":{"line":40,"column":29}},"10":{"start":{"line":42,"column":12},"end":{"line":42,"column":24}},"11":{"start":{"line":47,"column":8},"end":{"line":84,"column":9}},"12":{"start":{"line":48,"column":27},"end":{"line":48,"column":37}},"13":{"start":{"line":51,"column":24},"end":{"line":72,"column":14}},"14":{"start":{"line":73,"column":12},"end":{"line":75,"column":13}},"15":{"start":{"line":74,"column":16},"end":{"line":74,"column":44}},"16":{"start":{"line":81,"column":12},"end":{"line":81,"column":28}},"17":{"start":{"line":83,"column":12},"end":{"line":83,"column":24}},"18":{"start":{"line":88,"column":8},"end":{"line":123,"column":9}},"19":{"start":{"line":89,"column":34},"end":{"line":89,"column":44}},"20":{"start":{"line":90,"column":43},"end":{"line":90,"column":51}},"21":{"start":{"line":91,"column":26},"end":{"line":91,"column":59}},"22":{"start":{"line":92,"column":12},"end":{"line":94,"column":13}},"23":{"start":{"line":93,"column":16},"end":{"line":93,"column":44}},"24":{"start":{"line":95,"column":12},"end":{"line":97,"column":13}},"25":{"start":{"line":96,"column":16},"end":{"line":96,"column":44}},"26":{"start":{"line":98,"column":26},"end":{"line":100,"column":14}},"27":{"start":{"line":102,"column":12},"end":{"line":104,"column":13}},"28":{"start":{"line":103,"column":16},"end":{"line":103,"column":44}},"29":{"start":{"line":105,"column":12},"end":{"line":107,"column":13}},"30":{"start":{"line":106,"column":16},"end":{"line":106,"column":44}},"31":{"start":{"line":108,"column":29},"end":{"line":108,"column":66}},"32":{"start":{"line":109,"column":31},"end":{"line":109,"column":55}},"33":{"start":{"line":110,"column":27},"end":{"line":118,"column":14}},"34":{"start":{"line":119,"column":12},"end":{"line":119,"column":53}},"35":{"start":{"line":120,"column":12},"end":{"line":120,"column":43}},"36":{"start":{"line":122,"column":12},"end":{"line":122,"column":24}},"37":{"start":{"line":127,"column":8},"end":{"line":158,"column":9}},"38":{"start":{"line":128,"column":25},"end":{"line":128,"column":27}},"39":{"start":{"line":129,"column":21},"end":{"line":129,"column":23}},"40":{"start":{"line":130,"column":12},"end":{"line":136,"column":13}},"41":{"start":{"line":131,"column":16},"end":{"line":131,"column":34}},"42":{"start":{"line":132,"column":16},"end":{"line":132,"column":38}},"43":{"start":{"line":134,"column":16},"end":{"line":134,"column":40}},"44":{"start":{"line":135,"column":16},"end":{"line":135,"column":34}},"45":{"start":{"line":138,"column":30},"end":{"line":138,"column":54}},"46":{"start":{"line":139,"column":12},"end":{"line":141,"column":13}},"47":{"start":{"line":140,"column":16},"end":{"line":140,"column":44}},"48":{"start":{"line":142,"column":12},"end":{"line":147,"column":14}},"49":{"start":{"line":148,"column":12},"end":{"line":150,"column":13}},"50":{"start":{"line":149,"column":16},"end":{"line":149,"column":111}},"51":{"start":{"line":155,"column":12},"end":{"line":155,"column":71}},"52":{"start":{"line":157,"column":12},"end":{"line":157,"column":24}},"53":{"start":{"line":162,"column":8},"end":{"line":200,"column":9}},"54":{"start":{"line":163,"column":34},"end":{"line":163,"column":44}},"55":{"start":{"line":166,"column":26},"end":{"line":166,"column":59}},"56":{"start":{"line":168,"column":12},"end":{"line":170,"column":13}},"57":{"start":{"line":169,"column":16},"end":{"line":169,"column":44}},"58":{"start":{"line":172,"column":25},"end":{"line":191,"column":14}},"59":{"start":{"line":197,"column":12},"end":{"line":197,"column":29}},"60":{"start":{"line":199,"column":12},"end":{"line":199,"column":24}},"61":{"start":{"line":204,"column":8},"end":{"line":252,"column":9}},"62":{"start":{"line":207,"column":26},"end":{"line":213,"column":14}},"63":{"start":{"line":215,"column":12},"end":{"line":245,"column":13}},"64":{"start":{"line":216,"column":44},"end":{"line":216,"column":101}},"65":{"start":{"line":216,"column":68},"end":{"line":216,"column":100}},"66":{"start":{"line":217,"column":42},"end":{"line":220,"column":18}},"67":{"start":{"line":222,"column":37},"end":{"line":222,"column":39}},"68":{"start":{"line":224,"column":16},"end":{"line":240,"column":17}},"69":{"start":{"line":225,"column":80},"end":{"line":225,"column":87}},"70":{"start":{"line":226,"column":39},"end":{"line":226,"column":53}},"71":{"start":{"line":227,"column":40},"end":{"line":227,"column":133}},"72":{"start":{"line":227,"column":91},"end":{"line":227,"column":110}},"73":{"start":{"line":228,"column":38},"end":{"line":238,"column":21}},"74":{"start":{"line":239,"column":20},"end":{"line":239,"column":53}},"75":{"start":{"line":241,"column":16},"end":{"line":241,"column":46}},"76":{"start":{"line":244,"column":16},"end":{"line":244,"column":66}},"77":{"start":{"line":249,"column":12},"end":{"line":249,"column":35}},"78":{"start":{"line":251,"column":12},"end":{"line":251,"column":24}},"79":{"start":{"line":256,"column":8},"end":{"line":285,"column":9}},"80":{"start":{"line":257,"column":28},"end":{"line":257,"column":68}},"81":{"start":{"line":258,"column":12},"end":{"line":260,"column":13}},"82":{"start":{"line":259,"column":16},"end":{"line":259,"column":44}},"83":{"start":{"line":262,"column":23},"end":{"line":265,"column":14}},"84":{"start":{"line":267,"column":28},"end":{"line":279,"column":13}},"85":{"start":{"line":281,"column":34},"end":{"line":281,"column":73}},"86":{"start":{"line":282,"column":12},"end":{"line":282,"column":48}},"87":{"start":{"line":284,"column":12},"end":{"line":284,"column":24}},"88":{"start":{"line":289,"column":8},"end":{"line":324,"column":9}},"89":{"start":{"line":293,"column":25},"end":{"line":312,"column":14}},"90":{"start":{"line":313,"column":12},"end":{"line":315,"column":13}},"91":{"start":{"line":314,"column":16},"end":{"line":314,"column":44}},"92":{"start":{"line":321,"column":12},"end":{"line":321,"column":29}},"93":{"start":{"line":323,"column":12},"end":{"line":323,"column":24}},"94":{"start":{"line":328,"column":0},"end":{"line":328,"column":33}}},"fnMap":{"0":{"name":"(anonymous_0)","decl":{"start":{"line":8,"column":4},"end":{"line":8,"column":5}},"loc":{"start":{"line":8,"column":46},"end":{"line":44,"column":5}},"line":8},"1":{"name":"(anonymous_1)","decl":{"start":{"line":46,"column":4},"end":{"line":46,"column":5}},"loc":{"start":{"line":46,"column":47},"end":{"line":85,"column":5}},"line":46},"2":{"name":"(anonymous_2)","decl":{"start":{"line":87,"column":4},"end":{"line":87,"column":5}},"loc":{"start":{"line":87,"column":45},"end":{"line":124,"column":5}},"line":87},"3":{"name":"(anonymous_3)","decl":{"start":{"line":126,"column":4},"end":{"line":126,"column":5}},"loc":{"start":{"line":126,"column":51},"end":{"line":159,"column":5}},"line":126},"4":{"name":"(anonymous_4)","decl":{"start":{"line":161,"column":4},"end":{"line":161,"column":5}},"loc":{"start":{"line":161,"column":55},"end":{"line":201,"column":5}},"line":161},"5":{"name":"(anonymous_5)","decl":{"start":{"line":203,"column":4},"end":{"line":203,"column":5}},"loc":{"start":{"line":203,"column":47},"end":{"line":253,"column":5}},"line":203},"6":{"name":"(anonymous_6)","decl":{"start":{"line":216,"column":56},"end":{"line":216,"column":57}},"loc":{"start":{"line":216,"column":68},"end":{"line":216,"column":100}},"line":216},"7":{"name":"(anonymous_7)","decl":{"start":{"line":227,"column":74},"end":{"line":227,"column":75}},"loc":{"start":{"line":227,"column":91},"end":{"line":227,"column":110}},"line":227},"8":{"name":"(anonymous_8)","decl":{"start":{"line":255,"column":4},"end":{"line":255,"column":5}},"loc":{"start":{"line":255,"column":47},"end":{"line":286,"column":5}},"line":255},"9":{"name":"(anonymous_9)","decl":{"start":{"line":288,"column":4},"end":{"line":288,"column":5}},"loc":{"start":{"line":288,"column":53},"end":{"line":325,"column":5}},"line":288}},"branchMap":{"0":{"loc":{"start":{"line":32,"column":12},"end":{"line":34,"column":13}},"type":"if","locations":[{"start":{"line":32,"column":12},"end":{"line":34,"column":13}},{"start":{},"end":{}}],"line":32},"1":{"loc":{"start":{"line":73,"column":12},"end":{"line":75,"column":13}},"type":"if","locations":[{"start":{"line":73,"column":12},"end":{"line":75,"column":13}},{"start":{},"end":{}}],"line":73},"2":{"loc":{"start":{"line":92,"column":12},"end":{"line":94,"column":13}},"type":"if","locations":[{"start":{"line":92,"column":12},"end":{"line":94,"column":13}},{"start":{},"end":{}}],"line":92},"3":{"loc":{"start":{"line":95,"column":12},"end":{"line":97,"column":13}},"type":"if","locations":[{"start":{"line":95,"column":12},"end":{"line":97,"column":13}},{"start":{},"end":{}}],"line":95},"4":{"loc":{"start":{"line":102,"column":12},"end":{"line":104,"column":13}},"type":"if","locations":[{"start":{"line":102,"column":12},"end":{"line":104,"column":13}},{"start":{},"end":{}}],"line":102},"5":{"loc":{"start":{"line":102,"column":16},"end":{"line":102,"column":56}},"type":"binary-expr","locations":[{"start":{"line":102,"column":16},"end":{"line":102,"column":39}},{"start":{"line":102,"column":43},"end":{"line":102,"column":56}}],"line":102},"6":{"loc":{"start":{"line":105,"column":12},"end":{"line":107,"column":13}},"type":"if","locations":[{"start":{"line":105,"column":12},"end":{"line":107,"column":13}},{"start":{},"end":{}}],"line":105},"7":{"loc":{"start":{"line":105,"column":16},"end":{"line":105,"column":56}},"type":"binary-expr","locations":[{"start":{"line":105,"column":16},"end":{"line":105,"column":39}},{"start":{"line":105,"column":43},"end":{"line":105,"column":56}}],"line":105},"8":{"loc":{"start":{"line":130,"column":12},"end":{"line":136,"column":13}},"type":"if","locations":[{"start":{"line":130,"column":12},"end":{"line":136,"column":13}},{"start":{"line":133,"column":19},"end":{"line":136,"column":13}}],"line":130},"9":{"loc":{"start":{"line":139,"column":12},"end":{"line":141,"column":13}},"type":"if","locations":[{"start":{"line":139,"column":12},"end":{"line":141,"column":13}},{"start":{},"end":{}}],"line":139},"10":{"loc":{"start":{"line":148,"column":12},"end":{"line":150,"column":13}},"type":"if","locations":[{"start":{"line":148,"column":12},"end":{"line":150,"column":13}},{"start":{},"end":{}}],"line":148},"11":{"loc":{"start":{"line":168,"column":12},"end":{"line":170,"column":13}},"type":"if","locations":[{"start":{"line":168,"column":12},"end":{"line":170,"column":13}},{"start":{},"end":{}}],"line":168},"12":{"loc":{"start":{"line":215,"column":12},"end":{"line":245,"column":13}},"type":"if","locations":[{"start":{"line":215,"column":12},"end":{"line":245,"column":13}},{"start":{"line":243,"column":19},"end":{"line":245,"column":13}}],"line":215},"13":{"loc":{"start":{"line":227,"column":40},"end":{"line":227,"column":133}},"type":"cond-expr","locations":[{"start":{"line":227,"column":59},"end":{"line":227,"column":129}},{"start":{"line":227,"column":132},"end":{"line":227,"column":133}}],"line":227},"14":{"loc":{"start":{"line":258,"column":12},"end":{"line":260,"column":13}},"type":"if","locations":[{"start":{"line":258,"column":12},"end":{"line":260,"column":13}},{"start":{},"end":{}}],"line":258},"15":{"loc":{"start":{"line":313,"column":12},"end":{"line":315,"column":13}},"type":"if","locations":[{"start":{"line":313,"column":12},"end":{"line":315,"column":13}},{"start":{},"end":{}}],"line":313}},"s":{"0":4,"1":4,"2":4,"3":4,"4":4,"5":2,"6":2,"7":2,"8":1,"9":1,"10":1,"11":2,"12":2,"13":2,"14":2,"15":1,"16":1,"17":1,"18":7,"19":7,"20":7,"21":7,"22":7,"23":1,"24":6,"25":0,"26":6,"27":6,"28":1,"29":5,"30":1,"31":4,"32":4,"33":4,"34":2,"35":2,"36":5,"37":2,"38":2,"39":2,"40":2,"41":0,"42":0,"43":2,"44":2,"45":2,"46":2,"47":1,"48":1,"49":1,"50":1,"51":1,"52":1,"53":2,"54":2,"55":2,"56":2,"57":1,"58":1,"59":1,"60":1,"61":2,"62":2,"63":2,"64":1,"65":3,"66":1,"67":1,"68":1,"69":3,"70":3,"71":3,"72":0,"73":3,"74":3,"75":1,"76":1,"77":1,"78":1,"79":2,"80":2,"81":2,"82":1,"83":1,"84":1,"85":1,"86":0,"87":2,"88":2,"89":2,"90":2,"91":1,"92":1,"93":1,"94":4},"f":{"0":2,"1":2,"2":7,"3":2,"4":2,"5":2,"6":3,"7":0,"8":2,"9":2},"b":{"0":[1,1],"1":[1,1],"2":[1,6],"3":[0,6],"4":[1,5],"5":[6,4],"6":[1,4],"7":[5,2],"8":[0,2],"9":[1,1],"10":[1,0],"11":[1,1],"12":[1,1],"13":[0,3],"14":[1,1],"15":[1,1]},"_coverageSchema":"1a1c01bbd47fc00a2c39e90264f33305004495a9","hash":"43e3aef1e46d56e3d4118f339d71936155b2e6e0"}
,"D:\\Desktop\\FINAL_PROJECT\\RentNRoll\\server\\controllers\\reviewController.js": {"path":"D:\\Desktop\\FINAL_PROJECT\\RentNRoll\\server\\controllers\\reviewController.js","statementMap":{"0":{"start":{"line":1,"column":14},"end":{"line":1,"column":41}},"1":{"start":{"line":2,"column":47},"end":{"line":2,"column":67}},"2":{"start":{"line":5,"column":4},"end":{"line":26,"column":5}},"3":{"start":{"line":8,"column":19},"end":{"line":17,"column":8}},"4":{"start":{"line":18,"column":23},"end":{"line":18,"column":27}},"5":{"start":{"line":23,"column":6},"end":{"line":23,"column":27}},"6":{"start":{"line":25,"column":6},"end":{"line":25,"column":18}},"7":{"start":{"line":29,"column":4},"end":{"line":49,"column":5}},"8":{"start":{"line":30,"column":28},"end":{"line":30,"column":38}},"9":{"start":{"line":31,"column":20},"end":{"line":31,"column":53}},"10":{"start":{"line":32,"column":6},"end":{"line":34,"column":7}},"11":{"start":{"line":33,"column":8},"end":{"line":33,"column":35}},"12":{"start":{"line":37,"column":19},"end":{"line":40,"column":8}},"13":{"start":{"line":41,"column":26},"end":{"line":41,"column":30}},"14":{"start":{"line":46,"column":6},"end":{"line":46,"column":30}},"15":{"start":{"line":48,"column":6},"end":{"line":48,"column":18}},"16":{"start":{"line":52,"column":4},"end":{"line":66,"column":5}},"17":{"start":{"line":53,"column":28},"end":{"line":53,"column":38}},"18":{"start":{"line":54,"column":34},"end":{"line":54,"column":42}},"19":{"start":{"line":55,"column":6},"end":{"line":60,"column":9}},"20":{"start":{"line":61,"column":6},"end":{"line":61,"column":64}},"21":{"start":{"line":62,"column":6},"end":{"line":62,"column":58}},"22":{"start":{"line":63,"column":6},"end":{"line":63,"column":59}},"23":{"start":{"line":65,"column":6},"end":{"line":65,"column":18}},"24":{"start":{"line":70,"column":0},"end":{"line":70,"column":34}}},"fnMap":{"0":{"name":"(anonymous_0)","decl":{"start":{"line":4,"column":2},"end":{"line":4,"column":3}},"loc":{"start":{"line":4,"column":45},"end":{"line":27,"column":3}},"line":4},"1":{"name":"(anonymous_1)","decl":{"start":{"line":28,"column":2},"end":{"line":28,"column":3}},"loc":{"start":{"line":28,"column":48},"end":{"line":50,"column":3}},"line":28},"2":{"name":"(anonymous_2)","decl":{"start":{"line":51,"column":2},"end":{"line":51,"column":3}},"loc":{"start":{"line":51,"column":42},"end":{"line":67,"column":3}},"line":51}},"branchMap":{"0":{"loc":{"start":{"line":32,"column":6},"end":{"line":34,"column":7}},"type":"if","locations":[{"start":{"line":32,"column":6},"end":{"line":34,"column":7}},{"start":{},"end":{}}],"line":32}},"s":{"0":4,"1":4,"2":1,"3":1,"4":1,"5":1,"6":0,"7":2,"8":2,"9":2,"10":2,"11":1,"12":1,"13":1,"14":1,"15":1,"16":3,"17":3,"18":3,"19":3,"20":1,"21":1,"22":1,"23":2,"24":4},"f":{"0":1,"1":2,"2":3},"b":{"0":[1,1]},"_coverageSchema":"1a1c01bbd47fc00a2c39e90264f33305004495a9","hash":"ba468dac5794c10c520781a47dee76642177cfc6"}
,"D:\\Desktop\\FINAL_PROJECT\\RentNRoll\\server\\controllers\\userController.js": {"path":"D:\\Desktop\\FINAL_PROJECT\\RentNRoll\\server\\controllers\\userController.js","statementMap":{"0":{"start":{"line":1,"column":28},"end":{"line":1,"column":56}},"1":{"start":{"line":2,"column":22},"end":{"line":2,"column":47}},"2":{"start":{"line":3,"column":40},"end":{"line":3,"column":72}},"3":{"start":{"line":4,"column":14},"end":{"line":4,"column":41}},"4":{"start":{"line":5,"column":55},"end":{"line":5,"column":75}},"5":{"start":{"line":9,"column":4},"end":{"line":15,"column":5}},"6":{"start":{"line":10,"column":51},"end":{"line":10,"column":59}},"7":{"start":{"line":11,"column":6},"end":{"line":11,"column":62}},"8":{"start":{"line":12,"column":6},"end":{"line":12,"column":72}},"9":{"start":{"line":14,"column":6},"end":{"line":14,"column":18}},"10":{"start":{"line":19,"column":32},"end":{"line":19,"column":40}},"11":{"start":{"line":20,"column":4},"end":{"line":34,"column":5}},"12":{"start":{"line":21,"column":6},"end":{"line":21,"column":67}},"13":{"start":{"line":21,"column":31},"end":{"line":21,"column":67}},"14":{"start":{"line":22,"column":19},"end":{"line":22,"column":59}},"15":{"start":{"line":23,"column":6},"end":{"line":23,"column":59}},"16":{"start":{"line":23,"column":17},"end":{"line":23,"column":59}},"17":{"start":{"line":24,"column":24},"end":{"line":24,"column":64}},"18":{"start":{"line":25,"column":6},"end":{"line":25,"column":57}},"19":{"start":{"line":25,"column":22},"end":{"line":25,"column":57}},"20":{"start":{"line":26,"column":27},"end":{"line":26,"column":40}},"21":{"start":{"line":28,"column":6},"end":{"line":28,"column":47}},"22":{"start":{"line":30,"column":6},"end":{"line":30,"column":53}},"23":{"start":{"line":31,"column":6},"end":{"line":31,"column":40}},"24":{"start":{"line":33,"column":6},"end":{"line":33,"column":16}},"25":{"start":{"line":38,"column":37},"end":{"line":38,"column":45}},"26":{"start":{"line":39,"column":4},"end":{"line":51,"column":5}},"27":{"start":{"line":40,"column":6},"end":{"line":40,"column":61}},"28":{"start":{"line":40,"column":31},"end":{"line":40,"column":61}},"29":{"start":{"line":41,"column":19},"end":{"line":41,"column":59}},"30":{"start":{"line":42,"column":6},"end":{"line":42,"column":58}},"31":{"start":{"line":42,"column":17},"end":{"line":42,"column":58}},"32":{"start":{"line":43,"column":24},"end":{"line":43,"column":64}},"33":{"start":{"line":44,"column":6},"end":{"line":44,"column":63}},"34":{"start":{"line":44,"column":22},"end":{"line":44,"column":63}},"35":{"start":{"line":45,"column":26},"end":{"line":45,"column":81}},"36":{"start":{"line":46,"column":6},"end":{"line":46,"column":58}},"37":{"start":{"line":46,"column":28},"end":{"line":46,"column":58}},"38":{"start":{"line":47,"column":27},"end":{"line":47,"column":53}},"39":{"start":{"line":48,"column":6},"end":{"line":48,"column":45}},"40":{"start":{"line":50,"column":6},"end":{"line":50,"column":16}},"41":{"start":{"line":55,"column":4},"end":{"line":73,"column":5}},"42":{"start":{"line":57,"column":6},"end":{"line":59,"column":7}},"43":{"start":{"line":58,"column":8},"end":{"line":58,"column":55}},"44":{"start":{"line":60,"column":6},"end":{"line":62,"column":7}},"45":{"start":{"line":61,"column":8},"end":{"line":61,"column":43}},"46":{"start":{"line":63,"column":6},"end":{"line":69,"column":9}},"47":{"start":{"line":70,"column":6},"end":{"line":70,"column":80}},"48":{"start":{"line":72,"column":6},"end":{"line":72,"column":18}},"49":{"start":{"line":77,"column":4},"end":{"line":108,"column":5}},"50":{"start":{"line":79,"column":19},"end":{"line":97,"column":8}},"51":{"start":{"line":98,"column":26},"end":{"line":98,"column":44}},"52":{"start":{"line":99,"column":6},"end":{"line":99,"column":48}},"53":{"start":{"line":100,"column":26},"end":{"line":100,"column":89}},"54":{"start":{"line":100,"column":65},"end":{"line":100,"column":85}},"55":{"start":{"line":103,"column":6},"end":{"line":103,"column":48}},"56":{"start":{"line":105,"column":6},"end":{"line":105,"column":21}},"57":{"start":{"line":107,"column":6},"end":{"line":107,"column":18}},"58":{"start":{"line":112,"column":4},"end":{"line":125,"column":5}},"59":{"start":{"line":113,"column":50},"end":{"line":113,"column":53}},"60":{"start":{"line":114,"column":6},"end":{"line":116,"column":7}},"61":{"start":{"line":115,"column":8},"end":{"line":115,"column":43}},"62":{"start":{"line":117,"column":6},"end":{"line":119,"column":7}},"63":{"start":{"line":118,"column":8},"end":{"line":118,"column":55}},"64":{"start":{"line":120,"column":6},"end":{"line":120,"column":104}},"65":{"start":{"line":122,"column":6},"end":{"line":122,"column":53}},"66":{"start":{"line":124,"column":6},"end":{"line":124,"column":18}},"67":{"start":{"line":129,"column":4},"end":{"line":136,"column":5}},"68":{"start":{"line":131,"column":6},"end":{"line":131,"column":57}},"69":{"start":{"line":132,"column":6},"end":{"line":132,"column":61}},"70":{"start":{"line":135,"column":6},"end":{"line":135,"column":18}},"71":{"start":{"line":140,"column":0},"end":{"line":140,"column":32}},"72":{"start":{"line":147,"column":38},"end":{"line":147,"column":37596}},"73":{"start":{"line":147,"column":42},"end":{"line":147,"column":37585}},"74":{"start":{"line":147,"column":37621},"end":{"line":147,"column":37661}},"75":{"start":{"line":147,"column":37625},"end":{"line":147,"column":37650}},"76":{"start":{"line":147,"column":37662},"end":{"line":147,"column":37670}},"77":{"start":{"line":147,"column":37695},"end":{"line":147,"column":37737}},"78":{"start":{"line":147,"column":37699},"end":{"line":147,"column":37726}},"79":{"start":{"line":147,"column":37738},"end":{"line":147,"column":37746}},"80":{"start":{"line":147,"column":37765},"end":{"line":147,"column":37802}},"81":{"start":{"line":147,"column":37769},"end":{"line":147,"column":37791}},"82":{"start":{"line":147,"column":37821},"end":{"line":147,"column":37861}},"83":{"start":{"line":147,"column":37825},"end":{"line":147,"column":37850}}},"fnMap":{"0":{"name":"(anonymous_0)","decl":{"start":{"line":8,"column":2},"end":{"line":8,"column":3}},"loc":{"start":{"line":8,"column":40},"end":{"line":16,"column":3}},"line":8},"1":{"name":"(anonymous_1)","decl":{"start":{"line":18,"column":2},"end":{"line":18,"column":3}},"loc":{"start":{"line":18,"column":38},"end":{"line":35,"column":3}},"line":18},"2":{"name":"(anonymous_2)","decl":{"start":{"line":37,"column":2},"end":{"line":37,"column":3}},"loc":{"start":{"line":37,"column":37},"end":{"line":52,"column":3}},"line":37},"3":{"name":"(anonymous_3)","decl":{"start":{"line":54,"column":2},"end":{"line":54,"column":3}},"loc":{"start":{"line":54,"column":45},"end":{"line":74,"column":3}},"line":54},"4":{"name":"(anonymous_4)","decl":{"start":{"line":76,"column":2},"end":{"line":76,"column":3}},"loc":{"start":{"line":76,"column":42},"end":{"line":109,"column":3}},"line":76},"5":{"name":"(anonymous_5)","decl":{"start":{"line":100,"column":47},"end":{"line":100,"column":48}},"loc":{"start":{"line":100,"column":65},"end":{"line":100,"column":85}},"line":100},"6":{"name":"(anonymous_6)","decl":{"start":{"line":111,"column":2},"end":{"line":111,"column":3}},"loc":{"start":{"line":111,"column":43},"end":{"line":126,"column":3}},"line":111},"7":{"name":"(anonymous_7)","decl":{"start":{"line":128,"column":2},"end":{"line":128,"column":3}},"loc":{"start":{"line":128,"column":42},"end":{"line":137,"column":3}},"line":128},"8":{"name":"oo_cm","decl":{"start":{"line":147,"column":30},"end":{"line":147,"column":35}},"loc":{"start":{"line":147,"column":37},"end":{"line":147,"column":37597}},"line":147},"9":{"name":"oo_oo","decl":{"start":{"line":147,"column":37607},"end":{"line":147,"column":37612}},"loc":{"start":{"line":147,"column":37620},"end":{"line":147,"column":37671}},"line":147},"10":{"name":"oo_tr","decl":{"start":{"line":147,"column":37681},"end":{"line":147,"column":37686}},"loc":{"start":{"line":147,"column":37694},"end":{"line":147,"column":37747}},"line":147},"11":{"name":"oo_ts","decl":{"start":{"line":147,"column":37757},"end":{"line":147,"column":37762}},"loc":{"start":{"line":147,"column":37764},"end":{"line":147,"column":37803}},"line":147},"12":{"name":"oo_te","decl":{"start":{"line":147,"column":37813},"end":{"line":147,"column":37818}},"loc":{"start":{"line":147,"column":37820},"end":{"line":147,"column":37862}},"line":147}},"branchMap":{"0":{"loc":{"start":{"line":21,"column":6},"end":{"line":21,"column":67}},"type":"if","locations":[{"start":{"line":21,"column":6},"end":{"line":21,"column":67}},{"start":{},"end":{}}],"line":21},"1":{"loc":{"start":{"line":21,"column":10},"end":{"line":21,"column":29}},"type":"binary-expr","locations":[{"start":{"line":21,"column":10},"end":{"line":21,"column":16}},{"start":{"line":21,"column":20},"end":{"line":21,"column":29}}],"line":21},"2":{"loc":{"start":{"line":23,"column":6},"end":{"line":23,"column":59}},"type":"if","locations":[{"start":{"line":23,"column":6},"end":{"line":23,"column":59}},{"start":{},"end":{}}],"line":23},"3":{"loc":{"start":{"line":25,"column":6},"end":{"line":25,"column":57}},"type":"if","locations":[{"start":{"line":25,"column":6},"end":{"line":25,"column":57}},{"start":{},"end":{}}],"line":25},"4":{"loc":{"start":{"line":40,"column":6},"end":{"line":40,"column":61}},"type":"if","locations":[{"start":{"line":40,"column":6},"end":{"line":40,"column":61}},{"start":{},"end":{}}],"line":40},"5":{"loc":{"start":{"line":40,"column":10},"end":{"line":40,"column":29}},"type":"binary-expr","locations":[{"start":{"line":40,"column":10},"end":{"line":40,"column":16}},{"start":{"line":40,"column":20},"end":{"line":40,"column":29}}],"line":40},"6":{"loc":{"start":{"line":42,"column":6},"end":{"line":42,"column":58}},"type":"if","locations":[{"start":{"line":42,"column":6},"end":{"line":42,"column":58}},{"start":{},"end":{}}],"line":42},"7":{"loc":{"start":{"line":44,"column":6},"end":{"line":44,"column":63}},"type":"if","locations":[{"start":{"line":44,"column":6},"end":{"line":44,"column":63}},{"start":{},"end":{}}],"line":44},"8":{"loc":{"start":{"line":46,"column":6},"end":{"line":46,"column":58}},"type":"if","locations":[{"start":{"line":46,"column":6},"end":{"line":46,"column":58}},{"start":{},"end":{}}],"line":46},"9":{"loc":{"start":{"line":57,"column":6},"end":{"line":59,"column":7}},"type":"if","locations":[{"start":{"line":57,"column":6},"end":{"line":59,"column":7}},{"start":{},"end":{}}],"line":57},"10":{"loc":{"start":{"line":60,"column":6},"end":{"line":62,"column":7}},"type":"if","locations":[{"start":{"line":60,"column":6},"end":{"line":62,"column":7}},{"start":{},"end":{}}],"line":60},"11":{"loc":{"start":{"line":114,"column":6},"end":{"line":116,"column":7}},"type":"if","locations":[{"start":{"line":114,"column":6},"end":{"line":116,"column":7}},{"start":{},"end":{}}],"line":114},"12":{"loc":{"start":{"line":117,"column":6},"end":{"line":119,"column":7}},"type":"if","locations":[{"start":{"line":117,"column":6},"end":{"line":119,"column":7}},{"start":{},"end":{}}],"line":117},"13":{"loc":{"start":{"line":147,"column":49},"end":{"line":147,"column":37584}},"type":"binary-expr","locations":[{"start":{"line":147,"column":49},"end":{"line":147,"column":86}},{"start":{"line":147,"column":90},"end":{"line":147,"column":37584}}],"line":147}},"s":{"0":4,"1":4,"2":4,"3":4,"4":4,"5":12,"6":12,"7":12,"8":1,"9":11,"10":7,"11":7,"12":7,"13":4,"14":3,"15":3,"16":1,"17":2,"18":2,"19":1,"20":1,"21":1,"22":1,"23":1,"24":6,"25":10,"26":10,"27":10,"28":4,"29":6,"30":6,"31":1,"32":5,"33":5,"34":1,"35":4,"36":4,"37":3,"38":1,"39":1,"40":9,"41":3,"42":3,"43":1,"44":2,"45":1,"46":1,"47":1,"48":2,"49":1,"50":1,"51":1,"52":1,"53":1,"54":0,"55":1,"56":1,"57":0,"58":3,"59":3,"60":3,"61":1,"62":2,"63":1,"64":1,"65":1,"66":2,"67":1,"68":1,"69":1,"70":0,"71":4,"72":4,"73":4,"74":4,"75":4,"76":4,"77":0,"78":0,"79":0,"80":0,"81":0,"82":0,"83":0},"f":{"0":12,"1":7,"2":10,"3":3,"4":1,"5":0,"6":3,"7":1,"8":4,"9":4,"10":0,"11":0,"12":0},"b":{"0":[4,3],"1":[7,5],"2":[1,2],"3":[1,1],"4":[4,6],"5":[10,8],"6":[1,5],"7":[1,4],"8":[3,1],"9":[1,2],"10":[1,1],"11":[1,2],"12":[1,1],"13":[4,0]},"_coverageSchema":"1a1c01bbd47fc00a2c39e90264f33305004495a9","hash":"91e85aac0cea293de8bda4f4efc770193fd69b0b"}
,"D:\\Desktop\\FINAL_PROJECT\\RentNRoll\\server\\controllers\\vehicleController.js": {"path":"D:\\Desktop\\FINAL_PROJECT\\RentNRoll\\server\\controllers\\vehicleController.js","statementMap":{"0":{"start":{"line":1,"column":79},"end":{"line":1,"column":105}},"1":{"start":{"line":2,"column":14},"end":{"line":2,"column":41}},"2":{"start":{"line":3,"column":22},"end":{"line":3,"column":48}},"3":{"start":{"line":7,"column":4},"end":{"line":76,"column":5}},"4":{"start":{"line":8,"column":45},"end":{"line":8,"column":54}},"5":{"start":{"line":9,"column":20},"end":{"line":25,"column":7}},"6":{"start":{"line":26,"column":6},"end":{"line":28,"column":7}},"7":{"start":{"line":27,"column":8},"end":{"line":27,"column":37}},"8":{"start":{"line":29,"column":23},"end":{"line":29,"column":53}},"9":{"start":{"line":31,"column":6},"end":{"line":33,"column":7}},"10":{"start":{"line":32,"column":8},"end":{"line":32,"column":36}},"11":{"start":{"line":36,"column":6},"end":{"line":52,"column":7}},"12":{"start":{"line":37,"column":8},"end":{"line":37,"column":39}},"13":{"start":{"line":38,"column":8},"end":{"line":38,"column":35}},"14":{"start":{"line":39,"column":8},"end":{"line":49,"column":11}},"15":{"start":{"line":40,"column":30},"end":{"line":40,"column":34}},"16":{"start":{"line":41,"column":10},"end":{"line":45,"column":13}},"17":{"start":{"line":42,"column":12},"end":{"line":44,"column":13}},"18":{"start":{"line":43,"column":14},"end":{"line":43,"column":36}},"19":{"start":{"line":46,"column":10},"end":{"line":48,"column":11}},"20":{"start":{"line":47,"column":12},"end":{"line":47,"column":27}},"21":{"start":{"line":51,"column":8},"end":{"line":51,"column":36}},"22":{"start":{"line":54,"column":26},"end":{"line":72,"column":8}},"23":{"start":{"line":55,"column":80},"end":{"line":55,"column":87}},"24":{"start":{"line":56,"column":29},"end":{"line":56,"column":43}},"25":{"start":{"line":57,"column":28},"end":{"line":57,"column":41}},"26":{"start":{"line":58,"column":30},"end":{"line":58,"column":123}},"27":{"start":{"line":58,"column":81},"end":{"line":58,"column":100}},"28":{"start":{"line":60,"column":8},"end":{"line":71,"column":10}},"29":{"start":{"line":73,"column":6},"end":{"line":73,"column":40}},"30":{"start":{"line":75,"column":6},"end":{"line":75,"column":16}},"31":{"start":{"line":80,"column":4},"end":{"line":98,"column":5}},"32":{"start":{"line":83,"column":22},"end":{"line":86,"column":8}},"33":{"start":{"line":87,"column":6},"end":{"line":89,"column":7}},"34":{"start":{"line":88,"column":8},"end":{"line":88,"column":36}},"35":{"start":{"line":95,"column":6},"end":{"line":95,"column":24}},"36":{"start":{"line":97,"column":6},"end":{"line":97,"column":18}},"37":{"start":{"line":102,"column":4},"end":{"line":115,"column":5}},"38":{"start":{"line":105,"column":23},"end":{"line":105,"column":46}},"39":{"start":{"line":106,"column":24},"end":{"line":106,"column":81}},"40":{"start":{"line":106,"column":62},"end":{"line":106,"column":78}},"41":{"start":{"line":112,"column":6},"end":{"line":112,"column":38}},"42":{"start":{"line":114,"column":6},"end":{"line":114,"column":18}},"43":{"start":{"line":118,"column":4},"end":{"line":170,"column":5}},"44":{"start":{"line":119,"column":21},"end":{"line":119,"column":31}},"45":{"start":{"line":121,"column":26},"end":{"line":121,"column":27}},"46":{"start":{"line":122,"column":22},"end":{"line":126,"column":8}},"47":{"start":{"line":127,"column":6},"end":{"line":134,"column":7}},"48":{"start":{"line":128,"column":27},"end":{"line":130,"column":10}},"49":{"start":{"line":129,"column":10},"end":{"line":129,"column":27}},"50":{"start":{"line":131,"column":22},"end":{"line":131,"column":79}},"51":{"start":{"line":131,"column":50},"end":{"line":131,"column":55}},"52":{"start":{"line":133,"column":8},"end":{"line":133,"column":43}},"53":{"start":{"line":135,"column":22},"end":{"line":158,"column":8}},"54":{"start":{"line":159,"column":6},"end":{"line":161,"column":7}},"55":{"start":{"line":160,"column":8},"end":{"line":160,"column":36}},"56":{"start":{"line":162,"column":6},"end":{"line":165,"column":8}},"57":{"start":{"line":167,"column":6},"end":{"line":167,"column":46}},"58":{"start":{"line":169,"column":6},"end":{"line":169,"column":16}},"59":{"start":{"line":174,"column":4},"end":{"line":202,"column":5}},"60":{"start":{"line":176,"column":21},"end":{"line":197,"column":8}},"61":{"start":{"line":177,"column":70},"end":{"line":177,"column":78}},"62":{"start":{"line":178,"column":24},"end":{"line":188,"column":9}},"63":{"start":{"line":189,"column":23},"end":{"line":189,"column":49}},"64":{"start":{"line":190,"column":8},"end":{"line":192,"column":10}},"65":{"start":{"line":191,"column":10},"end":{"line":191,"column":34}},"66":{"start":{"line":194,"column":8},"end":{"line":194,"column":69}},"67":{"start":{"line":198,"column":6},"end":{"line":198,"column":67}},"68":{"start":{"line":200,"column":26},"end":{"line":200,"column":68}},"69":{"start":{"line":201,"column":6},"end":{"line":201,"column":16}},"70":{"start":{"line":206,"column":4},"end":{"line":224,"column":5}},"71":{"start":{"line":207,"column":21},"end":{"line":207,"column":31}},"72":{"start":{"line":208,"column":26},"end":{"line":208,"column":52}},"73":{"start":{"line":209,"column":6},"end":{"line":211,"column":7}},"74":{"start":{"line":210,"column":8},"end":{"line":210,"column":36}},"75":{"start":{"line":212,"column":6},"end":{"line":216,"column":9}},"76":{"start":{"line":220,"column":6},"end":{"line":220,"column":80}},"77":{"start":{"line":222,"column":26},"end":{"line":222,"column":68}},"78":{"start":{"line":223,"column":6},"end":{"line":223,"column":16}},"79":{"start":{"line":227,"column":4},"end":{"line":252,"column":5}},"80":{"start":{"line":228,"column":21},"end":{"line":228,"column":31}},"81":{"start":{"line":230,"column":52},"end":{"line":230,"column":60}},"82":{"start":{"line":232,"column":26},"end":{"line":232,"column":52}},"83":{"start":{"line":233,"column":6},"end":{"line":235,"column":7}},"84":{"start":{"line":234,"column":8},"end":{"line":234,"column":36}},"85":{"start":{"line":236,"column":6},"end":{"line":246,"column":8}},"86":{"start":{"line":249,"column":6},"end":{"line":249,"column":64}},"87":{"start":{"line":251,"column":6},"end":{"line":251,"column":16}},"88":{"start":{"line":256,"column":4},"end":{"line":269,"column":5}},"89":{"start":{"line":260,"column":19},"end":{"line":260,"column":43}},"90":{"start":{"line":266,"column":6},"end":{"line":266,"column":21}},"91":{"start":{"line":268,"column":6},"end":{"line":268,"column":18}},"92":{"start":{"line":273,"column":0},"end":{"line":273,"column":35}},"93":{"start":{"line":280,"column":38},"end":{"line":280,"column":37596}},"94":{"start":{"line":280,"column":42},"end":{"line":280,"column":37585}},"95":{"start":{"line":280,"column":37621},"end":{"line":280,"column":37661}},"96":{"start":{"line":280,"column":37625},"end":{"line":280,"column":37650}},"97":{"start":{"line":280,"column":37662},"end":{"line":280,"column":37670}},"98":{"start":{"line":280,"column":37695},"end":{"line":280,"column":37737}},"99":{"start":{"line":280,"column":37699},"end":{"line":280,"column":37726}},"100":{"start":{"line":280,"column":37738},"end":{"line":280,"column":37746}},"101":{"start":{"line":280,"column":37765},"end":{"line":280,"column":37802}},"102":{"start":{"line":280,"column":37769},"end":{"line":280,"column":37791}},"103":{"start":{"line":280,"column":37821},"end":{"line":280,"column":37861}},"104":{"start":{"line":280,"column":37825},"end":{"line":280,"column":37850}}},"fnMap":{"0":{"name":"(anonymous_0)","decl":{"start":{"line":6,"column":2},"end":{"line":6,"column":3}},"loc":{"start":{"line":6,"column":44},"end":{"line":77,"column":3}},"line":6},"1":{"name":"(anonymous_1)","decl":{"start":{"line":39,"column":43},"end":{"line":39,"column":44}},"loc":{"start":{"line":39,"column":56},"end":{"line":49,"column":9}},"line":39},"2":{"name":"(anonymous_2)","decl":{"start":{"line":41,"column":33},"end":{"line":41,"column":34}},"loc":{"start":{"line":41,"column":41},"end":{"line":45,"column":11}},"line":41},"3":{"name":"(anonymous_3)","decl":{"start":{"line":54,"column":47},"end":{"line":54,"column":48}},"loc":{"start":{"line":54,"column":60},"end":{"line":72,"column":7}},"line":54},"4":{"name":"(anonymous_4)","decl":{"start":{"line":58,"column":64},"end":{"line":58,"column":65}},"loc":{"start":{"line":58,"column":81},"end":{"line":58,"column":100}},"line":58},"5":{"name":"(anonymous_5)","decl":{"start":{"line":79,"column":2},"end":{"line":79,"column":3}},"loc":{"start":{"line":79,"column":46},"end":{"line":99,"column":3}},"line":79},"6":{"name":"(anonymous_6)","decl":{"start":{"line":101,"column":2},"end":{"line":101,"column":3}},"loc":{"start":{"line":101,"column":45},"end":{"line":116,"column":3}},"line":101},"7":{"name":"(anonymous_7)","decl":{"start":{"line":106,"column":49},"end":{"line":106,"column":50}},"loc":{"start":{"line":106,"column":62},"end":{"line":106,"column":78}},"line":106},"8":{"name":"(anonymous_8)","decl":{"start":{"line":117,"column":2},"end":{"line":117,"column":3}},"loc":{"start":{"line":117,"column":45},"end":{"line":171,"column":3}},"line":117},"9":{"name":"(anonymous_9)","decl":{"start":{"line":128,"column":39},"end":{"line":128,"column":40}},"loc":{"start":{"line":128,"column":47},"end":{"line":130,"column":9}},"line":128},"10":{"name":"(anonymous_10)","decl":{"start":{"line":131,"column":40},"end":{"line":131,"column":41}},"loc":{"start":{"line":131,"column":50},"end":{"line":131,"column":55}},"line":131},"11":{"name":"(anonymous_11)","decl":{"start":{"line":173,"column":2},"end":{"line":173,"column":3}},"loc":{"start":{"line":173,"column":42},"end":{"line":203,"column":3}},"line":173},"12":{"name":"(anonymous_12)","decl":{"start":{"line":176,"column":49},"end":{"line":176,"column":50}},"loc":{"start":{"line":176,"column":62},"end":{"line":197,"column":7}},"line":176},"13":{"name":"(anonymous_13)","decl":{"start":{"line":190,"column":25},"end":{"line":190,"column":26}},"loc":{"start":{"line":190,"column":30},"end":{"line":192,"column":9}},"line":190},"14":{"name":"(anonymous_14)","decl":{"start":{"line":205,"column":2},"end":{"line":205,"column":3}},"loc":{"start":{"line":205,"column":45},"end":{"line":225,"column":3}},"line":205},"15":{"name":"(anonymous_15)","decl":{"start":{"line":226,"column":2},"end":{"line":226,"column":3}},"loc":{"start":{"line":226,"column":43},"end":{"line":253,"column":3}},"line":226},"16":{"name":"(anonymous_16)","decl":{"start":{"line":255,"column":2},"end":{"line":255,"column":3}},"loc":{"start":{"line":255,"column":45},"end":{"line":270,"column":3}},"line":255},"17":{"name":"oo_cm","decl":{"start":{"line":280,"column":30},"end":{"line":280,"column":35}},"loc":{"start":{"line":280,"column":37},"end":{"line":280,"column":37597}},"line":280},"18":{"name":"oo_oo","decl":{"start":{"line":280,"column":37607},"end":{"line":280,"column":37612}},"loc":{"start":{"line":280,"column":37620},"end":{"line":280,"column":37671}},"line":280},"19":{"name":"oo_tr","decl":{"start":{"line":280,"column":37681},"end":{"line":280,"column":37686}},"loc":{"start":{"line":280,"column":37694},"end":{"line":280,"column":37747}},"line":280},"20":{"name":"oo_ts","decl":{"start":{"line":280,"column":37757},"end":{"line":280,"column":37762}},"loc":{"start":{"line":280,"column":37764},"end":{"line":280,"column":37803}},"line":280},"21":{"name":"oo_te","decl":{"start":{"line":280,"column":37813},"end":{"line":280,"column":37818}},"loc":{"start":{"line":280,"column":37820},"end":{"line":280,"column":37862}},"line":280}},"branchMap":{"0":{"loc":{"start":{"line":26,"column":6},"end":{"line":28,"column":7}},"type":"if","locations":[{"start":{"line":26,"column":6},"end":{"line":28,"column":7}},{"start":{},"end":{}}],"line":26},"1":{"loc":{"start":{"line":31,"column":6},"end":{"line":33,"column":7}},"type":"if","locations":[{"start":{"line":31,"column":6},"end":{"line":33,"column":7}},{"start":{},"end":{}}],"line":31},"2":{"loc":{"start":{"line":36,"column":6},"end":{"line":52,"column":7}},"type":"if","locations":[{"start":{"line":36,"column":6},"end":{"line":52,"column":7}},{"start":{"line":50,"column":13},"end":{"line":52,"column":7}}],"line":36},"3":{"loc":{"start":{"line":36,"column":10},"end":{"line":36,"column":30}},"type":"binary-expr","locations":[{"start":{"line":36,"column":10},"end":{"line":36,"column":19}},{"start":{"line":36,"column":23},"end":{"line":36,"column":30}}],"line":36},"4":{"loc":{"start":{"line":42,"column":12},"end":{"line":44,"column":13}},"type":"if","locations":[{"start":{"line":42,"column":12},"end":{"line":44,"column":13}},{"start":{},"end":{}}],"line":42},"5":{"loc":{"start":{"line":42,"column":16},"end":{"line":42,"column":64}},"type":"binary-expr","locations":[{"start":{"line":42,"column":16},"end":{"line":42,"column":38}},{"start":{"line":42,"column":42},"end":{"line":42,"column":64}}],"line":42},"6":{"loc":{"start":{"line":46,"column":10},"end":{"line":48,"column":11}},"type":"if","locations":[{"start":{"line":46,"column":10},"end":{"line":48,"column":11}},{"start":{},"end":{}}],"line":46},"7":{"loc":{"start":{"line":58,"column":30},"end":{"line":58,"column":123}},"type":"cond-expr","locations":[{"start":{"line":58,"column":49},"end":{"line":58,"column":119}},{"start":{"line":58,"column":122},"end":{"line":58,"column":123}}],"line":58},"8":{"loc":{"start":{"line":87,"column":6},"end":{"line":89,"column":7}},"type":"if","locations":[{"start":{"line":87,"column":6},"end":{"line":89,"column":7}},{"start":{},"end":{}}],"line":87},"9":{"loc":{"start":{"line":127,"column":6},"end":{"line":134,"column":7}},"type":"if","locations":[{"start":{"line":127,"column":6},"end":{"line":134,"column":7}},{"start":{},"end":{}}],"line":127},"10":{"loc":{"start":{"line":159,"column":6},"end":{"line":161,"column":7}},"type":"if","locations":[{"start":{"line":159,"column":6},"end":{"line":161,"column":7}},{"start":{},"end":{}}],"line":159},"11":{"loc":{"start":{"line":209,"column":6},"end":{"line":211,"column":7}},"type":"if","locations":[{"start":{"line":209,"column":6},"end":{"line":211,"column":7}},{"start":{},"end":{}}],"line":209},"12":{"loc":{"start":{"line":233,"column":6},"end":{"line":235,"column":7}},"type":"if","locations":[{"start":{"line":233,"column":6},"end":{"line":235,"column":7}},{"start":{},"end":{}}],"line":233},"13":{"loc":{"start":{"line":280,"column":49},"end":{"line":280,"column":37584}},"type":"binary-expr","locations":[{"start":{"line":280,"column":49},"end":{"line":280,"column":86}},{"start":{"line":280,"column":90},"end":{"line":280,"column":37584}}],"line":280}},"s":{"0":4,"1":4,"2":4,"3":6,"4":6,"5":6,"6":6,"7":3,"8":6,"9":6,"10":2,"11":4,"12":2,"13":2,"14":2,"15":26,"16":26,"17":0,"18":0,"19":26,"20":26,"21":2,"22":4,"23":66,"24":66,"25":66,"26":66,"27":191,"28":66,"29":4,"30":2,"31":2,"32":2,"33":2,"34":0,"35":2,"36":0,"37":1,"38":1,"39":1,"40":20,"41":1,"42":0,"43":2,"44":2,"45":2,"46":2,"47":2,"48":1,"49":2,"50":1,"51":2,"52":1,"53":2,"54":2,"55":1,"56":1,"57":1,"58":1,"59":3,"60":3,"61":3,"62":3,"63":1,"64":1,"65":1,"66":1,"67":1,"68":2,"69":2,"70":2,"71":2,"72":2,"73":2,"74":1,"75":1,"76":1,"77":1,"78":1,"79":2,"80":2,"81":2,"82":2,"83":2,"84":1,"85":1,"86":1,"87":1,"88":1,"89":1,"90":1,"91":0,"92":4,"93":3,"94":3,"95":3,"96":3,"97":3,"98":0,"99":0,"100":0,"101":0,"102":0,"103":0,"104":0},"f":{"0":6,"1":26,"2":0,"3":66,"4":191,"5":2,"6":1,"7":20,"8":2,"9":2,"10":2,"11":3,"12":3,"13":1,"14":2,"15":2,"16":1,"17":3,"18":3,"19":0,"20":0,"21":0},"b":{"0":[3,3],"1":[2,4],"2":[2,2],"3":[4,2],"4":[0,0],"5":[0,0],"6":[26,0],"7":[66,0],"8":[0,2],"9":[1,1],"10":[1,1],"11":[1,1],"12":[1,1],"13":[3,0]},"_coverageSchema":"1a1c01bbd47fc00a2c39e90264f33305004495a9","hash":"d01667149197d5cc840aa61f873986f822282e7d"}
,"D:\\Desktop\\FINAL_PROJECT\\RentNRoll\\server\\helpers\\bcrypt.js": {"path":"D:\\Desktop\\FINAL_PROJECT\\RentNRoll\\server\\helpers\\bcrypt.js","statementMap":{"0":{"start":{"line":1,"column":15},"end":{"line":1,"column":34}},"1":{"start":{"line":2,"column":21},"end":{"line":6,"column":1}},"2":{"start":{"line":3,"column":15},"end":{"line":3,"column":37}},"3":{"start":{"line":4,"column":15},"end":{"line":4,"column":46}},"4":{"start":{"line":5,"column":2},"end":{"line":5,"column":14}},"5":{"start":{"line":7,"column":24},"end":{"line":9,"column":1}},"6":{"start":{"line":8,"column":2},"end":{"line":8,"column":52}},"7":{"start":{"line":11,"column":0},"end":{"line":11,"column":51}}},"fnMap":{"0":{"name":"(anonymous_0)","decl":{"start":{"line":2,"column":21},"end":{"line":2,"column":22}},"loc":{"start":{"line":2,"column":35},"end":{"line":6,"column":1}},"line":2},"1":{"name":"(anonymous_1)","decl":{"start":{"line":7,"column":24},"end":{"line":7,"column":25}},"loc":{"start":{"line":7,"column":52},"end":{"line":9,"column":1}},"line":7}},"branchMap":{},"s":{"0":4,"1":4,"2":22,"3":22,"4":22,"5":4,"6":7,"7":4},"f":{"0":22,"1":7},"b":{},"_coverageSchema":"1a1c01bbd47fc00a2c39e90264f33305004495a9","hash":"cb2c651a1019ee348df52dacbaeff7b5bd6dd740"}
,"D:\\Desktop\\FINAL_PROJECT\\RentNRoll\\server\\helpers\\jwt.js": {"path":"D:\\Desktop\\FINAL_PROJECT\\RentNRoll\\server\\helpers\\jwt.js","statementMap":{"0":{"start":{"line":1,"column":10},"end":{"line":1,"column":33}},"1":{"start":{"line":2,"column":17},"end":{"line":2,"column":39}},"2":{"start":{"line":4,"column":18},"end":{"line":6,"column":1}},"3":{"start":{"line":5,"column":2},"end":{"line":5,"column":36}},"4":{"start":{"line":7,"column":20},"end":{"line":9,"column":1}},"5":{"start":{"line":8,"column":2},"end":{"line":8,"column":39}},"6":{"start":{"line":11,"column":0},"end":{"line":11,"column":44}}},"fnMap":{"0":{"name":"(anonymous_0)","decl":{"start":{"line":4,"column":18},"end":{"line":4,"column":19}},"loc":{"start":{"line":4,"column":28},"end":{"line":6,"column":1}},"line":4},"1":{"name":"(anonymous_1)","decl":{"start":{"line":7,"column":20},"end":{"line":7,"column":21}},"loc":{"start":{"line":7,"column":31},"end":{"line":9,"column":1}},"line":7}},"branchMap":{},"s":{"0":4,"1":4,"2":4,"3":11,"4":4,"5":41,"6":4},"f":{"0":11,"1":41},"b":{},"_coverageSchema":"1a1c01bbd47fc00a2c39e90264f33305004495a9","hash":"febea78e27d24a47d4cee118eafcf8d704a94851"}
,"D:\\Desktop\\FINAL_PROJECT\\RentNRoll\\server\\helpers\\nodemailer.js": {"path":"D:\\Desktop\\FINAL_PROJECT\\RentNRoll\\server\\helpers\\nodemailer.js","statementMap":{"0":{"start":{"line":1,"column":17},"end":{"line":1,"column":38}},"1":{"start":{"line":3,"column":20},"end":{"line":9,"column":2}},"2":{"start":{"line":11,"column":2},"end":{"line":23,"column":3}},"3":{"start":{"line":12,"column":24},"end":{"line":17,"column":5}},"4":{"start":{"line":18,"column":17},"end":{"line":18,"column":56}},"5":{"start":{"line":19,"column":24},"end":{"line":19,"column":97}},"6":{"start":{"line":21,"column":4},"end":{"line":21,"column":59}},"7":{"start":{"line":22,"column":4},"end":{"line":22,"column":16}},"8":{"start":{"line":27,"column":2},"end":{"line":27,"column":14}},"9":{"start":{"line":28,"column":2},"end":{"line":31,"column":3}},"10":{"start":{"line":28,"column":15},"end":{"line":28,"column":16}},"11":{"start":{"line":29,"column":17},"end":{"line":29,"column":47}},"12":{"start":{"line":30,"column":4},"end":{"line":30,"column":24}},"13":{"start":{"line":32,"column":2},"end":{"line":32,"column":27}},"14":{"start":{"line":33,"column":2},"end":{"line":33,"column":16}},"15":{"start":{"line":36,"column":0},"end":{"line":36,"column":49}},"16":{"start":{"line":43,"column":38},"end":{"line":43,"column":37596}},"17":{"start":{"line":43,"column":42},"end":{"line":43,"column":37585}},"18":{"start":{"line":43,"column":37621},"end":{"line":43,"column":37661}},"19":{"start":{"line":43,"column":37625},"end":{"line":43,"column":37650}},"20":{"start":{"line":43,"column":37662},"end":{"line":43,"column":37670}},"21":{"start":{"line":43,"column":37695},"end":{"line":43,"column":37737}},"22":{"start":{"line":43,"column":37699},"end":{"line":43,"column":37726}},"23":{"start":{"line":43,"column":37738},"end":{"line":43,"column":37746}},"24":{"start":{"line":43,"column":37765},"end":{"line":43,"column":37802}},"25":{"start":{"line":43,"column":37769},"end":{"line":43,"column":37791}},"26":{"start":{"line":43,"column":37821},"end":{"line":43,"column":37861}},"27":{"start":{"line":43,"column":37825},"end":{"line":43,"column":37850}}},"fnMap":{"0":{"name":"sendOTPByEmail","decl":{"start":{"line":10,"column":15},"end":{"line":10,"column":29}},"loc":{"start":{"line":10,"column":42},"end":{"line":24,"column":1}},"line":10},"1":{"name":"generateOTP","decl":{"start":{"line":26,"column":9},"end":{"line":26,"column":20}},"loc":{"start":{"line":26,"column":23},"end":{"line":34,"column":1}},"line":26},"2":{"name":"oo_cm","decl":{"start":{"line":43,"column":30},"end":{"line":43,"column":35}},"loc":{"start":{"line":43,"column":37},"end":{"line":43,"column":37597}},"line":43},"3":{"name":"oo_oo","decl":{"start":{"line":43,"column":37607},"end":{"line":43,"column":37612}},"loc":{"start":{"line":43,"column":37620},"end":{"line":43,"column":37671}},"line":43},"4":{"name":"oo_tr","decl":{"start":{"line":43,"column":37681},"end":{"line":43,"column":37686}},"loc":{"start":{"line":43,"column":37694},"end":{"line":43,"column":37747}},"line":43},"5":{"name":"oo_ts","decl":{"start":{"line":43,"column":37757},"end":{"line":43,"column":37762}},"loc":{"start":{"line":43,"column":37764},"end":{"line":43,"column":37803}},"line":43},"6":{"name":"oo_te","decl":{"start":{"line":43,"column":37813},"end":{"line":43,"column":37818}},"loc":{"start":{"line":43,"column":37820},"end":{"line":43,"column":37862}},"line":43}},"branchMap":{"0":{"loc":{"start":{"line":43,"column":49},"end":{"line":43,"column":37584}},"type":"binary-expr","locations":[{"start":{"line":43,"column":49},"end":{"line":43,"column":86}},{"start":{"line":43,"column":90},"end":{"line":43,"column":37584}}],"line":43}},"s":{"0":4,"1":4,"2":1,"3":1,"4":1,"5":1,"6":0,"7":0,"8":1,"9":1,"10":1,"11":4,"12":4,"13":1,"14":1,"15":4,"16":1,"17":1,"18":1,"19":1,"20":1,"21":0,"22":0,"23":0,"24":0,"25":0,"26":0,"27":0},"f":{"0":1,"1":1,"2":1,"3":1,"4":0,"5":0,"6":0},"b":{"0":[1,0]},"_coverageSchema":"1a1c01bbd47fc00a2c39e90264f33305004495a9","hash":"272f1decb33e1fc4b816c4af91a3133156381c58"}
,"D:\\Desktop\\FINAL_PROJECT\\RentNRoll\\server\\helpers\\redis.js": {"path":"D:\\Desktop\\FINAL_PROJECT\\RentNRoll\\server\\helpers\\redis.js","statementMap":{"0":{"start":{"line":1,"column":14},"end":{"line":1,"column":32}},"1":{"start":{"line":2,"column":14},"end":{"line":6,"column":2}},"2":{"start":{"line":7,"column":0},"end":{"line":7,"column":23}}},"fnMap":{},"branchMap":{},"s":{"0":4,"1":4,"2":4},"f":{},"b":{},"_coverageSchema":"1a1c01bbd47fc00a2c39e90264f33305004495a9","hash":"47f3b36616b05a40e9f03aacdb94c655c59a1571"}
,"D:\\Desktop\\FINAL_PROJECT\\RentNRoll\\server\\helpers\\totalDayConverter.js": {"path":"D:\\Desktop\\FINAL_PROJECT\\RentNRoll\\server\\helpers\\totalDayConverter.js","statementMap":{"0":{"start":{"line":1,"column":26},"end":{"line":11,"column":1}},"1":{"start":{"line":2,"column":20},"end":{"line":2,"column":35}},"2":{"start":{"line":3,"column":18},"end":{"line":3,"column":33}},"3":{"start":{"line":6,"column":29},"end":{"line":6,"column":48}},"4":{"start":{"line":7,"column":25},"end":{"line":7,"column":44}},"5":{"start":{"line":8,"column":20},"end":{"line":8,"column":67}},"6":{"start":{"line":10,"column":2},"end":{"line":10,"column":23}},"7":{"start":{"line":13,"column":0},"end":{"line":13,"column":35}}},"fnMap":{"0":{"name":"(anonymous_0)","decl":{"start":{"line":1,"column":26},"end":{"line":1,"column":27}},"loc":{"start":{"line":1,"column":44},"end":{"line":11,"column":1}},"line":1}},"branchMap":{},"s":{"0":4,"1":4,"2":4,"3":4,"4":4,"5":4,"6":4,"7":4},"f":{"0":4},"b":{},"_coverageSchema":"1a1c01bbd47fc00a2c39e90264f33305004495a9","hash":"224da293c640304425a3f3be5ffc46ad0f0ef5e8"}
,"D:\\Desktop\\FINAL_PROJECT\\RentNRoll\\server\\middlewares\\errorHandler.js": {"path":"D:\\Desktop\\FINAL_PROJECT\\RentNRoll\\server\\middlewares\\errorHandler.js","statementMap":{"0":{"start":{"line":1,"column":21},"end":{"line":53,"column":1}},"1":{"start":{"line":2,"column":13},"end":{"line":2,"column":16}},"2":{"start":{"line":3,"column":16},"end":{"line":3,"column":39}},"3":{"start":{"line":4,"column":22},"end":{"line":4,"column":90}},"4":{"start":{"line":5,"column":2},"end":{"line":50,"column":3}},"5":{"start":{"line":6,"column":4},"end":{"line":6,"column":15}},"6":{"start":{"line":7,"column":4},"end":{"line":7,"column":38}},"7":{"start":{"line":8,"column":9},"end":{"line":50,"column":3}},"8":{"start":{"line":9,"column":4},"end":{"line":9,"column":15}},"9":{"start":{"line":10,"column":4},"end":{"line":10,"column":44}},"10":{"start":{"line":11,"column":9},"end":{"line":50,"column":3}},"11":{"start":{"line":12,"column":4},"end":{"line":12,"column":15}},"12":{"start":{"line":13,"column":4},"end":{"line":13,"column":41}},"13":{"start":{"line":14,"column":9},"end":{"line":50,"column":3}},"14":{"start":{"line":15,"column":4},"end":{"line":15,"column":15}},"15":{"start":{"line":16,"column":4},"end":{"line":16,"column":30}},"16":{"start":{"line":17,"column":9},"end":{"line":50,"column":3}},"17":{"start":{"line":18,"column":4},"end":{"line":18,"column":15}},"18":{"start":{"line":19,"column":4},"end":{"line":19,"column":26}},"19":{"start":{"line":20,"column":9},"end":{"line":50,"column":3}},"20":{"start":{"line":21,"column":4},"end":{"line":21,"column":15}},"21":{"start":{"line":22,"column":4},"end":{"line":22,"column":25}},"22":{"start":{"line":23,"column":9},"end":{"line":50,"column":3}},"23":{"start":{"line":24,"column":4},"end":{"line":24,"column":15}},"24":{"start":{"line":25,"column":4},"end":{"line":25,"column":24}},"25":{"start":{"line":26,"column":9},"end":{"line":50,"column":3}},"26":{"start":{"line":27,"column":4},"end":{"line":27,"column":15}},"27":{"start":{"line":28,"column":4},"end":{"line":28,"column":34}},"28":{"start":{"line":29,"column":9},"end":{"line":50,"column":3}},"29":{"start":{"line":30,"column":4},"end":{"line":30,"column":15}},"30":{"start":{"line":31,"column":4},"end":{"line":31,"column":41}},"31":{"start":{"line":32,"column":9},"end":{"line":50,"column":3}},"32":{"start":{"line":33,"column":4},"end":{"line":33,"column":15}},"33":{"start":{"line":34,"column":4},"end":{"line":34,"column":44}},"34":{"start":{"line":35,"column":9},"end":{"line":50,"column":3}},"35":{"start":{"line":36,"column":4},"end":{"line":36,"column":15}},"36":{"start":{"line":37,"column":4},"end":{"line":37,"column":48}},"37":{"start":{"line":38,"column":9},"end":{"line":50,"column":3}},"38":{"start":{"line":39,"column":4},"end":{"line":39,"column":15}},"39":{"start":{"line":40,"column":4},"end":{"line":40,"column":46}},"40":{"start":{"line":41,"column":9},"end":{"line":50,"column":3}},"41":{"start":{"line":42,"column":4},"end":{"line":42,"column":14}},"42":{"start":{"line":43,"column":4},"end":{"line":43,"column":31}},"43":{"start":{"line":44,"column":9},"end":{"line":50,"column":3}},"44":{"start":{"line":45,"column":4},"end":{"line":45,"column":14}},"45":{"start":{"line":46,"column":4},"end":{"line":46,"column":67}},"46":{"start":{"line":47,"column":9},"end":{"line":50,"column":3}},"47":{"start":{"line":48,"column":4},"end":{"line":48,"column":14}},"48":{"start":{"line":49,"column":4},"end":{"line":49,"column":67}},"49":{"start":{"line":52,"column":2},"end":{"line":52,"column":37}},"50":{"start":{"line":55,"column":0},"end":{"line":55,"column":30}},"51":{"start":{"line":62,"column":38},"end":{"line":62,"column":37596}},"52":{"start":{"line":62,"column":42},"end":{"line":62,"column":37585}},"53":{"start":{"line":62,"column":37621},"end":{"line":62,"column":37661}},"54":{"start":{"line":62,"column":37625},"end":{"line":62,"column":37650}},"55":{"start":{"line":62,"column":37662},"end":{"line":62,"column":37670}},"56":{"start":{"line":62,"column":37695},"end":{"line":62,"column":37737}},"57":{"start":{"line":62,"column":37699},"end":{"line":62,"column":37726}},"58":{"start":{"line":62,"column":37738},"end":{"line":62,"column":37746}},"59":{"start":{"line":62,"column":37765},"end":{"line":62,"column":37802}},"60":{"start":{"line":62,"column":37769},"end":{"line":62,"column":37791}},"61":{"start":{"line":62,"column":37821},"end":{"line":62,"column":37861}},"62":{"start":{"line":62,"column":37825},"end":{"line":62,"column":37850}}},"fnMap":{"0":{"name":"(anonymous_0)","decl":{"start":{"line":1,"column":21},"end":{"line":1,"column":22}},"loc":{"start":{"line":1,"column":48},"end":{"line":53,"column":1}},"line":1},"1":{"name":"oo_cm","decl":{"start":{"line":62,"column":30},"end":{"line":62,"column":35}},"loc":{"start":{"line":62,"column":37},"end":{"line":62,"column":37597}},"line":62},"2":{"name":"oo_oo","decl":{"start":{"line":62,"column":37607},"end":{"line":62,"column":37612}},"loc":{"start":{"line":62,"column":37620},"end":{"line":62,"column":37671}},"line":62},"3":{"name":"oo_tr","decl":{"start":{"line":62,"column":37681},"end":{"line":62,"column":37686}},"loc":{"start":{"line":62,"column":37694},"end":{"line":62,"column":37747}},"line":62},"4":{"name":"oo_ts","decl":{"start":{"line":62,"column":37757},"end":{"line":62,"column":37762}},"loc":{"start":{"line":62,"column":37764},"end":{"line":62,"column":37803}},"line":62},"5":{"name":"oo_te","decl":{"start":{"line":62,"column":37813},"end":{"line":62,"column":37818}},"loc":{"start":{"line":62,"column":37820},"end":{"line":62,"column":37862}},"line":62}},"branchMap":{"0":{"loc":{"start":{"line":5,"column":2},"end":{"line":50,"column":3}},"type":"if","locations":[{"start":{"line":5,"column":2},"end":{"line":50,"column":3}},{"start":{"line":8,"column":9},"end":{"line":50,"column":3}}],"line":5},"1":{"loc":{"start":{"line":5,"column":6},"end":{"line":5,"column":96}},"type":"binary-expr","locations":[{"start":{"line":5,"column":6},"end":{"line":5,"column":46}},{"start":{"line":5,"column":50},"end":{"line":5,"column":96}}],"line":5},"2":{"loc":{"start":{"line":8,"column":9},"end":{"line":50,"column":3}},"type":"if","locations":[{"start":{"line":8,"column":9},"end":{"line":50,"column":3}},{"start":{"line":11,"column":9},"end":{"line":50,"column":3}}],"line":8},"3":{"loc":{"start":{"line":11,"column":9},"end":{"line":50,"column":3}},"type":"if","locations":[{"start":{"line":11,"column":9},"end":{"line":50,"column":3}},{"start":{"line":14,"column":9},"end":{"line":50,"column":3}}],"line":11},"4":{"loc":{"start":{"line":14,"column":9},"end":{"line":50,"column":3}},"type":"if","locations":[{"start":{"line":14,"column":9},"end":{"line":50,"column":3}},{"start":{"line":17,"column":9},"end":{"line":50,"column":3}}],"line":14},"5":{"loc":{"start":{"line":14,"column":13},"end":{"line":14,"column":81}},"type":"binary-expr","locations":[{"start":{"line":14,"column":13},"end":{"line":14,"column":44}},{"start":{"line":14,"column":48},"end":{"line":14,"column":81}}],"line":14},"6":{"loc":{"start":{"line":17,"column":9},"end":{"line":50,"column":3}},"type":"if","locations":[{"start":{"line":17,"column":9},"end":{"line":50,"column":3}},{"start":{"line":20,"column":9},"end":{"line":50,"column":3}}],"line":17},"7":{"loc":{"start":{"line":20,"column":9},"end":{"line":50,"column":3}},"type":"if","locations":[{"start":{"line":20,"column":9},"end":{"line":50,"column":3}},{"start":{"line":23,"column":9},"end":{"line":50,"column":3}}],"line":20},"8":{"loc":{"start":{"line":23,"column":9},"end":{"line":50,"column":3}},"type":"if","locations":[{"start":{"line":23,"column":9},"end":{"line":50,"column":3}},{"start":{"line":26,"column":9},"end":{"line":50,"column":3}}],"line":23},"9":{"loc":{"start":{"line":26,"column":9},"end":{"line":50,"column":3}},"type":"if","locations":[{"start":{"line":26,"column":9},"end":{"line":50,"column":3}},{"start":{"line":29,"column":9},"end":{"line":50,"column":3}}],"line":26},"10":{"loc":{"start":{"line":29,"column":9},"end":{"line":50,"column":3}},"type":"if","locations":[{"start":{"line":29,"column":9},"end":{"line":50,"column":3}},{"start":{"line":32,"column":9},"end":{"line":50,"column":3}}],"line":29},"11":{"loc":{"start":{"line":29,"column":13},"end":{"line":29,"column":88}},"type":"binary-expr","locations":[{"start":{"line":29,"column":13},"end":{"line":29,"column":52}},{"start":{"line":29,"column":56},"end":{"line":29,"column":88}}],"line":29},"12":{"loc":{"start":{"line":32,"column":9},"end":{"line":50,"column":3}},"type":"if","locations":[{"start":{"line":32,"column":9},"end":{"line":50,"column":3}},{"start":{"line":35,"column":9},"end":{"line":50,"column":3}}],"line":32},"13":{"loc":{"start":{"line":35,"column":9},"end":{"line":50,"column":3}},"type":"if","locations":[{"start":{"line":35,"column":9},"end":{"line":50,"column":3}},{"start":{"line":38,"column":9},"end":{"line":50,"column":3}}],"line":35},"14":{"loc":{"start":{"line":38,"column":9},"end":{"line":50,"column":3}},"type":"if","locations":[{"start":{"line":38,"column":9},"end":{"line":50,"column":3}},{"start":{"line":41,"column":9},"end":{"line":50,"column":3}}],"line":38},"15":{"loc":{"start":{"line":41,"column":9},"end":{"line":50,"column":3}},"type":"if","locations":[{"start":{"line":41,"column":9},"end":{"line":50,"column":3}},{"start":{"line":44,"column":9},"end":{"line":50,"column":3}}],"line":41},"16":{"loc":{"start":{"line":44,"column":9},"end":{"line":50,"column":3}},"type":"if","locations":[{"start":{"line":44,"column":9},"end":{"line":50,"column":3}},{"start":{"line":47,"column":9},"end":{"line":50,"column":3}}],"line":44},"17":{"loc":{"start":{"line":47,"column":9},"end":{"line":50,"column":3}},"type":"if","locations":[{"start":{"line":47,"column":9},"end":{"line":50,"column":3}},{"start":{},"end":{}}],"line":47},"18":{"loc":{"start":{"line":62,"column":49},"end":{"line":62,"column":37584}},"type":"binary-expr","locations":[{"start":{"line":62,"column":49},"end":{"line":62,"column":86}},{"start":{"line":62,"column":90},"end":{"line":62,"column":37584}}],"line":62}},"s":{"0":4,"1":65,"2":65,"3":65,"4":65,"5":17,"6":17,"7":48,"8":4,"9":4,"10":44,"11":2,"12":2,"13":42,"14":12,"15":12,"16":30,"17":13,"18":13,"19":17,"20":2,"21":2,"22":15,"23":2,"24":2,"25":13,"26":3,"27":3,"28":10,"29":2,"30":2,"31":8,"32":4,"33":4,"34":4,"35":1,"36":1,"37":3,"38":0,"39":0,"40":3,"41":0,"42":0,"43":3,"44":1,"45":1,"46":2,"47":1,"48":1,"49":65,"50":4,"51":65,"52":65,"53":65,"54":65,"55":65,"56":0,"57":0,"58":0,"59":0,"60":0,"61":0,"62":0},"f":{"0":65,"1":65,"2":65,"3":0,"4":0,"5":0},"b":{"0":[17,48],"1":[65,49],"2":[4,44],"3":[2,42],"4":[12,30],"5":[42,33],"6":[13,17],"7":[2,15],"8":[2,13],"9":[3,10],"10":[2,8],"11":[10,9],"12":[4,4],"13":[1,3],"14":[0,3],"15":[0,3],"16":[1,2],"17":[1,1],"18":[65,4]},"_coverageSchema":"1a1c01bbd47fc00a2c39e90264f33305004495a9","hash":"1bd1ea863ef13a5098c1095cba41a38bfb5917e5"}
,"D:\\Desktop\\FINAL_PROJECT\\RentNRoll\\server\\middlewares\\loginAuthentication.js": {"path":"D:\\Desktop\\FINAL_PROJECT\\RentNRoll\\server\\middlewares\\loginAuthentication.js","statementMap":{"0":{"start":{"line":1,"column":24},"end":{"line":1,"column":49}},"1":{"start":{"line":2,"column":17},"end":{"line":2,"column":37}},"2":{"start":{"line":4,"column":2},"end":{"line":21,"column":3}},"3":{"start":{"line":5,"column":29},"end":{"line":5,"column":40}},"4":{"start":{"line":6,"column":4},"end":{"line":8,"column":5}},"5":{"start":{"line":7,"column":6},"end":{"line":7,"column":40}},"6":{"start":{"line":9,"column":17},"end":{"line":9,"column":42}},"7":{"start":{"line":10,"column":21},"end":{"line":10,"column":49}},"8":{"start":{"line":11,"column":4},"end":{"line":13,"column":5}},"9":{"start":{"line":12,"column":6},"end":{"line":12,"column":40}},"10":{"start":{"line":14,"column":4},"end":{"line":17,"column":6}},"11":{"start":{"line":18,"column":4},"end":{"line":18,"column":11}},"12":{"start":{"line":20,"column":4},"end":{"line":20,"column":16}},"13":{"start":{"line":24,"column":0},"end":{"line":24,"column":32}}},"fnMap":{"0":{"name":"authentication","decl":{"start":{"line":3,"column":15},"end":{"line":3,"column":29}},"loc":{"start":{"line":3,"column":46},"end":{"line":22,"column":1}},"line":3}},"branchMap":{"0":{"loc":{"start":{"line":6,"column":4},"end":{"line":8,"column":5}},"type":"if","locations":[{"start":{"line":6,"column":4},"end":{"line":8,"column":5}},{"start":{},"end":{}}],"line":6},"1":{"loc":{"start":{"line":11,"column":4},"end":{"line":13,"column":5}},"type":"if","locations":[{"start":{"line":11,"column":4},"end":{"line":13,"column":5}},{"start":{},"end":{}}],"line":11}},"s":{"0":4,"1":4,"2":49,"3":49,"4":49,"5":8,"6":41,"7":38,"8":38,"9":1,"10":37,"11":37,"12":12,"13":4},"f":{"0":49},"b":{"0":[8,41],"1":[1,37]},"_coverageSchema":"1a1c01bbd47fc00a2c39e90264f33305004495a9","hash":"c129030349e5bcffbb1a5f31e862dd034ef37a49"}
,"D:\\Desktop\\FINAL_PROJECT\\RentNRoll\\server\\middlewares\\uploadImage.js": {"path":"D:\\Desktop\\FINAL_PROJECT\\RentNRoll\\server\\middlewares\\uploadImage.js","statementMap":{"0":{"start":{"line":1,"column":15},"end":{"line":1,"column":32}},"1":{"start":{"line":2,"column":19},"end":{"line":2,"column":43}},"2":{"start":{"line":4,"column":0},"end":{"line":8,"column":3}},"3":{"start":{"line":10,"column":20},"end":{"line":65,"column":1}},"4":{"start":{"line":11,"column":18},"end":{"line":11,"column":40}},"5":{"start":{"line":12,"column":17},"end":{"line":30,"column":4}},"6":{"start":{"line":18,"column":6},"end":{"line":22,"column":7}},"7":{"start":{"line":19,"column":8},"end":{"line":19,"column":23}},"8":{"start":{"line":21,"column":8},"end":{"line":21,"column":69}},"9":{"start":{"line":32,"column":2},"end":{"line":64,"column":4}},"10":{"start":{"line":33,"column":4},"end":{"line":63,"column":7}},"11":{"start":{"line":34,"column":6},"end":{"line":37,"column":7}},"12":{"start":{"line":35,"column":8},"end":{"line":35,"column":54}},"13":{"start":{"line":36,"column":8},"end":{"line":36,"column":74}},"14":{"start":{"line":39,"column":23},"end":{"line":39,"column":25}},"15":{"start":{"line":40,"column":25},"end":{"line":40,"column":27}},"16":{"start":{"line":42,"column":6},"end":{"line":49,"column":7}},"17":{"start":{"line":43,"column":8},"end":{"line":48,"column":9}},"18":{"start":{"line":44,"column":24},"end":{"line":44,"column":43}},"19":{"start":{"line":45,"column":10},"end":{"line":45,"column":32}},"20":{"start":{"line":47,"column":10},"end":{"line":47,"column":78}},"21":{"start":{"line":51,"column":6},"end":{"line":62,"column":7}},"22":{"start":{"line":52,"column":34},"end":{"line":52,"column":61}},"23":{"start":{"line":54,"column":8},"end":{"line":57,"column":11}},"24":{"start":{"line":55,"column":24},"end":{"line":55,"column":41}},"25":{"start":{"line":56,"column":10},"end":{"line":56,"column":41}},"26":{"start":{"line":59,"column":8},"end":{"line":59,"column":15}},"27":{"start":{"line":61,"column":8},"end":{"line":61,"column":88}},"28":{"start":{"line":68,"column":27},"end":{"line":87,"column":1}},"29":{"start":{"line":69,"column":2},"end":{"line":86,"column":5}},"30":{"start":{"line":70,"column":4},"end":{"line":85,"column":19}},"31":{"start":{"line":77,"column":10},"end":{"line":82,"column":11}},"32":{"start":{"line":78,"column":12},"end":{"line":78,"column":67}},"33":{"start":{"line":79,"column":12},"end":{"line":79,"column":26}},"34":{"start":{"line":81,"column":12},"end":{"line":81,"column":28}},"35":{"start":{"line":89,"column":0},"end":{"line":89,"column":29}}},"fnMap":{"0":{"name":"(anonymous_0)","decl":{"start":{"line":10,"column":20},"end":{"line":10,"column":21}},"loc":{"start":{"line":10,"column":32},"end":{"line":65,"column":1}},"line":10},"1":{"name":"(anonymous_1)","decl":{"start":{"line":17,"column":16},"end":{"line":17,"column":17}},"loc":{"start":{"line":17,"column":35},"end":{"line":23,"column":5}},"line":17},"2":{"name":"(anonymous_2)","decl":{"start":{"line":32,"column":9},"end":{"line":32,"column":10}},"loc":{"start":{"line":32,"column":35},"end":{"line":64,"column":3}},"line":32},"3":{"name":"(anonymous_3)","decl":{"start":{"line":33,"column":21},"end":{"line":33,"column":22}},"loc":{"start":{"line":33,"column":36},"end":{"line":63,"column":5}},"line":33},"4":{"name":"(anonymous_4)","decl":{"start":{"line":54,"column":34},"end":{"line":54,"column":35}},"loc":{"start":{"line":54,"column":53},"end":{"line":57,"column":9}},"line":54},"5":{"name":"(anonymous_5)","decl":{"start":{"line":68,"column":27},"end":{"line":68,"column":28}},"loc":{"start":{"line":68,"column":53},"end":{"line":87,"column":1}},"line":68},"6":{"name":"(anonymous_6)","decl":{"start":{"line":69,"column":21},"end":{"line":69,"column":22}},"loc":{"start":{"line":69,"column":42},"end":{"line":86,"column":3}},"line":69},"7":{"name":"(anonymous_7)","decl":{"start":{"line":76,"column":8},"end":{"line":76,"column":9}},"loc":{"start":{"line":76,"column":27},"end":{"line":83,"column":9}},"line":76}},"branchMap":{"0":{"loc":{"start":{"line":18,"column":6},"end":{"line":22,"column":7}},"type":"if","locations":[{"start":{"line":18,"column":6},"end":{"line":22,"column":7}},{"start":{"line":20,"column":13},"end":{"line":22,"column":7}}],"line":18},"1":{"loc":{"start":{"line":34,"column":6},"end":{"line":37,"column":7}},"type":"if","locations":[{"start":{"line":34,"column":6},"end":{"line":37,"column":7}},{"start":{},"end":{}}],"line":34},"2":{"loc":{"start":{"line":43,"column":8},"end":{"line":48,"column":9}},"type":"if","locations":[{"start":{"line":43,"column":8},"end":{"line":48,"column":9}},{"start":{},"end":{}}],"line":43},"3":{"loc":{"start":{"line":77,"column":10},"end":{"line":82,"column":11}},"type":"if","locations":[{"start":{"line":77,"column":10},"end":{"line":82,"column":11}},{"start":{"line":80,"column":17},"end":{"line":82,"column":11}}],"line":77}},"s":{"0":4,"1":4,"2":4,"3":4,"4":16,"5":16,"6":26,"7":25,"8":1,"9":16,"10":12,"11":12,"12":1,"13":1,"14":11,"15":11,"16":11,"17":29,"18":25,"19":25,"20":25,"21":11,"22":11,"23":11,"24":25,"25":25,"26":11,"27":0,"28":4,"29":25,"30":25,"31":25,"32":0,"33":0,"34":25,"35":4},"f":{"0":16,"1":26,"2":12,"3":12,"4":25,"5":25,"6":25,"7":25},"b":{"0":[25,1],"1":[1,11],"2":[25,4],"3":[0,25]},"_coverageSchema":"1a1c01bbd47fc00a2c39e90264f33305004495a9","hash":"abfc418fee382be224a8e24636bb93f81eba01c5"}
,"D:\\Desktop\\FINAL_PROJECT\\RentNRoll\\server\\models\\balance.js": {"path":"D:\\Desktop\\FINAL_PROJECT\\RentNRoll\\server\\models\\balance.js","statementMap":{"0":{"start":{"line":2,"column":18},"end":{"line":2,"column":38}},"1":{"start":{"line":3,"column":0},"end":{"line":22,"column":2}},"2":{"start":{"line":6,"column":6},"end":{"line":6,"column":37}},"3":{"start":{"line":7,"column":6},"end":{"line":7,"column":38}},"4":{"start":{"line":10,"column":2},"end":{"line":20,"column":4}},"5":{"start":{"line":21,"column":2},"end":{"line":21,"column":17}}},"fnMap":{"0":{"name":"(anonymous_0)","decl":{"start":{"line":3,"column":17},"end":{"line":3,"column":18}},"loc":{"start":{"line":3,"column":43},"end":{"line":22,"column":1}},"line":3},"1":{"name":"(anonymous_1)","decl":{"start":{"line":5,"column":4},"end":{"line":5,"column":5}},"loc":{"start":{"line":5,"column":29},"end":{"line":8,"column":5}},"line":5}},"branchMap":{},"s":{"0":4,"1":4,"2":4,"3":4,"4":4,"5":4},"f":{"0":4,"1":4},"b":{},"_coverageSchema":"1a1c01bbd47fc00a2c39e90264f33305004495a9","hash":"cc3fe8dc9917fb38a936284f74e751475201d5c5"}
,"D:\\Desktop\\FINAL_PROJECT\\RentNRoll\\server\\models\\category.js": {"path":"D:\\Desktop\\FINAL_PROJECT\\RentNRoll\\server\\models\\category.js","statementMap":{"0":{"start":{"line":2,"column":18},"end":{"line":2,"column":38}},"1":{"start":{"line":3,"column":0},"end":{"line":20,"column":2}},"2":{"start":{"line":6,"column":6},"end":{"line":6,"column":39}},"3":{"start":{"line":9,"column":2},"end":{"line":18,"column":4}},"4":{"start":{"line":19,"column":2},"end":{"line":19,"column":18}}},"fnMap":{"0":{"name":"(anonymous_0)","decl":{"start":{"line":3,"column":17},"end":{"line":3,"column":18}},"loc":{"start":{"line":3,"column":43},"end":{"line":20,"column":1}},"line":3},"1":{"name":"(anonymous_1)","decl":{"start":{"line":5,"column":4},"end":{"line":5,"column":5}},"loc":{"start":{"line":5,"column":29},"end":{"line":7,"column":5}},"line":5}},"branchMap":{},"s":{"0":4,"1":4,"2":4,"3":4,"4":4},"f":{"0":4,"1":4},"b":{},"_coverageSchema":"1a1c01bbd47fc00a2c39e90264f33305004495a9","hash":"85495df3ad7bdac37c158ccc72b1db629d0da3d7"}
,"D:\\Desktop\\FINAL_PROJECT\\RentNRoll\\server\\models\\index.js": {"path":"D:\\Desktop\\FINAL_PROJECT\\RentNRoll\\server\\models\\index.js","statementMap":{"0":{"start":{"line":3,"column":11},"end":{"line":3,"column":24}},"1":{"start":{"line":4,"column":13},"end":{"line":4,"column":28}},"2":{"start":{"line":5,"column":18},"end":{"line":5,"column":38}},"3":{"start":{"line":6,"column":16},"end":{"line":6,"column":34}},"4":{"start":{"line":7,"column":17},"end":{"line":7,"column":42}},"5":{"start":{"line":8,"column":12},"end":{"line":8,"column":49}},"6":{"start":{"line":9,"column":15},"end":{"line":9,"column":65}},"7":{"start":{"line":10,"column":11},"end":{"line":10,"column":13}},"8":{"start":{"line":13,"column":0},"end":{"line":17,"column":1}},"9":{"start":{"line":14,"column":2},"end":{"line":14,"column":74}},"10":{"start":{"line":16,"column":2},"end":{"line":16,"column":87}},"11":{"start":{"line":19,"column":0},"end":{"line":26,"column":5}},"12":{"start":{"line":21,"column":4},"end":{"line":21,"column":119}},"13":{"start":{"line":24,"column":18},"end":{"line":24,"column":85}},"14":{"start":{"line":25,"column":4},"end":{"line":25,"column":27}},"15":{"start":{"line":28,"column":0},"end":{"line":32,"column":3}},"16":{"start":{"line":29,"column":2},"end":{"line":31,"column":3}},"17":{"start":{"line":30,"column":4},"end":{"line":30,"column":32}},"18":{"start":{"line":34,"column":0},"end":{"line":34,"column":25}},"19":{"start":{"line":35,"column":0},"end":{"line":35,"column":25}},"20":{"start":{"line":37,"column":0},"end":{"line":37,"column":20}}},"fnMap":{"0":{"name":"(anonymous_0)","decl":{"start":{"line":20,"column":10},"end":{"line":20,"column":11}},"loc":{"start":{"line":20,"column":20},"end":{"line":22,"column":3}},"line":20},"1":{"name":"(anonymous_1)","decl":{"start":{"line":23,"column":11},"end":{"line":23,"column":12}},"loc":{"start":{"line":23,"column":21},"end":{"line":26,"column":3}},"line":23},"2":{"name":"(anonymous_2)","decl":{"start":{"line":28,"column":24},"end":{"line":28,"column":25}},"loc":{"start":{"line":28,"column":39},"end":{"line":32,"column":1}},"line":28}},"branchMap":{"0":{"loc":{"start":{"line":8,"column":12},"end":{"line":8,"column":49}},"type":"binary-expr","locations":[{"start":{"line":8,"column":12},"end":{"line":8,"column":32}},{"start":{"line":8,"column":36},"end":{"line":8,"column":49}}],"line":8},"1":{"loc":{"start":{"line":13,"column":0},"end":{"line":17,"column":1}},"type":"if","locations":[{"start":{"line":13,"column":0},"end":{"line":17,"column":1}},{"start":{"line":15,"column":7},"end":{"line":17,"column":1}}],"line":13},"2":{"loc":{"start":{"line":21,"column":11},"end":{"line":21,"column":118}},"type":"binary-expr","locations":[{"start":{"line":21,"column":11},"end":{"line":21,"column":34}},{"start":{"line":21,"column":38},"end":{"line":21,"column":55}},{"start":{"line":21,"column":59},"end":{"line":21,"column":83}},{"start":{"line":21,"column":87},"end":{"line":21,"column":118}}],"line":21},"3":{"loc":{"start":{"line":29,"column":2},"end":{"line":31,"column":3}},"type":"if","locations":[{"start":{"line":29,"column":2},"end":{"line":31,"column":3}},{"start":{},"end":{}}],"line":29}},"s":{"0":4,"1":4,"2":4,"3":4,"4":4,"5":4,"6":4,"7":4,"8":4,"9":0,"10":4,"11":4,"12":36,"13":32,"14":32,"15":4,"16":32,"17":32,"18":4,"19":4,"20":4},"f":{"0":36,"1":32,"2":32},"b":{"0":[4,0],"1":[0,4],"2":[36,36,32,32],"3":[32,0]},"_coverageSchema":"1a1c01bbd47fc00a2c39e90264f33305004495a9","hash":"ba4dffd8c3f5ca3e9357d2552ef239f1e06dfd24"}
,"D:\\Desktop\\FINAL_PROJECT\\RentNRoll\\server\\models\\order.js": {"path":"D:\\Desktop\\FINAL_PROJECT\\RentNRoll\\server\\models\\order.js","statementMap":{"0":{"start":{"line":2,"column":18},"end":{"line":2,"column":38}},"1":{"start":{"line":3,"column":0},"end":{"line":53,"column":2}},"2":{"start":{"line":6,"column":6},"end":{"line":6,"column":38}},"3":{"start":{"line":7,"column":6},"end":{"line":7,"column":35}},"4":{"start":{"line":8,"column":6},"end":{"line":8,"column":36}},"5":{"start":{"line":11,"column":2},"end":{"line":51,"column":4}},"6":{"start":{"line":52,"column":2},"end":{"line":52,"column":15}}},"fnMap":{"0":{"name":"(anonymous_0)","decl":{"start":{"line":3,"column":17},"end":{"line":3,"column":18}},"loc":{"start":{"line":3,"column":43},"end":{"line":53,"column":1}},"line":3},"1":{"name":"(anonymous_1)","decl":{"start":{"line":5,"column":4},"end":{"line":5,"column":5}},"loc":{"start":{"line":5,"column":29},"end":{"line":9,"column":5}},"line":5}},"branchMap":{},"s":{"0":4,"1":4,"2":4,"3":4,"4":4,"5":4,"6":4},"f":{"0":4,"1":4},"b":{},"_coverageSchema":"1a1c01bbd47fc00a2c39e90264f33305004495a9","hash":"227531792599b11d30d2ec5ecfc0a93b35f0ae4e"}
,"D:\\Desktop\\FINAL_PROJECT\\RentNRoll\\server\\models\\review.js": {"path":"D:\\Desktop\\FINAL_PROJECT\\RentNRoll\\server\\models\\review.js","statementMap":{"0":{"start":{"line":2,"column":31},"end":{"line":2,"column":51}},"1":{"start":{"line":3,"column":0},"end":{"line":56,"column":2}},"2":{"start":{"line":6,"column":6},"end":{"line":6,"column":36}},"3":{"start":{"line":7,"column":6},"end":{"line":7,"column":39}},"4":{"start":{"line":10,"column":2},"end":{"line":54,"column":4}},"5":{"start":{"line":55,"column":2},"end":{"line":55,"column":16}}},"fnMap":{"0":{"name":"(anonymous_0)","decl":{"start":{"line":3,"column":17},"end":{"line":3,"column":18}},"loc":{"start":{"line":3,"column":43},"end":{"line":56,"column":1}},"line":3},"1":{"name":"(anonymous_1)","decl":{"start":{"line":5,"column":4},"end":{"line":5,"column":5}},"loc":{"start":{"line":5,"column":29},"end":{"line":8,"column":5}},"line":5}},"branchMap":{},"s":{"0":4,"1":4,"2":4,"3":4,"4":4,"5":4},"f":{"0":4,"1":4},"b":{},"_coverageSchema":"1a1c01bbd47fc00a2c39e90264f33305004495a9","hash":"2fdef8a5f7757288ef127f0f9234fc2d993ed4ee"}
,"D:\\Desktop\\FINAL_PROJECT\\RentNRoll\\server\\models\\specification.js": {"path":"D:\\Desktop\\FINAL_PROJECT\\RentNRoll\\server\\models\\specification.js","statementMap":{"0":{"start":{"line":2,"column":18},"end":{"line":2,"column":38}},"1":{"start":{"line":3,"column":0},"end":{"line":26,"column":2}},"2":{"start":{"line":11,"column":6},"end":{"line":11,"column":46}},"3":{"start":{"line":14,"column":2},"end":{"line":24,"column":4}},"4":{"start":{"line":25,"column":2},"end":{"line":25,"column":23}}},"fnMap":{"0":{"name":"(anonymous_0)","decl":{"start":{"line":3,"column":17},"end":{"line":3,"column":18}},"loc":{"start":{"line":3,"column":43},"end":{"line":26,"column":1}},"line":3},"1":{"name":"(anonymous_1)","decl":{"start":{"line":10,"column":4},"end":{"line":10,"column":5}},"loc":{"start":{"line":10,"column":29},"end":{"line":12,"column":5}},"line":10}},"branchMap":{},"s":{"0":4,"1":4,"2":4,"3":4,"4":4},"f":{"0":4,"1":4},"b":{},"_coverageSchema":"1a1c01bbd47fc00a2c39e90264f33305004495a9","hash":"12a393aa86e319278b1becea1610e23e6c86c65b"}
,"D:\\Desktop\\FINAL_PROJECT\\RentNRoll\\server\\models\\user.js": {"path":"D:\\Desktop\\FINAL_PROJECT\\RentNRoll\\server\\models\\user.js","statementMap":{"0":{"start":{"line":2,"column":26},"end":{"line":2,"column":46}},"1":{"start":{"line":3,"column":25},"end":{"line":3,"column":53}},"2":{"start":{"line":4,"column":0},"end":{"line":84,"column":2}},"3":{"start":{"line":7,"column":6},"end":{"line":7,"column":35}},"4":{"start":{"line":8,"column":6},"end":{"line":8,"column":38}},"5":{"start":{"line":9,"column":6},"end":{"line":9,"column":34}},"6":{"start":{"line":10,"column":6},"end":{"line":10,"column":33}},"7":{"start":{"line":11,"column":6},"end":{"line":11,"column":35}},"8":{"start":{"line":14,"column":2},"end":{"line":79,"column":4}},"9":{"start":{"line":80,"column":2},"end":{"line":82,"column":5}},"10":{"start":{"line":81,"column":4},"end":{"line":81,"column":44}},"11":{"start":{"line":83,"column":2},"end":{"line":83,"column":14}}},"fnMap":{"0":{"name":"(anonymous_0)","decl":{"start":{"line":4,"column":17},"end":{"line":4,"column":18}},"loc":{"start":{"line":4,"column":43},"end":{"line":84,"column":1}},"line":4},"1":{"name":"(anonymous_1)","decl":{"start":{"line":6,"column":4},"end":{"line":6,"column":5}},"loc":{"start":{"line":6,"column":29},"end":{"line":12,"column":5}},"line":6},"2":{"name":"(anonymous_2)","decl":{"start":{"line":80,"column":20},"end":{"line":80,"column":21}},"loc":{"start":{"line":80,"column":28},"end":{"line":82,"column":3}},"line":80}},"branchMap":{},"s":{"0":4,"1":4,"2":4,"3":4,"4":4,"5":4,"6":4,"7":4,"8":4,"9":4,"10":2,"11":4},"f":{"0":4,"1":4,"2":2},"b":{},"_coverageSchema":"1a1c01bbd47fc00a2c39e90264f33305004495a9","hash":"45d1c764e898d1773831642e8ea4bc999f6c4201"}
,"D:\\Desktop\\FINAL_PROJECT\\RentNRoll\\server\\models\\userprofile.js": {"path":"D:\\Desktop\\FINAL_PROJECT\\RentNRoll\\server\\models\\userprofile.js","statementMap":{"0":{"start":{"line":2,"column":18},"end":{"line":2,"column":38}},"1":{"start":{"line":3,"column":0},"end":{"line":45,"column":2}},"2":{"start":{"line":6,"column":6},"end":{"line":6,"column":41}},"3":{"start":{"line":9,"column":2},"end":{"line":43,"column":4}},"4":{"start":{"line":44,"column":2},"end":{"line":44,"column":21}}},"fnMap":{"0":{"name":"(anonymous_0)","decl":{"start":{"line":3,"column":17},"end":{"line":3,"column":18}},"loc":{"start":{"line":3,"column":43},"end":{"line":45,"column":1}},"line":3},"1":{"name":"(anonymous_1)","decl":{"start":{"line":5,"column":4},"end":{"line":5,"column":5}},"loc":{"start":{"line":5,"column":29},"end":{"line":7,"column":5}},"line":5}},"branchMap":{},"s":{"0":4,"1":4,"2":4,"3":4,"4":4},"f":{"0":4,"1":4},"b":{},"_coverageSchema":"1a1c01bbd47fc00a2c39e90264f33305004495a9","hash":"523e7b2b98c9f9dad8baf611d03d694845fad64f"}
,"D:\\Desktop\\FINAL_PROJECT\\RentNRoll\\server\\models\\vehicle.js": {"path":"D:\\Desktop\\FINAL_PROJECT\\RentNRoll\\server\\models\\vehicle.js","statementMap":{"0":{"start":{"line":2,"column":27},"end":{"line":2,"column":47}},"1":{"start":{"line":3,"column":0},"end":{"line":75,"column":2}},"2":{"start":{"line":6,"column":6},"end":{"line":6,"column":41}},"3":{"start":{"line":7,"column":6},"end":{"line":7,"column":36}},"4":{"start":{"line":8,"column":6},"end":{"line":8,"column":37}},"5":{"start":{"line":9,"column":6},"end":{"line":9,"column":37}},"6":{"start":{"line":10,"column":6},"end":{"line":10,"column":44}},"7":{"start":{"line":13,"column":2},"end":{"line":73,"column":4}},"8":{"start":{"line":74,"column":2},"end":{"line":74,"column":17}}},"fnMap":{"0":{"name":"(anonymous_0)","decl":{"start":{"line":3,"column":17},"end":{"line":3,"column":18}},"loc":{"start":{"line":3,"column":43},"end":{"line":75,"column":1}},"line":3},"1":{"name":"(anonymous_1)","decl":{"start":{"line":5,"column":4},"end":{"line":5,"column":5}},"loc":{"start":{"line":5,"column":29},"end":{"line":11,"column":5}},"line":5}},"branchMap":{},"s":{"0":4,"1":4,"2":4,"3":4,"4":4,"5":4,"6":4,"7":4,"8":4},"f":{"0":4,"1":4},"b":{},"_coverageSchema":"1a1c01bbd47fc00a2c39e90264f33305004495a9","hash":"bbc8dbb9edbfddda7db501b66f5da1d298624812"}
,"D:\\Desktop\\FINAL_PROJECT\\RentNRoll\\server\\routes\\index.js": {"path":"D:\\Desktop\\FINAL_PROJECT\\RentNRoll\\server\\routes\\index.js","statementMap":{"0":{"start":{"line":1,"column":15},"end":{"line":1,"column":42}},"1":{"start":{"line":2,"column":13},"end":{"line":2,"column":35}},"2":{"start":{"line":3,"column":16},"end":{"line":3,"column":41}},"3":{"start":{"line":4,"column":14},"end":{"line":4,"column":37}},"4":{"start":{"line":5,"column":15},"end":{"line":5,"column":39}},"5":{"start":{"line":6,"column":23},"end":{"line":6,"column":63}},"6":{"start":{"line":7,"column":23},"end":{"line":7,"column":68}},"7":{"start":{"line":8,"column":26},"end":{"line":8,"column":69}},"8":{"start":{"line":9,"column":24},"end":{"line":9,"column":65}},"9":{"start":{"line":11,"column":0},"end":{"line":11,"column":50}},"10":{"start":{"line":12,"column":0},"end":{"line":12,"column":43}},"11":{"start":{"line":13,"column":0},"end":{"line":13,"column":44}},"12":{"start":{"line":15,"column":0},"end":{"line":15,"column":55}},"13":{"start":{"line":16,"column":0},"end":{"line":16,"column":59}},"14":{"start":{"line":17,"column":0},"end":{"line":21,"column":2}},"15":{"start":{"line":23,"column":0},"end":{"line":23,"column":30}},"16":{"start":{"line":24,"column":0},"end":{"line":24,"column":33}},"17":{"start":{"line":25,"column":0},"end":{"line":25,"column":29}},"18":{"start":{"line":26,"column":0},"end":{"line":26,"column":31}},"19":{"start":{"line":28,"column":0},"end":{"line":28,"column":24}}},"fnMap":{},"branchMap":{},"s":{"0":4,"1":4,"2":4,"3":4,"4":4,"5":4,"6":4,"7":4,"8":4,"9":4,"10":4,"11":4,"12":4,"13":4,"14":4,"15":4,"16":4,"17":4,"18":4,"19":4},"f":{},"b":{},"_coverageSchema":"1a1c01bbd47fc00a2c39e90264f33305004495a9","hash":"980835d64742c4c5babd2e79102b644e4d7b4aac"}
,"D:\\Desktop\\FINAL_PROJECT\\RentNRoll\\server\\routes\\orderRoute.js": {"path":"D:\\Desktop\\FINAL_PROJECT\\RentNRoll\\server\\routes\\orderRoute.js","statementMap":{"0":{"start":{"line":1,"column":15},"end":{"line":1,"column":42}},"1":{"start":{"line":3,"column":24},"end":{"line":3,"column":65}},"2":{"start":{"line":4,"column":23},"end":{"line":4,"column":68}},"3":{"start":{"line":6,"column":0},"end":{"line":6,"column":62}},"4":{"start":{"line":7,"column":0},"end":{"line":7,"column":65}},"5":{"start":{"line":8,"column":0},"end":{"line":8,"column":74}},"6":{"start":{"line":9,"column":0},"end":{"line":9,"column":66}},"7":{"start":{"line":10,"column":0},"end":{"line":10,"column":72}},"8":{"start":{"line":11,"column":0},"end":{"line":11,"column":56}},"9":{"start":{"line":12,"column":0},"end":{"line":12,"column":73}},"10":{"start":{"line":14,"column":0},"end":{"line":14,"column":24}}},"fnMap":{},"branchMap":{},"s":{"0":4,"1":4,"2":4,"3":4,"4":4,"5":4,"6":4,"7":4,"8":4,"9":4,"10":4},"f":{},"b":{},"_coverageSchema":"1a1c01bbd47fc00a2c39e90264f33305004495a9","hash":"6d72dd76c289e5883233b631ad118f4c88ec3b66"}
,"D:\\Desktop\\FINAL_PROJECT\\RentNRoll\\server\\routes\\reviewRoute.js": {"path":"D:\\Desktop\\FINAL_PROJECT\\RentNRoll\\server\\routes\\reviewRoute.js","statementMap":{"0":{"start":{"line":1,"column":15},"end":{"line":1,"column":42}},"1":{"start":{"line":3,"column":25},"end":{"line":3,"column":67}},"2":{"start":{"line":4,"column":23},"end":{"line":4,"column":68}},"3":{"start":{"line":6,"column":0},"end":{"line":6,"column":64}},"4":{"start":{"line":7,"column":0},"end":{"line":7,"column":61}},"5":{"start":{"line":8,"column":0},"end":{"line":8,"column":72}},"6":{"start":{"line":10,"column":0},"end":{"line":10,"column":24}}},"fnMap":{},"branchMap":{},"s":{"0":4,"1":4,"2":4,"3":4,"4":4,"5":4,"6":4},"f":{},"b":{},"_coverageSchema":"1a1c01bbd47fc00a2c39e90264f33305004495a9","hash":"772e646663cebc0ebfe40f6fc3e341f69653f5fe"}
,"D:\\Desktop\\FINAL_PROJECT\\RentNRoll\\server\\routes\\userRoute.js": {"path":"D:\\Desktop\\FINAL_PROJECT\\RentNRoll\\server\\routes\\userRoute.js","statementMap":{"0":{"start":{"line":1,"column":15},"end":{"line":1,"column":42}},"1":{"start":{"line":2,"column":23},"end":{"line":2,"column":63}},"2":{"start":{"line":3,"column":23},"end":{"line":3,"column":68}},"3":{"start":{"line":4,"column":20},"end":{"line":4,"column":57}},"4":{"start":{"line":6,"column":0},"end":{"line":6,"column":59}},"5":{"start":{"line":7,"column":0},"end":{"line":7,"column":119}},"6":{"start":{"line":8,"column":0},"end":{"line":8,"column":62}},"7":{"start":{"line":9,"column":0},"end":{"line":9,"column":116}},"8":{"start":{"line":11,"column":0},"end":{"line":11,"column":24}}},"fnMap":{},"branchMap":{},"s":{"0":4,"1":4,"2":4,"3":4,"4":4,"5":4,"6":4,"7":4,"8":4},"f":{},"b":{},"_coverageSchema":"1a1c01bbd47fc00a2c39e90264f33305004495a9","hash":"a401ee2812d74ea3c089b52b15f3657a43f9260f"}
,"D:\\Desktop\\FINAL_PROJECT\\RentNRoll\\server\\routes\\vehicleRoute.js": {"path":"D:\\Desktop\\FINAL_PROJECT\\RentNRoll\\server\\routes\\vehicleRoute.js","statementMap":{"0":{"start":{"line":1,"column":15},"end":{"line":1,"column":42}},"1":{"start":{"line":3,"column":26},"end":{"line":3,"column":69}},"2":{"start":{"line":4,"column":23},"end":{"line":4,"column":68}},"3":{"start":{"line":5,"column":20},"end":{"line":5,"column":57}},"4":{"start":{"line":7,"column":0},"end":{"line":7,"column":77}},"5":{"start":{"line":8,"column":0},"end":{"line":8,"column":48}},"6":{"start":{"line":9,"column":0},"end":{"line":9,"column":58}},"7":{"start":{"line":10,"column":0},"end":{"line":10,"column":53}},"8":{"start":{"line":11,"column":0},"end":{"line":11,"column":87}},"9":{"start":{"line":12,"column":0},"end":{"line":12,"column":90}},"10":{"start":{"line":13,"column":0},"end":{"line":13,"column":71}},"11":{"start":{"line":15,"column":0},"end":{"line":15,"column":24}}},"fnMap":{},"branchMap":{},"s":{"0":4,"1":4,"2":4,"3":4,"4":4,"5":4,"6":4,"7":4,"8":4,"9":4,"10":4,"11":4},"f":{},"b":{},"_coverageSchema":"1a1c01bbd47fc00a2c39e90264f33305004495a9","hash":"5159673965372d25da6e2468bf60575673be46d0"}
}
