TN:
SF:app.js
FNF:0
FNH:0
DA:1,2
DA:2,2
DA:4,2
DA:5,2
DA:6,2
DA:7,2
DA:8,2
DA:9,2
DA:11,2
DA:12,2
DA:13,2
DA:15,2
DA:16,2
DA:21,2
LF:14
LH:14
BRDA:1,0,0,2
BRDA:1,0,1,0
BRF:2
BRH:1
end_of_record
TN:
SF:controllers\orderController.js
FN:3,(anonymous_0)
FN:23,(anonymous_1)
FN:37,(anonymous_2)
FN:52,(anonymous_3)
FN:68,(anonymous_4)
FNF:5
FNH:0
FNDA:0,(anonymous_0)
FNDA:0,(anonymous_1)
FNDA:0,(anonymous_2)
FNDA:0,(anonymous_3)
FNDA:0,(anonymous_4)
DA:1,2
DA:4,0
DA:5,0
DA:17,0
DA:19,0
DA:24,0
DA:25,0
DA:31,0
DA:33,0
DA:38,0
DA:39,0
DA:41,0
DA:42,0
DA:43,0
DA:45,0
DA:46,0
DA:48,0
DA:53,0
DA:54,0
DA:55,0
DA:56,0
DA:62,0
DA:64,0
DA:69,0
DA:70,0
DA:72,0
DA:73,0
DA:76,0
DA:88,0
DA:90,0
DA:95,2
LF:31
LH:2
BRDA:42,0,0,0
BRDA:42,0,1,0
BRDA:72,1,0,0
BRDA:72,1,1,0
BRF:4
BRH:0
end_of_record
TN:
SF:controllers\reviewController.js
FN:3,(anonymous_0)
FN:11,(anonymous_1)
FN:23,(anonymous_2)
FNF:3
FNH:0
FNDA:0,(anonymous_0)
FNDA:0,(anonymous_1)
FNDA:0,(anonymous_2)
DA:1,2
DA:4,0
DA:5,0
DA:6,0
DA:8,0
DA:12,0
DA:13,0
DA:14,0
DA:18,0
DA:20,0
DA:24,0
DA:25,0
DA:26,0
DA:27,0
DA:28,0
DA:30,0
DA:35,2
LF:17
LH:2
BRF:0
BRH:0
end_of_record
TN:
SF:controllers\userController.js
FN:7,(anonymous_0)
FN:17,(anonymous_1)
FN:35,(anonymous_2)
FN:52,(anonymous_3)
FN:84,(anonymous_4)
FN:94,(anonymous_5)
FN:107,(anonymous_6)
FN:122,(anonymous_7)
FN:139,oo_cm
FN:139,oo_oo
FN:139,oo_tr
FN:139,oo_ts
FN:139,oo_te
FNF:13
FNH:9
FNDA:12,(anonymous_0)
FNDA:7,(anonymous_1)
FNDA:10,(anonymous_2)
FNDA:0,(anonymous_3)
FNDA:3,(anonymous_4)
FNDA:1,(anonymous_5)
FNDA:3,(anonymous_6)
FNDA:1,(anonymous_7)
FNDA:26,oo_cm
FNDA:26,oo_oo
FNDA:0,oo_tr
FNDA:0,oo_ts
FNDA:0,oo_te
DA:1,2
DA:2,2
DA:3,2
DA:4,2
DA:5,2
DA:8,12
DA:9,12
DA:10,12
DA:11,1
DA:13,11
DA:14,11
DA:18,7
DA:19,7
DA:20,7
DA:21,3
DA:22,3
DA:23,2
DA:24,2
DA:25,1
DA:27,1
DA:29,1
DA:30,1
DA:32,6
DA:36,10
DA:37,10
DA:38,10
DA:39,6
DA:40,6
DA:41,5
DA:42,5
DA:43,4
DA:44,4
DA:45,1
DA:46,1
DA:48,9
DA:49,9
DA:53,0
DA:54,0
DA:55,0
DA:56,0
DA:60,0
DA:61,0
DA:72,0
DA:75,0
DA:76,0
DA:77,0
DA:79,0
DA:81,0
DA:85,3
DA:86,3
DA:87,3
DA:88,1
DA:90,2
DA:91,2
DA:95,1
DA:96,1
DA:101,1
DA:103,0
DA:104,0
DA:108,3
DA:109,3
DA:110,3
DA:111,2
DA:113,1
DA:117,1
DA:119,2
DA:123,1
DA:124,1
DA:125,1
DA:127,0
DA:132,2
DA:139,26
LF:72
LH:57
BRDA:20,0,0,4
BRDA:20,0,1,3
BRDA:20,1,0,7
BRDA:20,1,1,5
BRDA:22,2,0,1
BRDA:22,2,1,2
BRDA:24,3,0,1
BRDA:24,3,1,1
BRDA:38,4,0,4
BRDA:38,4,1,6
BRDA:38,5,0,10
BRDA:38,5,1,8
BRDA:40,6,0,1
BRDA:40,6,1,5
BRDA:42,7,0,1
BRDA:42,7,1,4
BRDA:44,8,0,3
BRDA:44,8,1,1
BRDA:76,9,0,0
BRDA:76,9,1,0
BRDA:110,10,0,2
BRDA:110,10,1,1
BRDA:139,11,0,26
BRDA:139,11,1,1
BRF:24
BRH:22
end_of_record
TN:
SF:controllers\vehicleController.js
FN:4,(anonymous_0)
FN:25,(anonymous_1)
FN:53,(anonymous_2)
FN:71,(anonymous_3)
FN:88,(anonymous_4)
FN:123,oo_cm
FN:123,oo_oo
FN:123,oo_tr
FN:123,oo_ts
FN:123,oo_te
FNF:10
FNH:0
FNDA:0,(anonymous_0)
FNDA:0,(anonymous_1)
FNDA:0,(anonymous_2)
FNDA:0,(anonymous_3)
FNDA:0,(anonymous_4)
FNDA:0,oo_cm
FNDA:0,oo_oo
FNDA:0,oo_tr
FNDA:0,oo_ts
FNDA:0,oo_te
DA:1,2
DA:5,0
DA:6,0
DA:19,0
DA:21,0
DA:22,0
DA:26,0
DA:28,0
DA:29,0
DA:45,0
DA:46,0
DA:48,0
DA:50,0
DA:54,0
DA:56,0
DA:58,0
DA:66,0
DA:68,0
DA:72,0
DA:73,0
DA:74,0
DA:75,0
DA:76,0
DA:78,0
DA:83,0
DA:85,0
DA:89,0
DA:90,0
DA:92,0
DA:94,0
DA:95,0
DA:96,0
DA:98,0
DA:109,0
DA:111,0
DA:116,2
DA:123,0
LF:37
LH:2
BRDA:45,0,0,0
BRDA:45,0,1,0
BRDA:75,1,0,0
BRDA:75,1,1,0
BRDA:95,2,0,0
BRDA:95,2,1,0
BRDA:123,3,0,0
BRDA:123,3,1,0
BRF:8
BRH:0
end_of_record
TN:
SF:helpers\bcrypt.js
FN:2,(anonymous_0)
FN:7,(anonymous_1)
FNF:2
FNH:2
FNDA:12,(anonymous_0)
FNDA:7,(anonymous_1)
DA:1,2
DA:2,2
DA:3,12
DA:4,12
DA:5,12
DA:7,2
DA:8,7
DA:11,2
LF:8
LH:8
BRF:0
BRH:0
end_of_record
TN:
SF:helpers\jwt.js
FN:4,(anonymous_0)
FN:7,(anonymous_1)
FNF:2
FNH:2
FNDA:2,(anonymous_0)
FNDA:12,(anonymous_1)
DA:1,2
DA:2,2
DA:4,2
DA:5,2
DA:7,2
DA:8,12
DA:11,2
LF:7
LH:7
BRF:0
BRH:0
end_of_record
TN:
SF:helpers\nodemailer.js
FN:10,sendOTPByEmail
FN:26,generateOTP
FN:43,oo_cm
FN:43,oo_oo
FN:43,oo_tr
FN:43,oo_ts
FN:43,oo_te
FNF:7
FNH:4
FNDA:1,sendOTPByEmail
FNDA:1,generateOTP
FNDA:1,oo_cm
FNDA:1,oo_oo
FNDA:0,oo_tr
FNDA:0,oo_ts
FNDA:0,oo_te
DA:1,2
DA:3,2
DA:11,1
DA:12,1
DA:18,1
DA:19,1
DA:21,0
DA:22,0
DA:27,1
DA:28,1
DA:29,4
DA:30,4
DA:32,1
DA:33,1
DA:36,2
DA:43,1
LF:16
LH:14
BRDA:43,0,0,1
BRDA:43,0,1,0
BRF:2
BRH:1
end_of_record
TN:
SF:middlewares\errorHandler.js
FN:1,(anonymous_0)
FN:47,oo_cm
FN:47,oo_oo
FN:47,oo_tr
FN:47,oo_ts
FN:47,oo_te
FNF:6
FNH:3
FNDA:38,(anonymous_0)
FNDA:38,oo_cm
FNDA:38,oo_oo
FNDA:0,oo_tr
FNDA:0,oo_ts
FNDA:0,oo_te
DA:1,2
DA:2,38
DA:3,38
DA:4,38
DA:5,38
DA:6,13
DA:7,13
DA:8,25
DA:9,4
DA:10,4
DA:11,21
DA:12,2
DA:13,2
DA:14,19
DA:15,8
DA:16,8
DA:17,11
DA:18,0
DA:19,0
DA:20,11
DA:21,2
DA:22,2
DA:23,9
DA:24,3
DA:25,3
DA:26,6
DA:30,2
DA:31,2
DA:32,4
DA:33,4
DA:34,4
DA:37,38
DA:40,2
DA:47,38
LF:34
LH:32
BRDA:5,0,0,13
BRDA:5,0,1,25
BRDA:5,1,0,38
BRDA:5,1,1,26
BRDA:8,2,0,4
BRDA:8,2,1,21
BRDA:11,3,0,2
BRDA:11,3,1,19
BRDA:14,4,0,8
BRDA:14,4,1,11
BRDA:14,5,0,19
BRDA:14,5,1,15
BRDA:17,6,0,0
BRDA:17,6,1,11
BRDA:20,7,0,2
BRDA:20,7,1,9
BRDA:23,8,0,3
BRDA:23,8,1,6
BRDA:26,9,0,2
BRDA:26,9,1,4
BRDA:27,10,0,6
BRDA:27,10,1,5
BRDA:32,11,0,4
BRDA:32,11,1,0
BRDA:47,12,0,38
BRDA:47,12,1,0
BRF:26
BRH:23
end_of_record
TN:
SF:middlewares\loginAuthentication.js
FN:3,authentication
FN:32,oo_cm
FN:32,oo_oo
FN:32,oo_tr
FN:32,oo_ts
FN:32,oo_te
FNF:6
FNH:3
FNDA:16,authentication
FNDA:8,oo_cm
FNDA:8,oo_oo
FNDA:0,oo_tr
FNDA:0,oo_ts
FNDA:0,oo_te
DA:1,2
DA:2,2
DA:4,16
DA:5,16
DA:6,16
DA:7,4
DA:9,12
DA:10,8
DA:11,8
DA:12,0
DA:14,8
DA:18,8
DA:19,8
DA:21,8
DA:25,2
DA:32,8
LF:16
LH:15
BRDA:6,0,0,4
BRDA:6,0,1,12
BRDA:11,1,0,0
BRDA:11,1,1,8
BRDA:32,2,0,8
BRDA:32,2,1,0
BRF:6
BRH:4
end_of_record
TN:
SF:models\category.js
FN:3,(anonymous_0)
FN:5,(anonymous_1)
FNF:2
FNH:2
FNDA:2,(anonymous_0)
FNDA:2,(anonymous_1)
DA:2,2
DA:3,2
DA:6,2
DA:9,2
DA:19,2
LF:5
LH:5
BRF:0
BRH:0
end_of_record
TN:
SF:models\index.js
FN:20,(anonymous_0)
FN:23,(anonymous_1)
FN:28,(anonymous_2)
FNF:3
FNH:3
FNDA:16,(anonymous_0)
FNDA:14,(anonymous_1)
FNDA:14,(anonymous_2)
DA:3,2
DA:4,2
DA:5,2
DA:6,2
DA:7,2
DA:8,2
DA:9,2
DA:10,2
DA:13,2
DA:14,0
DA:16,2
DA:19,2
DA:21,16
DA:24,14
DA:25,14
DA:28,2
DA:29,14
DA:30,14
DA:34,2
DA:35,2
DA:37,2
LF:21
LH:20
BRDA:8,0,0,2
BRDA:8,0,1,0
BRDA:13,1,0,0
BRDA:13,1,1,2
BRDA:21,2,0,16
BRDA:21,2,1,16
BRDA:21,2,2,14
BRDA:21,2,3,14
BRDA:29,3,0,14
BRDA:29,3,1,0
BRF:10
BRH:7
end_of_record
TN:
SF:models\order.js
FN:3,(anonymous_0)
FN:5,(anonymous_1)
FNF:2
FNH:2
FNDA:2,(anonymous_0)
FNDA:2,(anonymous_1)
DA:2,2
DA:3,2
DA:6,2
DA:7,2
DA:10,2
DA:48,2
LF:6
LH:6
BRF:0
BRH:0
end_of_record
TN:
SF:models\review.js
FN:3,(anonymous_0)
FN:5,(anonymous_1)
FNF:2
FNH:2
FNDA:2,(anonymous_0)
FNDA:2,(anonymous_1)
DA:2,2
DA:3,2
DA:6,2
DA:7,2
DA:10,2
DA:55,2
LF:6
LH:6
BRF:0
BRH:0
end_of_record
TN:
SF:models\specification.js
FN:3,(anonymous_0)
FN:10,(anonymous_1)
FNF:2
FNH:2
FNDA:2,(anonymous_0)
FNDA:2,(anonymous_1)
DA:2,2
DA:3,2
DA:11,2
DA:14,2
DA:25,2
LF:5
LH:5
BRF:0
BRH:0
end_of_record
TN:
SF:models\user.js
FN:4,(anonymous_0)
FN:6,(anonymous_1)
FN:79,(anonymous_2)
FNF:3
FNH:3
FNDA:2,(anonymous_0)
FNDA:2,(anonymous_1)
FNDA:2,(anonymous_2)
DA:2,2
DA:3,2
DA:4,2
DA:7,2
DA:8,2
DA:9,2
DA:10,2
DA:13,2
DA:79,2
DA:80,2
DA:82,2
LF:11
LH:11
BRF:0
BRH:0
end_of_record
TN:
SF:models\userprofile.js
FN:3,(anonymous_0)
FN:5,(anonymous_1)
FNF:2
FNH:2
FNDA:2,(anonymous_0)
FNDA:2,(anonymous_1)
DA:2,2
DA:3,2
DA:6,2
DA:9,2
DA:32,2
LF:5
LH:5
BRF:0
BRH:0
end_of_record
TN:
SF:models\vehicle.js
FN:3,(anonymous_0)
FN:5,(anonymous_1)
FNF:2
FNH:2
FNDA:2,(anonymous_0)
FNDA:2,(anonymous_1)
DA:2,2
DA:3,2
DA:6,2
DA:7,2
DA:8,2
DA:9,2
DA:10,2
DA:13,2
DA:62,2
LF:9
LH:9
BRF:0
BRH:0
end_of_record
TN:
SF:routes\index.js
FNF:0
FNH:0
DA:1,2
DA:2,2
DA:3,2
DA:4,2
DA:5,2
DA:6,2
DA:7,2
DA:9,2
DA:10,2
DA:11,2
DA:12,2
DA:17,2
DA:22,2
LF:13
LH:13
BRF:0
BRH:0
end_of_record
TN:
SF:routes\orderRoute.js
FNF:0
FNH:0
DA:1,2
DA:3,2
DA:4,2
DA:7,2
DA:8,2
DA:9,2
DA:10,2
DA:11,2
DA:14,2
LF:9
LH:9
BRF:0
BRH:0
end_of_record
TN:
SF:routes\reviewRoute.js
FNF:0
FNH:0
DA:1,2
DA:3,2
DA:4,2
DA:7,2
DA:8,2
DA:9,2
DA:11,2
LF:7
LH:7
BRF:0
BRH:0
end_of_record
TN:
SF:routes\userRoute.js
FNF:0
FNH:0
DA:1,2
DA:2,2
DA:3,2
DA:5,2
DA:6,2
DA:7,2
DA:8,2
DA:10,2
LF:8
LH:8
BRF:0
BRH:0
end_of_record
TN:
SF:routes\vehicleRoute.js
FNF:0
FNH:0
DA:1,2
DA:3,2
DA:4,2
DA:6,2
DA:7,2
DA:8,2
DA:10,2
DA:12,2
LF:8
LH:8
BRF:0
BRH:0
end_of_record
