TN:
SF:app.js
FNF:0
FNH:0
DA:1,4
DA:2,4
DA:5,4
DA:6,4
DA:7,4
DA:8,4
DA:9,4
DA:11,4
DA:12,4
DA:13,4
DA:15,4
DA:16,4
DA:19,4
LF:13
LH:13
BRDA:1,0,0,4
BRDA:1,0,1,0
BRF:2
BRH:1
end_of_record
TN:
SF:controllers\orderController.js
FN:8,(anonymous_0)
FN:46,(anonymous_1)
FN:87,(anonymous_2)
FN:126,(anonymous_3)
FN:161,(anonymous_4)
FN:203,(anonymous_5)
FN:216,(anonymous_6)
FN:227,(anonymous_7)
FN:255,(anonymous_8)
FN:288,(anonymous_9)
FNF:10
FNH:9
FNDA:2,(anonymous_0)
FNDA:2,(anonymous_1)
FNDA:7,(anonymous_2)
FNDA:2,(anonymous_3)
FNDA:2,(anonymous_4)
FNDA:2,(anonymous_5)
FNDA:3,(anonymous_6)
FNDA:0,(anonymous_7)
FNDA:2,(anonymous_8)
FNDA:2,(anonymous_9)
DA:1,4
DA:2,4
DA:3,4
DA:4,4
DA:5,4
DA:9,2
DA:12,2
DA:32,2
DA:33,1
DA:40,1
DA:42,1
DA:47,2
DA:48,2
DA:51,2
DA:73,2
DA:74,1
DA:81,1
DA:83,1
DA:88,7
DA:89,7
DA:90,7
DA:91,7
DA:92,7
DA:93,1
DA:95,6
DA:96,0
DA:98,6
DA:102,6
DA:103,1
DA:105,5
DA:106,1
DA:108,4
DA:109,4
DA:110,4
DA:119,2
DA:120,2
DA:122,5
DA:127,2
DA:128,2
DA:129,2
DA:130,2
DA:131,0
DA:132,0
DA:134,2
DA:135,2
DA:138,2
DA:139,2
DA:140,1
DA:142,1
DA:148,1
DA:149,1
DA:155,1
DA:157,1
DA:162,2
DA:163,2
DA:166,2
DA:168,2
DA:169,1
DA:172,1
DA:197,1
DA:199,1
DA:204,2
DA:207,2
DA:215,2
DA:216,3
DA:217,1
DA:222,1
DA:224,1
DA:225,3
DA:226,3
DA:227,3
DA:228,3
DA:239,3
DA:241,1
DA:244,1
DA:249,1
DA:251,1
DA:256,2
DA:257,2
DA:258,2
DA:259,1
DA:262,1
DA:267,1
DA:281,1
DA:282,0
DA:284,2
DA:289,2
DA:293,2
DA:313,2
DA:314,1
DA:321,1
DA:323,1
DA:328,4
LF:93
LH:89
BRDA:32,0,0,1
BRDA:32,0,1,1
BRDA:73,1,0,1
BRDA:73,1,1,1
BRDA:92,2,0,1
BRDA:92,2,1,6
BRDA:95,3,0,0
BRDA:95,3,1,6
BRDA:102,4,0,1
BRDA:102,4,1,5
BRDA:102,5,0,6
BRDA:102,5,1,4
BRDA:105,6,0,1
BRDA:105,6,1,4
BRDA:105,7,0,5
BRDA:105,7,1,2
BRDA:130,8,0,0
BRDA:130,8,1,2
BRDA:139,9,0,1
BRDA:139,9,1,1
BRDA:148,10,0,1
BRDA:148,10,1,0
BRDA:168,11,0,1
BRDA:168,11,1,1
BRDA:215,12,0,1
BRDA:215,12,1,1
BRDA:227,13,0,0
BRDA:227,13,1,3
BRDA:258,14,0,1
BRDA:258,14,1,1
BRDA:313,15,0,1
BRDA:313,15,1,1
BRF:32
BRH:28
end_of_record
TN:
SF:controllers\reviewController.js
FN:4,(anonymous_0)
FN:28,(anonymous_1)
FN:51,(anonymous_2)
FNF:3
FNH:3
FNDA:1,(anonymous_0)
FNDA:2,(anonymous_1)
FNDA:3,(anonymous_2)
DA:1,4
DA:2,4
DA:5,1
DA:8,1
DA:18,1
DA:23,1
DA:25,0
DA:29,2
DA:30,2
DA:31,2
DA:32,2
DA:33,1
DA:37,1
DA:41,1
DA:46,1
DA:48,1
DA:52,3
DA:53,3
DA:54,3
DA:55,3
DA:61,1
DA:62,1
DA:63,1
DA:65,2
DA:70,4
LF:25
LH:24
BRDA:32,0,0,1
BRDA:32,0,1,1
BRF:2
BRH:2
end_of_record
TN:
SF:controllers\userController.js
FN:8,(anonymous_0)
FN:18,(anonymous_1)
FN:37,(anonymous_2)
FN:54,(anonymous_3)
FN:76,(anonymous_4)
FN:100,(anonymous_5)
FN:111,(anonymous_6)
FN:128,(anonymous_7)
FN:147,oo_cm
FN:147,oo_oo
FN:147,oo_tr
FN:147,oo_ts
FN:147,oo_te
FNF:13
FNH:9
FNDA:12,(anonymous_0)
FNDA:7,(anonymous_1)
FNDA:10,(anonymous_2)
FNDA:3,(anonymous_3)
FNDA:1,(anonymous_4)
FNDA:0,(anonymous_5)
FNDA:3,(anonymous_6)
FNDA:1,(anonymous_7)
FNDA:4,oo_cm
FNDA:4,oo_oo
FNDA:0,oo_tr
FNDA:0,oo_ts
FNDA:0,oo_te
DA:1,4
DA:2,4
DA:3,4
DA:4,4
DA:5,4
DA:9,12
DA:10,12
DA:11,12
DA:12,1
DA:14,11
DA:19,7
DA:20,7
DA:21,7
DA:22,3
DA:23,3
DA:24,2
DA:25,2
DA:26,1
DA:28,1
DA:30,1
DA:31,1
DA:33,6
DA:38,10
DA:39,10
DA:40,10
DA:41,6
DA:42,6
DA:43,5
DA:44,5
DA:45,4
DA:46,4
DA:47,1
DA:48,1
DA:50,9
DA:55,3
DA:57,3
DA:58,1
DA:60,2
DA:61,1
DA:63,1
DA:70,1
DA:72,2
DA:77,1
DA:79,1
DA:98,1
DA:99,1
DA:100,1
DA:103,1
DA:105,1
DA:107,0
DA:112,3
DA:113,3
DA:114,3
DA:115,1
DA:117,2
DA:118,1
DA:120,1
DA:122,1
DA:124,2
DA:129,1
DA:131,1
DA:132,1
DA:135,0
DA:140,4
DA:147,4
LF:65
LH:63
BRDA:21,0,0,4
BRDA:21,0,1,3
BRDA:21,1,0,7
BRDA:21,1,1,5
BRDA:23,2,0,1
BRDA:23,2,1,2
BRDA:25,3,0,1
BRDA:25,3,1,1
BRDA:40,4,0,4
BRDA:40,4,1,6
BRDA:40,5,0,10
BRDA:40,5,1,8
BRDA:42,6,0,1
BRDA:42,6,1,5
BRDA:44,7,0,1
BRDA:44,7,1,4
BRDA:46,8,0,3
BRDA:46,8,1,1
BRDA:57,9,0,1
BRDA:57,9,1,2
BRDA:60,10,0,1
BRDA:60,10,1,1
BRDA:114,11,0,1
BRDA:114,11,1,2
BRDA:117,12,0,1
BRDA:117,12,1,1
BRDA:147,13,0,4
BRDA:147,13,1,0
BRF:28
BRH:27
end_of_record
TN:
SF:controllers\vehicleController.js
FN:6,(anonymous_0)
FN:39,(anonymous_1)
FN:41,(anonymous_2)
FN:54,(anonymous_3)
FN:58,(anonymous_4)
FN:79,(anonymous_5)
FN:101,(anonymous_6)
FN:106,(anonymous_7)
FN:117,(anonymous_8)
FN:128,(anonymous_9)
FN:131,(anonymous_10)
FN:173,(anonymous_11)
FN:176,(anonymous_12)
FN:190,(anonymous_13)
FN:205,(anonymous_14)
FN:226,(anonymous_15)
FN:255,(anonymous_16)
FN:280,oo_cm
FN:280,oo_oo
FN:280,oo_tr
FN:280,oo_ts
FN:280,oo_te
FNF:22
FNH:18
FNDA:6,(anonymous_0)
FNDA:26,(anonymous_1)
FNDA:0,(anonymous_2)
FNDA:66,(anonymous_3)
FNDA:191,(anonymous_4)
FNDA:2,(anonymous_5)
FNDA:1,(anonymous_6)
FNDA:20,(anonymous_7)
FNDA:2,(anonymous_8)
FNDA:2,(anonymous_9)
FNDA:2,(anonymous_10)
FNDA:3,(anonymous_11)
FNDA:3,(anonymous_12)
FNDA:1,(anonymous_13)
FNDA:2,(anonymous_14)
FNDA:2,(anonymous_15)
FNDA:1,(anonymous_16)
FNDA:3,oo_cm
FNDA:3,oo_oo
FNDA:0,oo_tr
FNDA:0,oo_ts
FNDA:0,oo_te
DA:1,4
DA:2,4
DA:3,4
DA:7,6
DA:8,6
DA:9,6
DA:26,6
DA:27,3
DA:29,6
DA:31,6
DA:32,2
DA:36,4
DA:37,2
DA:38,2
DA:39,2
DA:40,26
DA:41,26
DA:42,0
DA:43,0
DA:46,26
DA:47,26
DA:51,2
DA:54,4
DA:55,66
DA:56,66
DA:57,66
DA:58,191
DA:60,66
DA:73,4
DA:75,2
DA:80,2
DA:83,2
DA:87,2
DA:88,0
DA:95,2
DA:97,0
DA:102,1
DA:105,1
DA:106,20
DA:112,1
DA:114,0
DA:118,2
DA:119,2
DA:121,2
DA:122,2
DA:127,2
DA:128,1
DA:129,2
DA:131,2
DA:133,1
DA:135,2
DA:159,2
DA:160,1
DA:162,1
DA:167,1
DA:169,1
DA:174,3
DA:176,3
DA:177,3
DA:178,3
DA:189,1
DA:190,1
DA:191,1
DA:194,1
DA:198,1
DA:200,2
DA:201,2
DA:206,2
DA:207,2
DA:208,2
DA:209,2
DA:210,1
DA:212,1
DA:220,1
DA:222,1
DA:223,1
DA:227,2
DA:228,2
DA:230,2
DA:232,2
DA:233,2
DA:234,1
DA:236,1
DA:249,1
DA:251,1
DA:256,1
DA:260,1
DA:266,1
DA:268,0
DA:273,4
DA:280,3
LF:91
LH:85
BRDA:26,0,0,3
BRDA:26,0,1,3
BRDA:31,1,0,2
BRDA:31,1,1,4
BRDA:36,2,0,2
BRDA:36,2,1,2
BRDA:36,3,0,4
BRDA:36,3,1,2
BRDA:42,4,0,0
BRDA:42,4,1,0
BRDA:42,5,0,0
BRDA:42,5,1,0
BRDA:46,6,0,26
BRDA:46,6,1,0
BRDA:58,7,0,66
BRDA:58,7,1,0
BRDA:87,8,0,0
BRDA:87,8,1,2
BRDA:127,9,0,1
BRDA:127,9,1,1
BRDA:159,10,0,1
BRDA:159,10,1,1
BRDA:209,11,0,1
BRDA:209,11,1,1
BRDA:233,12,0,1
BRDA:233,12,1,1
BRDA:280,13,0,3
BRDA:280,13,1,0
BRF:28
BRH:20
end_of_record
TN:
SF:helpers\bcrypt.js
FN:2,(anonymous_0)
FN:7,(anonymous_1)
FNF:2
FNH:2
FNDA:22,(anonymous_0)
FNDA:7,(anonymous_1)
DA:1,4
DA:2,4
DA:3,22
DA:4,22
DA:5,22
DA:7,4
DA:8,7
DA:11,4
LF:8
LH:8
BRF:0
BRH:0
end_of_record
TN:
SF:helpers\jwt.js
FN:4,(anonymous_0)
FN:7,(anonymous_1)
FNF:2
FNH:2
FNDA:11,(anonymous_0)
FNDA:41,(anonymous_1)
DA:1,4
DA:2,4
DA:4,4
DA:5,11
DA:7,4
DA:8,41
DA:11,4
LF:7
LH:7
BRF:0
BRH:0
end_of_record
TN:
SF:helpers\nodemailer.js
FN:10,sendOTPByEmail
FN:26,generateOTP
FN:43,oo_cm
FN:43,oo_oo
FN:43,oo_tr
FN:43,oo_ts
FN:43,oo_te
FNF:7
FNH:4
FNDA:1,sendOTPByEmail
FNDA:1,generateOTP
FNDA:1,oo_cm
FNDA:1,oo_oo
FNDA:0,oo_tr
FNDA:0,oo_ts
FNDA:0,oo_te
DA:1,4
DA:3,4
DA:11,1
DA:12,1
DA:18,1
DA:19,1
DA:21,0
DA:22,0
DA:27,1
DA:28,1
DA:29,4
DA:30,4
DA:32,1
DA:33,1
DA:36,4
DA:43,1
LF:16
LH:14
BRDA:43,0,0,1
BRDA:43,0,1,0
BRF:2
BRH:1
end_of_record
TN:
SF:helpers\redis.js
FNF:0
FNH:0
DA:1,4
DA:2,4
DA:7,4
LF:3
LH:3
BRF:0
BRH:0
end_of_record
TN:
SF:helpers\totalDayConverter.js
FN:1,(anonymous_0)
FNF:1
FNH:1
FNDA:4,(anonymous_0)
DA:1,4
DA:2,4
DA:3,4
DA:6,4
DA:7,4
DA:8,4
DA:10,4
DA:13,4
LF:8
LH:8
BRF:0
BRH:0
end_of_record
TN:
SF:middlewares\errorHandler.js
FN:1,(anonymous_0)
FN:62,oo_cm
FN:62,oo_oo
FN:62,oo_tr
FN:62,oo_ts
FN:62,oo_te
FNF:6
FNH:3
FNDA:65,(anonymous_0)
FNDA:65,oo_cm
FNDA:65,oo_oo
FNDA:0,oo_tr
FNDA:0,oo_ts
FNDA:0,oo_te
DA:1,4
DA:2,65
DA:3,65
DA:4,65
DA:5,65
DA:6,17
DA:7,17
DA:8,48
DA:9,4
DA:10,4
DA:11,44
DA:12,2
DA:13,2
DA:14,42
DA:15,12
DA:16,12
DA:17,30
DA:18,13
DA:19,13
DA:20,17
DA:21,2
DA:22,2
DA:23,15
DA:24,2
DA:25,2
DA:26,13
DA:27,3
DA:28,3
DA:29,10
DA:30,2
DA:31,2
DA:32,8
DA:33,4
DA:34,4
DA:35,4
DA:36,1
DA:37,1
DA:38,3
DA:39,0
DA:40,0
DA:41,3
DA:42,0
DA:43,0
DA:44,3
DA:45,1
DA:46,1
DA:47,2
DA:48,1
DA:49,1
DA:52,65
DA:55,4
DA:62,65
LF:52
LH:48
BRDA:5,0,0,17
BRDA:5,0,1,48
BRDA:5,1,0,65
BRDA:5,1,1,49
BRDA:8,2,0,4
BRDA:8,2,1,44
BRDA:11,3,0,2
BRDA:11,3,1,42
BRDA:14,4,0,12
BRDA:14,4,1,30
BRDA:14,5,0,42
BRDA:14,5,1,33
BRDA:17,6,0,13
BRDA:17,6,1,17
BRDA:20,7,0,2
BRDA:20,7,1,15
BRDA:23,8,0,2
BRDA:23,8,1,13
BRDA:26,9,0,3
BRDA:26,9,1,10
BRDA:29,10,0,2
BRDA:29,10,1,8
BRDA:29,11,0,10
BRDA:29,11,1,9
BRDA:32,12,0,4
BRDA:32,12,1,4
BRDA:35,13,0,1
BRDA:35,13,1,3
BRDA:38,14,0,0
BRDA:38,14,1,3
BRDA:41,15,0,0
BRDA:41,15,1,3
BRDA:44,16,0,1
BRDA:44,16,1,2
BRDA:47,17,0,1
BRDA:47,17,1,1
BRDA:62,18,0,65
BRDA:62,18,1,4
BRF:38
BRH:36
end_of_record
TN:
SF:middlewares\loginAuthentication.js
FN:3,authentication
FNF:1
FNH:1
FNDA:49,authentication
DA:1,4
DA:2,4
DA:4,49
DA:5,49
DA:6,49
DA:7,8
DA:9,41
DA:10,38
DA:11,38
DA:12,1
DA:14,37
DA:18,37
DA:20,12
DA:24,4
LF:14
LH:14
BRDA:6,0,0,8
BRDA:6,0,1,41
BRDA:11,1,0,1
BRDA:11,1,1,37
BRF:4
BRH:4
end_of_record
TN:
SF:middlewares\uploadImage.js
FN:10,(anonymous_0)
FN:17,(anonymous_1)
FN:32,(anonymous_2)
FN:33,(anonymous_3)
FN:54,(anonymous_4)
FN:68,(anonymous_5)
FN:69,(anonymous_6)
FN:76,(anonymous_7)
FNF:8
FNH:8
FNDA:16,(anonymous_0)
FNDA:26,(anonymous_1)
FNDA:12,(anonymous_2)
FNDA:12,(anonymous_3)
FNDA:25,(anonymous_4)
FNDA:25,(anonymous_5)
FNDA:25,(anonymous_6)
FNDA:25,(anonymous_7)
DA:1,4
DA:2,4
DA:4,4
DA:10,4
DA:11,16
DA:12,16
DA:18,26
DA:19,25
DA:21,1
DA:32,16
DA:33,12
DA:34,12
DA:35,1
DA:36,1
DA:39,11
DA:40,11
DA:42,11
DA:43,29
DA:44,25
DA:45,25
DA:47,25
DA:51,11
DA:52,11
DA:54,11
DA:55,25
DA:56,25
DA:59,11
DA:61,0
DA:68,4
DA:69,25
DA:70,25
DA:77,25
DA:78,0
DA:79,0
DA:81,25
DA:89,4
LF:36
LH:33
BRDA:18,0,0,25
BRDA:18,0,1,1
BRDA:34,1,0,1
BRDA:34,1,1,11
BRDA:43,2,0,25
BRDA:43,2,1,4
BRDA:77,3,0,0
BRDA:77,3,1,25
BRF:8
BRH:7
end_of_record
TN:
SF:models\balance.js
FN:3,(anonymous_0)
FN:5,(anonymous_1)
FNF:2
FNH:2
FNDA:4,(anonymous_0)
FNDA:4,(anonymous_1)
DA:2,4
DA:3,4
DA:6,4
DA:7,4
DA:10,4
DA:21,4
LF:6
LH:6
BRF:0
BRH:0
end_of_record
TN:
SF:models\category.js
FN:3,(anonymous_0)
FN:5,(anonymous_1)
FNF:2
FNH:2
FNDA:4,(anonymous_0)
FNDA:4,(anonymous_1)
DA:2,4
DA:3,4
DA:6,4
DA:9,4
DA:19,4
LF:5
LH:5
BRF:0
BRH:0
end_of_record
TN:
SF:models\index.js
FN:20,(anonymous_0)
FN:23,(anonymous_1)
FN:28,(anonymous_2)
FNF:3
FNH:3
FNDA:36,(anonymous_0)
FNDA:32,(anonymous_1)
FNDA:32,(anonymous_2)
DA:3,4
DA:4,4
DA:5,4
DA:6,4
DA:7,4
DA:8,4
DA:9,4
DA:10,4
DA:13,4
DA:14,0
DA:16,4
DA:19,4
DA:21,36
DA:24,32
DA:25,32
DA:28,4
DA:29,32
DA:30,32
DA:34,4
DA:35,4
DA:37,4
LF:21
LH:20
BRDA:8,0,0,4
BRDA:8,0,1,0
BRDA:13,1,0,0
BRDA:13,1,1,4
BRDA:21,2,0,36
BRDA:21,2,1,36
BRDA:21,2,2,32
BRDA:21,2,3,32
BRDA:29,3,0,32
BRDA:29,3,1,0
BRF:10
BRH:7
end_of_record
TN:
SF:models\order.js
FN:3,(anonymous_0)
FN:5,(anonymous_1)
FNF:2
FNH:2
FNDA:4,(anonymous_0)
FNDA:4,(anonymous_1)
DA:2,4
DA:3,4
DA:6,4
DA:7,4
DA:8,4
DA:11,4
DA:52,4
LF:7
LH:7
BRF:0
BRH:0
end_of_record
TN:
SF:models\review.js
FN:3,(anonymous_0)
FN:5,(anonymous_1)
FNF:2
FNH:2
FNDA:4,(anonymous_0)
FNDA:4,(anonymous_1)
DA:2,4
DA:3,4
DA:6,4
DA:7,4
DA:10,4
DA:55,4
LF:6
LH:6
BRF:0
BRH:0
end_of_record
TN:
SF:models\specification.js
FN:3,(anonymous_0)
FN:10,(anonymous_1)
FNF:2
FNH:2
FNDA:4,(anonymous_0)
FNDA:4,(anonymous_1)
DA:2,4
DA:3,4
DA:11,4
DA:14,4
DA:25,4
LF:5
LH:5
BRF:0
BRH:0
end_of_record
TN:
SF:models\user.js
FN:4,(anonymous_0)
FN:6,(anonymous_1)
FN:80,(anonymous_2)
FNF:3
FNH:3
FNDA:4,(anonymous_0)
FNDA:4,(anonymous_1)
FNDA:2,(anonymous_2)
DA:2,4
DA:3,4
DA:4,4
DA:7,4
DA:8,4
DA:9,4
DA:10,4
DA:11,4
DA:14,4
DA:80,4
DA:81,2
DA:83,4
LF:12
LH:12
BRF:0
BRH:0
end_of_record
TN:
SF:models\userprofile.js
FN:3,(anonymous_0)
FN:5,(anonymous_1)
FNF:2
FNH:2
FNDA:4,(anonymous_0)
FNDA:4,(anonymous_1)
DA:2,4
DA:3,4
DA:6,4
DA:9,4
DA:44,4
LF:5
LH:5
BRF:0
BRH:0
end_of_record
TN:
SF:models\vehicle.js
FN:3,(anonymous_0)
FN:5,(anonymous_1)
FNF:2
FNH:2
FNDA:4,(anonymous_0)
FNDA:4,(anonymous_1)
DA:2,4
DA:3,4
DA:6,4
DA:7,4
DA:8,4
DA:9,4
DA:10,4
DA:13,4
DA:74,4
LF:9
LH:9
BRF:0
BRH:0
end_of_record
TN:
SF:routes\index.js
FNF:0
FNH:0
DA:1,4
DA:2,4
DA:3,4
DA:4,4
DA:5,4
DA:6,4
DA:7,4
DA:8,4
DA:9,4
DA:11,4
DA:12,4
DA:13,4
DA:15,4
DA:16,4
DA:17,4
DA:23,4
DA:24,4
DA:25,4
DA:26,4
DA:28,4
LF:20
LH:20
BRF:0
BRH:0
end_of_record
TN:
SF:routes\orderRoute.js
FNF:0
FNH:0
DA:1,4
DA:3,4
DA:4,4
DA:6,4
DA:7,4
DA:8,4
DA:9,4
DA:10,4
DA:11,4
DA:12,4
DA:14,4
LF:11
LH:11
BRF:0
BRH:0
end_of_record
TN:
SF:routes\reviewRoute.js
FNF:0
FNH:0
DA:1,4
DA:3,4
DA:4,4
DA:6,4
DA:7,4
DA:8,4
DA:10,4
LF:7
LH:7
BRF:0
BRH:0
end_of_record
TN:
SF:routes\userRoute.js
FNF:0
FNH:0
DA:1,4
DA:2,4
DA:3,4
DA:4,4
DA:6,4
DA:7,4
DA:8,4
DA:9,4
DA:11,4
LF:9
LH:9
BRF:0
BRH:0
end_of_record
TN:
SF:routes\vehicleRoute.js
FNF:0
FNH:0
DA:1,4
DA:3,4
DA:4,4
DA:5,4
DA:7,4
DA:8,4
DA:9,4
DA:10,4
DA:11,4
DA:12,4
DA:13,4
DA:15,4
LF:12
LH:12
BRF:0
BRH:0
end_of_record
